#                                                                             --- full sequence ---- --- best 1 domain ---- --- domain number estimation ----
# target name                      accession  query name           accession    E-value  score  bias   E-value  score  bias   exp reg clu  ov env dom rep inc description of target
#              ------------------- ---------- -------------------- ---------- --------- ------ ----- --------- ------ -----   --- --- --- --- --- --- --- --- ---------------------
lcl|ABDM02000062.1_prot_EDX59833.1_294    -          group_108_clustal    -              0.036   14.2   0.5     0.045   13.9   0.5   1.2   1   0   0   1   1   1   0 [locus_tag=BC03BB108_B0308] [protein=transposition regulatory protein TnpC] [protein_id=EDX59833.1] [location=complement(259358..259738)] [gbkey=CDS]
lcl|AE017195.1_prot_AAS44852.1_3          -          group_108_clustal    -              0.036   14.2   0.5     0.045   13.9   0.5   1.2   1   0   0   1   1   1   0 [locus_tag=BCE_A0002] [protein=Tn554related, transposase C] [protein_id=AAS44852.1] [location=2797..3177] [gbkey=CDS]
lcl|CP009638.1_prot_AJI08612.1_71         -          group_108_clustal    -              0.036   14.2   0.5     0.045   13.9   0.5   1.2   1   0   0   1   1   1   0 [locus_tag=AK40_6218] [protein=putative transposition regulatory protein TnpC] [protein_id=AJI08612.1] [location=complement(43959..44339)] [gbkey=CDS]
lcl|CP009639.1_prot_AJI08932.1_170        -          group_108_clustal    -              0.036   14.2   0.5     0.045   13.9   0.5   1.2   1   0   0   1   1   1   0 [locus_tag=AK40_5666] [protein=putative transposition regulatory protein TnpC] [protein_id=AJI08932.1] [location=complement(139360..139740)] [gbkey=CDS]
lcl|NC_005707.1_prot_WP_000205101.1_3     -          group_108_clustal    -              0.036   14.2   0.5     0.045   13.9   0.5   1.2   1   0   0   1   1   1   0 [locus_tag=BCE_RS27030] [protein=hypothetical protein] [protein_id=WP_000205101.1] [location=2797..3177] [gbkey=CDS]
lcl|NZ_CP009638.1_prot_WP_000205101.1_58  -          group_108_clustal    -              0.036   14.2   0.5     0.045   13.9   0.5   1.2   1   0   0   1   1   1   0 [locus_tag=AK40_RS01630] [protein=hypothetical protein] [protein_id=WP_000205101.1] [location=complement(43959..44339)] [gbkey=CDS]
lcl|NZ_CP009639.1_prot_WP_000205101.1_152 -          group_108_clustal    -              0.036   14.2   0.5     0.045   13.9   0.5   1.2   1   0   0   1   1   1   0 [locus_tag=AK40_RS02515] [protein=hypothetical protein] [protein_id=WP_000205101.1] [location=complement(139360..139740)] [gbkey=CDS]
lcl|CP003748.1_prot_AFQ13111.1_51         -          group_108_clustal    -              0.058   13.5   0.9     0.062   13.4   0.9   1.2   1   0   0   1   1   1   0 [locus_tag=BCK_26508] [protein=Tn554related, transposase C] [protein_id=AFQ13111.1] [location=complement(58055..58435)] [gbkey=CDS]
lcl|CP016317.1_prot_ASI81060.1_173        -          group_108_clustal    -              0.058   13.5   0.9     0.062   13.4   0.9   1.2   1   0   0   1   1   1   0 [locus_tag=BA202_27825] [protein=transposase] [protein_id=ASI81060.1] [location=193839..194219] [gbkey=CDS]
lcl|NC_018492.1_prot_WP_000179341.1_51    -          group_108_clustal    -              0.058   13.5   0.9     0.062   13.4   0.9   1.2   1   0   0   1   1   1   0 [locus_tag=BCK_RS26795] [protein=hypothetical protein] [protein_id=WP_000179341.1] [location=complement(58055..58435)] [gbkey=CDS]
lcl|NZ_CP016317.1_prot_WP_000179341.1_166 -          group_108_clustal    -              0.058   13.5   0.9     0.062   13.4   0.9   1.2   1   0   0   1   1   1   0 [locus_tag=BA202_RS28840] [protein=hypothetical protein] [protein_id=WP_000179341.1] [location=193839..194219] [gbkey=CDS]
lcl|CP011157.1_prot_ANC23043.1_124        -          group_108_clustal    -               0.18   11.9   0.0      0.25   11.5   0.0   1.1   1   0   0   1   1   1   0 [locus_tag=WR52_30550] [protein=hypothetical protein] [protein_id=ANC23043.1] [location=complement(136084..136593)] [gbkey=CDS]
lcl|NZ_CP011157.1_prot_WP_063539223.1_142 -          group_108_clustal    -               0.18   11.9   0.0      0.25   11.5   0.0   1.1   1   0   0   1   1   1   0 [locus_tag=WR52_RS29860] [protein=hypothetical protein] [protein_id=WP_063539223.1] [location=complement(136084..136593)] [gbkey=CDS]
lcl|CP020938.1_prot_ARO21511.1_233        -          group_110_clustal    -             0.0021   18.6   0.0    0.0045   17.6   0.0   1.5   1   1   0   1   1   1   1 [locus_tag=B2J90_29400] [protein=phage major capsid protein] [protein_id=ARO21511.1] [location=202485..203591] [gbkey=CDS]
lcl|NZ_CP020938.1_prot_WP_085782832.1_239 -          group_110_clustal    -             0.0021   18.6   0.0    0.0045   17.6   0.0   1.5   1   1   0   1   1   1   1 [locus_tag=B2J90_RS29390] [protein=phage major capsid protein] [protein_id=WP_085782832.1] [location=202485..203591] [gbkey=CDS]
lcl|NC_011973.1_prot_WP_000671214.1_142   -          group_110_clustal    -               0.16   12.5   0.1       1.6    9.3   0.0   2.0   2   0   0   2   2   2   0 [locus_tag=BCQ_RS27665] [protein=hypothetical protein] [protein_id=WP_000671214.1] [location=154715..155311] [gbkey=CDS]
lcl|CP000228.1_prot_ACM15880.1_146        -          group_110_clustal    -               0.17   12.4   0.1       1.6    9.2   0.0   2.0   2   0   0   2   2   2   0 [locus_tag=BCQ_PI146] [protein=conserved hypothetical protein] [protein_id=ACM15880.1] [location=154706..155311] [gbkey=CDS]
lcl|NZ_PHQW02000015.1_prot_69            -          group_111_clustal    -               0.47   11.5   0.4      0.76   10.9   0.4   1.2   1   0   0   1   1   1   0 [locus_tag=CR195_RS27100] [protein=HlyD family efflux transporter periplasmic adaptor subunit] [pseudo=true] [location=complement(63464..64776)] [gbkey=CDS]
lcl|PHQW02000015.1_prot_71               -          group_111_clustal    -               0.47   11.5   0.4      0.76   10.9   0.4   1.2   1   0   0   1   1   1   0 [locus_tag=CR195_028060] [protein=hemolysin D] [pseudo=true] [location=complement(63464..64776)] [gbkey=CDS]
lcl|LYVD01000048.1_prot_OBW84756.1_3     -          group_111_clustal    -               0.78   10.8   2.5      0.66   11.1   0.8   1.6   2   0   0   2   2   2   0 [locus_tag=A9L49_30975] [protein=hypothetical protein] [protein_id=OBW84756.1] [location=1583..1828] [gbkey=CDS]
lcl|CP020938.1_prot_ARO21322.1_22        -          group_111_clustal    -                6.4    7.9   6.8       3.2    8.9   0.8   2.1   2   0   0   2   2   2   0 [locus_tag=B2J90_28260] [protein=hypothetical protein] [protein_id=ARO21322.1] [location=complement(37421..37627)] [gbkey=CDS]
lcl|NZ_CP020938.1_prot_WP_085782649.1_23 -          group_111_clustal    -                6.4    7.9   6.8       3.2    8.9   0.8   2.1   2   0   0   2   2   2   0 [locus_tag=B2J90_RS28250] [protein=hypothetical protein] [protein_id=WP_085782649.1] [location=complement(37421..37627)] [gbkey=CDS]
lcl|NZ_CP040335.1_prot_WP_000588590.1_41 -          group_113_clustal    -               0.28   10.9   0.0      0.44   10.3   0.0   1.2   1   0   0   1   1   1   0 [locus_tag=EUC39_RS27140] [protein=phage major capsid protein] [protein_id=WP_000588590.1] [location=complement(34387..35511)] [gbkey=CDS]
lcl|NZ_CP040335.1_prot_WP_000588590.1_41  -          group_116_clustal    -              0.091   12.3   0.2      0.71    9.4   0.0   2.0   2   0   0   2   2   2   0 [locus_tag=EUC39_RS27140] [protein=phage major capsid protein] [protein_id=WP_000588590.1] [location=complement(34387..35511)] [gbkey=CDS]
lcl|CP011152.1_prot_ANC11341.1_348        -          group_116_clustal    -               0.23   11.0   0.1       0.3   10.6   0.1   1.1   1   0   0   1   1   1   0 [locus_tag=WR47_30125] [protein=hypothetical protein] [protein_id=ANC11341.1] [location=480220..481173] [gbkey=CDS]
lcl|CP011154.1_prot_ANC16894.1_60         -          group_116_clustal    -               0.23   11.0   0.1       0.3   10.6   0.1   1.1   1   0   0   1   1   1   0 [locus_tag=WR51_28540] [protein=hypothetical protein] [protein_id=ANC16894.1] [location=complement(65742..66695)] [gbkey=CDS]
lcl|NZ_CP011152.1_prot_WP_063549916.1_386 -          group_116_clustal    -               0.23   11.0   0.1       0.3   10.6   0.1   1.1   1   0   0   1   1   1   0 [locus_tag=WR47_RS29435] [protein=hypothetical protein] [protein_id=WP_063549916.1] [location=480220..481173] [gbkey=CDS]
lcl|NZ_CP011154.1_prot_WP_063549916.1_66  -          group_116_clustal    -               0.23   11.0   0.1       0.3   10.6   0.1   1.1   1   0   0   1   1   1   0 [locus_tag=WR51_RS27885] [protein=hypothetical protein] [protein_id=WP_063549916.1] [location=complement(65742..66695)] [gbkey=CDS]
lcl|CP009589.1_prot_AJI02650.1_6         -          group_118_clustal    -           3.2e-119  398.5   2.3  3.6e-119  398.4   2.3   1.0   1   0   0   1   1   1   1 [locus_tag=AQ16_5824] [protein=putative phage major capsid protein] [protein_id=AJI02650.1] [location=2876..3772] [gbkey=CDS]
lcl|CP009939.1_prot_AIY72832.1_74        -          group_118_clustal    -           3.2e-119  398.5   2.3  3.6e-119  398.4   2.3   1.0   1   0   0   1   1   1   1 [locus_tag=NT98_5940] [protein=putative phage major capsid protein] [protein_id=AIY72832.1] [location=complement(44684..45580)] [gbkey=CDS]
lcl|NZ_CP009589.1_prot_WP_001980909.1_7  -          group_118_clustal    -           3.2e-119  398.5   2.3  3.6e-119  398.4   2.3   1.0   1   0   0   1   1   1   1 [locus_tag=AQ16_RS00035] [protein=hypothetical protein] [protein_id=WP_001980909.1] [location=2876..3772] [gbkey=CDS]
lcl|NZ_CP009939.1_prot_WP_001980909.1_61 -          group_118_clustal    -           3.2e-119  398.5   2.3  3.6e-119  398.4   2.3   1.0   1   0   0   1   1   1   1 [locus_tag=NT98_RS00320] [protein=hypothetical protein] [protein_id=WP_001980909.1] [location=complement(44684..45580)] [gbkey=CDS]
lcl|CP020939.1_prot_ARO21610.1_64        -          group_118_clustal    -             5e-114  381.5   2.1  5.5e-114  381.3   2.1   1.0   1   0   0   1   1   1   1 [locus_tag=B2J90_29835] [protein=capsid protein] [protein_id=ARO21610.1] [location=complement(46837..47733)] [gbkey=CDS]
lcl|NZ_CP020939.1_prot_WP_085782918.1_63 -          group_118_clustal    -             5e-114  381.5   2.1  5.5e-114  381.3   2.1   1.0   1   0   0   1   1   1   1 [locus_tag=B2J90_RS29825] [protein=capsid protein] [protein_id=WP_085782918.1] [location=complement(46837..47733)] [gbkey=CDS]
lcl|AP007211.1_prot_BAL21494.1_19        -          group_118_clustal    -            2.4e-97  326.7   1.6   2.8e-97  326.5   1.6   1.0   1   0   0   1   1   1   1 [locus_tag=BCN_C1_19] [protein=capsid protein Gp34 homolog] [protein_id=BAL21494.1] [location=complement(20339..21241)] [gbkey=CDS]
lcl|NC_016772.1_prot_WP_000537603.1_23   -          group_118_clustal    -            2.4e-97  326.7   1.6   2.8e-97  326.5   1.6   1.0   1   0   0   1   1   1   1 [locus_tag=BCN_RS28575] [protein=hypothetical protein] [protein_id=WP_000537603.1] [location=complement(20339..21241)] [gbkey=CDS]
lcl|AP007211.1_prot_BAL21506.1_31         -          group_120_clustal    -              0.067   12.9   3.3     0.073   12.8   3.3   1.0   1   0   0   1   1   1   0 [locus_tag=BCN_C1_31] [protein=hypothetical protein] [protein_id=BAL21506.1] [location=complement(32756..33019)] [gbkey=CDS]
lcl|NC_016772.1_prot_WP_000678893.1_39    -          group_120_clustal    -              0.067   12.9   3.3     0.073   12.8   3.3   1.0   1   0   0   1   1   1   0 [locus_tag=BCN_RS28655] [protein=hypothetical protein] [protein_id=WP_000678893.1] [location=complement(32756..33019)] [gbkey=CDS]
lcl|CP016317.1_prot_ASI81077.1_191        -          group_120_clustal    -               0.31   10.7   7.1      0.14   11.8   4.6   1.6   2   0   0   2   2   2   0 [locus_tag=BA202_27915] [protein=hypothetical protein] [protein_id=ASI81077.1] [location=complement(214153..214641)] [gbkey=CDS]
lcl|NZ_CP016317.1_prot_WP_001091679.1_184 -          group_120_clustal    -               0.31   10.7   7.1      0.14   11.8   4.6   1.6   2   0   0   2   2   2   0 [locus_tag=BA202_RS28935] [protein=hypothetical protein] [protein_id=WP_001091679.1] [location=complement(214153..214641)] [gbkey=CDS]
lcl|CP026679.1_prot_AVP48972.1_5          -          group_120_clustal    -               0.34   10.6   4.6      0.42   10.3   4.6   1.2   1   0   0   1   1   1   0 [locus_tag=C2I25_28550] [protein=chromosomeanchoring protein RacA] [protein_id=AVP48972.1] [location=5171..5713] [gbkey=CDS]
lcl|NZ_CP026679.1_prot_WP_000456013.1_5   -          group_120_clustal    -               0.34   10.6   4.6      0.42   10.3   4.6   1.2   1   0   0   1   1   1   0 [gene=racA] [locus_tag=C2I25_RS28565] [protein=chromosomeanchoring protein RacA] [protein_id=WP_000456013.1] [location=5171..5713] [gbkey=CDS]
lcl|CP020938.1_prot_ARO21394.1_106        -          group_120_clustal    -                8.9    5.9  12.5        13    5.4  12.5   1.2   1   0   0   1   1   1   0 [locus_tag=B2J90_28680] [protein=hypothetical protein] [protein_id=ARO21394.1] [location=complement(93191..93982)] [gbkey=CDS]
lcl|NZ_CP020938.1_prot_WP_085782716.1_110 -          group_120_clustal    -                8.9    5.9  12.5        13    5.4  12.5   1.2   1   0   0   1   1   1   0 [locus_tag=B2J90_RS28670] [protein=hypothetical protein] [protein_id=WP_085782716.1] [location=complement(93191..93982)] [gbkey=CDS]
lcl|NZ_CP022446.1_prot_WP_089607815.1_13  -          group_122_clustal    -            0.00055   20.1   0.2   0.00076   19.7   0.2   1.2   1   0   0   1   1   1   1 [locus_tag=CGZ63_RS28330] [protein=IS3like element ISBce15 family transposase] [exception=ribosomal slippage] [protein_id=WP_089607815.1] [location=complement(join(14806..15710,15710..16166))] [gbkey=CDS]
lcl|NC_005707.1_prot_WP_085963576.1_48    -          group_122_clustal    -            0.00056   20.1   0.2   0.00076   19.7   0.2   1.1   1   0   0   1   1   1   1 [locus_tag=BCE_RS29275] [protein=IS3like element ISBce15 family transposase] [exception=ribosomal slippage] [protein_id=WP_085963576.1] [location=complement(join(50614..51518,51518..51974))] [gbkey=CDS]
lcl|NC_011655.1_prot_WP_085963576.1_50    -          group_122_clustal    -            0.00056   20.1   0.2   0.00076   19.7   0.2   1.1   1   0   0   1   1   1   1 [locus_tag=BCAH187_RS30635] [protein=IS3like element ISBce15 family transposase] [exception=ribosomal slippage] [protein_id=WP_085963576.1] [location=complement(join(54352..55256,55256..55712))] [gbkey=CDS]
lcl|NC_016792.1_prot_WP_085963576.1_86    -          group_122_clustal    -            0.00056   20.1   0.2   0.00076   19.7   0.2   1.1   1   0   0   1   1   1   1 [locus_tag=BCN_RS30205] [protein=IS3like element ISBce15 family transposase] [exception=ribosomal slippage] [protein_id=WP_085963576.1] [location=complement(join(109630..110534,110534..110990))] [gbkey=CDS]
lcl|NZ_CP016317.1_prot_WP_085963576.1_124 -          group_122_clustal    -            0.00056   20.1   0.2   0.00076   19.7   0.2   1.1   1   0   0   1   1   1   1 [locus_tag=BA202_RS28605] [protein=IS3like element ISBce15 family transposase] [exception=ribosomal slippage] [protein_id=WP_085963576.1] [location=complement(join(147295..148199,148199..148655))] [gbkey=CDS]
lcl|NC_018492.1_prot_WP_154214272.1_121   -          group_122_clustal    -            0.00063   19.9   0.1   0.00085   19.5   0.1   1.1   1   0   0   1   1   1   1 [locus_tag=BCK_RS29260] [protein=IS3 family transposase] [exception=ribosomal slippage] [protein_id=WP_154214272.1] [location=join(118483..118939,118939..119843)] [gbkey=CDS]
lcl|NZ_CP009595.1_prot_WP_085962607.1_41  -          group_122_clustal    -            0.00095   19.4   0.1    0.0013   18.9   0.1   1.2   1   0   0   1   1   1   1 [locus_tag=BG11_RS29465] [protein=IS3like element ISBce15 family transposase] [exception=ribosomal slippage] [protein_id=WP_085962607.1] [location=join(40287..40743,40743..41647)] [gbkey=CDS]
lcl|NZ_CP009606.1_prot_WP_085962607.1_188 -          group_122_clustal    -            0.00095   19.4   0.1    0.0013   18.9   0.1   1.2   1   0   0   1   1   1   1 [locus_tag=BF33_RS30945] [protein=IS3like element ISBce15 family transposase] [exception=ribosomal slippage] [protein_id=WP_085962607.1] [location=join(219000..219456,219456..220360)] [gbkey=CDS]
lcl|CP020938.1_prot_ARO21511.1_233        -          group_122_clustal    -             0.0037   17.4   0.1       3.1    7.8   0.0   2.1   2   0   0   2   2   2   2 [locus_tag=B2J90_29400] [protein=phage major capsid protein] [protein_id=ARO21511.1] [location=202485..203591] [gbkey=CDS]
lcl|NZ_CP020938.1_prot_WP_085782832.1_239 -          group_122_clustal    -             0.0037   17.4   0.1       3.1    7.8   0.0   2.1   2   0   0   2   2   2   2 [locus_tag=B2J90_RS29390] [protein=phage major capsid protein] [protein_id=WP_085782832.1] [location=202485..203591] [gbkey=CDS]
lcl|FR675941.1_prot_CBW44178.1_27         -          group_122_clustal    -                7.6    6.5  10.8       7.9    6.4   8.2   1.9   2   0   0   2   2   2   0 [locus_tag=pLVP1401_27] [protein=MerR superfamily protein] [protein_id=CBW44178.1] [location=complement(23147..23737)] [gbkey=CDS]
lcl|NC_014757.1_prot_YP_004050042.1_27    -          group_122_clustal    -                7.6    6.5  10.8       7.9    6.4   8.2   1.9   2   0   0   2   2   2   0 [locus_tag=pLVP1401_27] [db_xref=GeneID:10007959] [protein=MerR superfamily protein] [protein_id=YP_004050042.1] [location=complement(23147..23737)] [gbkey=CDS]
lcl|AAEK01000004.1_prot_EAL16035.1_117    -          group_14_clustal     -                0.3   10.6   3.0      0.43   10.1   3.0   1.2   1   0   0   1   1   1   0 [locus_tag=BCE_G9241_pBC218_0118] [protein=hypothetical protein protein] [protein_id=EAL16035.1] [location=complement(140682..141278)] [gbkey=CDS]
lcl|CP009591.1_prot_AJI08047.1_53         -          group_14_clustal     -                0.3   10.6   3.0      0.43   10.1   3.0   1.2   1   0   0   1   1   1   0 [locus_tag=AQ16_5471] [protein=prefoldin subunit] [protein_id=AJI08047.1] [location=complement(52892..53488)] [gbkey=CDS]
lcl|CP009940.1_prot_AIY73041.1_46         -          group_14_clustal     -                0.3   10.6   3.0      0.43   10.1   3.0   1.2   1   0   0   1   1   1   0 [locus_tag=NT98_5696] [protein=prefoldin subunit] [protein_id=AIY73041.1] [location=54150..54746] [gbkey=CDS]
lcl|NZ_CP009591.1_prot_WP_001971716.1_48  -          group_14_clustal     -                0.3   10.6   3.0      0.43   10.1   3.0   1.2   1   0   0   1   1   1   0 [locus_tag=AQ16_RS27860] [protein=hypothetical protein] [protein_id=WP_001971716.1] [location=complement(52892..53488)] [gbkey=CDS]
lcl|NZ_CP009940.1_prot_WP_001971716.1_40  -          group_14_clustal     -                0.3   10.6   3.0      0.43   10.1   3.0   1.2   1   0   0   1   1   1   0 [locus_tag=NT98_RS00560] [protein=hypothetical protein] [protein_id=WP_001971716.1] [location=54150..54746] [gbkey=CDS]
lcl|NZ_CP015592.1_prot_WP_071680268.1_361 -          group_14_clustal     -               0.73    9.3   3.5       1.1    8.8   3.5   1.2   1   0   0   1   1   1   0 [locus_tag=A7A70_RS29695] [protein=hypothetical protein] [protein_id=WP_071680268.1] [location=complement(445444..446040)] [gbkey=CDS]
lcl|CP009595.1_prot_AJH60389.1_256        -          group_14_clustal     -               0.76    9.3   3.1       1.1    8.7   3.1   1.2   1   0   0   1   1   1   0 [locus_tag=BG11_5718] [protein=prefoldin subunit] [protein_id=AJH60389.1] [location=282143..282739] [gbkey=CDS]
lcl|CP009606.1_prot_AJK37453.1_127        -          group_14_clustal     -               0.76    9.3   3.1       1.1    8.7   3.1   1.2   1   0   0   1   1   1   0 [locus_tag=BF33_5587] [protein=prefoldin subunit] [protein_id=AJK37453.1] [location=148378..148974] [gbkey=CDS]
lcl|NZ_CP009595.1_prot_WP_000753850.1_239 -          group_14_clustal     -               0.76    9.3   3.1       1.1    8.7   3.1   1.2   1   0   0   1   1   1   0 [locus_tag=BG11_RS01655] [protein=hypothetical protein] [protein_id=WP_000753850.1] [location=282143..282739] [gbkey=CDS]
lcl|NZ_CP009606.1_prot_WP_000753850.1_117 -          group_14_clustal     -               0.76    9.3   3.1       1.1    8.7   3.1   1.2   1   0   0   1   1   1   0 [locus_tag=BF33_RS28665] [protein=hypothetical protein] [protein_id=WP_000753850.1] [location=148378..148974] [gbkey=CDS]
lcl|NZ_CP040335.1_prot_WP_000588590.1_41      -          group_20_clustal     -               0.01   15.3   0.0     0.036   13.5   0.0   1.9   1   1   0   1   1   1   0 [locus_tag=EUC39_RS27140] [protein=phage major capsid protein] [protein_id=WP_000588590.1] [location=complement(34387..35511)] [gbkey=CDS]
lcl|CP003188.1_prot_AEW58680.1_77             -          group_20_clustal     -              0.011   15.2   0.1     0.015   14.8   0.1   1.1   1   0   0   1   1   1   0 [locus_tag=bcf_27955] [protein=Phagelike protein] [protein_id=AEW58680.1] [location=complement(47686..48423)] [gbkey=CDS]
lcl|NC_016794.1_prot_61                       -          group_20_clustal     -              0.021   14.3   0.1     0.027   13.9   0.1   1.1   1   0   0   1   1   1   0 [locus_tag=BCF_RS27415] [protein=phage major capsid protein] [pseudo=true] [location=complement(47486..48423)] [gbkey=CDS]
lcl|AP007210.1_prot_BAL21362.1_154            -          group_20_clustal     -                0.4   10.1  21.8      0.44    9.9  21.8   1.1   1   0   0   1   1   1   0 [locus_tag=BCN_P154] [protein=hypothetical protein] [protein_id=BAL21362.1] [location=160601..161401] [gbkey=CDS]
lcl|CP001166.1_prot_ACI30466.1_85             -          group_20_clustal     -                0.4   10.1  21.8      0.44    9.9  21.8   1.1   1   0   0   1   1   1   0 [locus_tag=BCH308197_A0085] [protein=conserved hypothetical protein] [protein_id=ACI30466.1] [location=complement(89950..90750)] [gbkey=CDS]
lcl|CP001179.1_prot_ACJ82827.1_126            -          group_20_clustal     -                0.4   10.1  21.8      0.44    9.9  21.8   1.1   1   0   0   1   1   1   0 [locus_tag=BCAH187_C0176] [db_xref=Pathema:BCAH187_C0176] [protein=conserved hypothetical protein] [protein_id=ACJ82827.1] [location=105323..106123] [gbkey=CDS]
lcl|DQ889676.1_prot_ABK00589.1_154            -          group_20_clustal     -                0.4   10.1  21.8      0.44    9.9  21.8   1.1   1   0   0   1   1   1   0 [locus_tag=BcAH187_pCER270_0158] [protein=hypothetical protein] [protein_id=ABK00589.1] [location=161732..162532] [gbkey=CDS]
lcl|NC_010924.1_prot_YP_001967298.1_151       -          group_20_clustal     -                0.4   10.1  21.8      0.44    9.9  21.8   1.1   1   0   0   1   1   1   0 [locus_tag=BcAH187_pCER270_0158] [db_xref=GeneID:6382816] [protein=hypothetical protein] [protein_id=YP_001967298.1] [location=161732..162532] [gbkey=CDS]
lcl|NC_011655.1_prot_WP_001272211.1_99        -          group_20_clustal     -                0.4   10.1  21.8      0.44    9.9  21.8   1.1   1   0   0   1   1   1   0 [locus_tag=BCAH187_RS28270] [protein=hypothetical protein] [protein_id=WP_001272211.1] [location=105323..106123] [gbkey=CDS]
lcl|NC_016792.1_prot_WP_001272211.1_135       -          group_20_clustal     -                0.4   10.1  21.8      0.44    9.9  21.8   1.1   1   0   0   1   1   1   0 [locus_tag=BCN_RS27975] [protein=hypothetical protein] [protein_id=WP_001272211.1] [location=160601..161401] [gbkey=CDS]
lcl|LYVD01000047.1_prot_OBW84851.1_90         -          group_20_clustal     -                2.1    7.7  38.3       3.3    7.1  38.3   1.3   1   0   0   1   1   1   0 [locus_tag=A9L49_30485] [protein=multimodular transpeptidasetransglycosylase / penicillinbinding protein 1A/1B] [protein_id=OBW84851.1] [location=108792..109691] [gbkey=CDS]
lcl|NZ_LYVD01000047.1_prot_WP_065230105.1_108 -          group_20_clustal     -                2.1    7.7  38.3       3.3    7.1  38.3   1.3   1   0   0   1   1   1   0 [locus_tag=A9L49_RS30320] [protein=multimodular transpeptidasetransglycosylase / penicillinbinding protein 1A/1B] [protein_id=WP_065230105.1] [location=108792..109691] [gbkey=CDS]
lcl|AE017195.1_prot_AAS44866.1_17             -          group_20_clustal     -                3.4    7.0  38.7       4.4    6.6  38.7   1.0   1   0   0   1   1   1   0 [locus_tag=BCE_A0016] [protein=hypothetical protein] [protein_id=AAS44866.1] [location=complement(16379..17251)] [gbkey=CDS]
lcl|NC_005707.1_prot_WP_001272214.1_15        -          group_20_clustal     -                3.4    7.0  38.7       4.4    6.6  38.7   1.0   1   0   0   1   1   1   0 [locus_tag=BCE_RS27095] [protein=hypothetical protein] [protein_id=WP_001272214.1] [location=complement(16379..17251)] [gbkey=CDS]
lcl|CP023246.1_prot_ASZ69430.1_83             -          group_20_clustal     -                5.5    6.3  32.3       6.6    6.1  32.3   1.1   1   0   0   1   1   1   0 [locus_tag=CJ306_29720] [protein=multimodular transpeptidasetransglycosylase / penicillinbinding protein 1A/1B] [protein_id=ASZ69430.1] [location=75533..76426] [gbkey=CDS]
lcl|NZ_CP023246.1_prot_WP_119684261.1_74      -          group_20_clustal     -                5.5    6.3  32.3       6.6    6.1  32.3   1.1   1   0   0   1   1   1   0 [locus_tag=CJ306_RS28925] [protein=multimodular transpeptidasetransglycosylase / penicillinbinding protein 1A/1B] [protein_id=WP_119684261.1] [location=75533..76426] [gbkey=CDS]
lcl|CP042875.1_prot_QEF20286.1_349        -          group_22_clustal     -              0.045   14.6   0.6     0.056   14.3   0.6   1.3   1   1   0   1   1   1   0 [locus_tag=FRY47_28750] [protein=hypothetical protein] [protein_id=QEF20286.1] [location=362237..362509] [gbkey=CDS]
lcl|CP045607.2_prot_QFY03494.1_86         -          group_22_clustal     -              0.045   14.6   0.6     0.056   14.3   0.6   1.3   1   1   0   1   1   1   0 [locus_tag=GE376_30570] [protein=hypothetical protein] [protein_id=QFY03494.1] [location=94770..95042] [gbkey=CDS]
lcl|NZ_CP042875.1_prot_WP_000850455.1_328 -          group_22_clustal     -              0.045   14.6   0.6     0.056   14.3   0.6   1.3   1   1   0   1   1   1   0 [locus_tag=FRY47_RS01645] [protein=hypothetical protein] [protein_id=WP_000850455.1] [location=362237..362509] [gbkey=CDS]
lcl|NZ_CP045607.2_prot_WP_000850455.1_86  -          group_22_clustal     -              0.045   14.6   0.6     0.056   14.3   0.6   1.3   1   1   0   1   1   1   0 [locus_tag=GE376_RS28025] [protein=hypothetical protein] [protein_id=WP_000850455.1] [location=94770..95042] [gbkey=CDS]
lcl|CP001170.1_prot_ACI30631.1_34         -          group_22_clustal     -               0.13   13.1   1.2      0.36   11.7   1.2   1.7   1   0   0   1   1   1   0 [locus_tag=BCH308197_B0017] [protein=response regulator aspartate phosphatase] [protein_id=ACI30631.1] [location=32724..33824] [gbkey=CDS]
lcl|NZ_CP040335.1_prot_WP_000588590.1_41  -          group_23_clustal     -            2.9e-10   40.7   0.0   3.9e-10   40.3   0.0   1.1   1   0   0   1   1   1   1 [locus_tag=EUC39_RS27140] [protein=phage major capsid protein] [protein_id=WP_000588590.1] [location=complement(34387..35511)] [gbkey=CDS]
lcl|CP020938.1_prot_ARO21511.1_233        -          group_23_clustal     -            0.00095   19.3   0.1    0.0016   18.5   0.1   1.3   1   0   0   1   1   1   1 [locus_tag=B2J90_29400] [protein=phage major capsid protein] [protein_id=ARO21511.1] [location=202485..203591] [gbkey=CDS]
lcl|NZ_CP020938.1_prot_WP_085782832.1_239 -          group_23_clustal     -            0.00095   19.3   0.1    0.0016   18.5   0.1   1.3   1   0   0   1   1   1   1 [locus_tag=B2J90_RS29390] [protein=phage major capsid protein] [protein_id=WP_085782832.1] [location=202485..203591] [gbkey=CDS]
lcl|ABDA02000035.1_prot_EDZ49131.1_436        -          group_24_clustal     -            0.00082   19.5   4.6    0.0011   19.1   4.6   1.1   1   0   0   1   1   1   1 [locus_tag=BCAH1134_C0535] [protein=hypothetical protein] [protein_id=EDZ49131.1] [location=complement(357242..357922)] [gbkey=CDS]
lcl|NZ_ABDA02000035.1_prot_WP_000444115.1_302 -          group_24_clustal     -            0.00082   19.5   4.6    0.0011   19.1   4.6   1.1   1   0   0   1   1   1   1 [locus_tag=BCAH1134_RS29030] [protein=hypothetical protein] [protein_id=WP_000444115.1] [location=complement(357242..357922)] [gbkey=CDS]
lcl|NZ_CP009594.1_prot_74                     -          group_24_clustal     -               0.11   12.5   3.3      0.14   12.2   3.3   1.3   1   0   0   1   1   1   0 [locus_tag=BG11_RS30915] [protein=tail length tape measure protein] [pseudo=true] [partial=3'] [location=49902..>50543] [gbkey=CDS]
lcl|CP020938.1_prot_ARO21394.1_106            -          group_24_clustal     -               0.58   10.1  15.9       0.8    9.6  15.9   1.1   1   0   0   1   1   1   0 [locus_tag=B2J90_28680] [protein=hypothetical protein] [protein_id=ARO21394.1] [location=complement(93191..93982)] [gbkey=CDS]
lcl|NZ_CP020938.1_prot_WP_085782716.1_110     -          group_24_clustal     -               0.58   10.1  15.9       0.8    9.6  15.9   1.1   1   0   0   1   1   1   0 [locus_tag=B2J90_RS28670] [protein=hypothetical protein] [protein_id=WP_085782716.1] [location=complement(93191..93982)] [gbkey=CDS]
lcl|AP007210.1_prot_BAL21316.1_108        -          group_25_clustal     -               0.46   10.3  11.9      0.57   10.0  11.9   1.1   1   0   0   1   1   1   0 [locus_tag=BCN_P108] [protein=hypothetical protein] [protein_id=BAL21316.1] [location=complement(122184..122687)] [gbkey=CDS]
lcl|CP001166.1_prot_ACI30445.1_132        -          group_25_clustal     -               0.46   10.3  11.9      0.57   10.0  11.9   1.1   1   0   0   1   1   1   0 [locus_tag=BCH308197_A0133] [protein=conserved hypothetical protein] [protein_id=ACI30445.1] [location=128663..129166] [gbkey=CDS]
lcl|CP001179.1_prot_ACJ82643.1_79         -          group_25_clustal     -               0.46   10.3  11.9      0.57   10.0  11.9   1.1   1   0   0   1   1   1   0 [locus_tag=BCAH187_C0128] [db_xref=Pathema:BCAH187_C0128] [protein=conserved hypothetical protein] [protein_id=ACJ82643.1] [location=complement(66906..67409)] [gbkey=CDS]
lcl|DQ889676.1_prot_ABK00574.1_113        -          group_25_clustal     -               0.46   10.3  11.9      0.57   10.0  11.9   1.1   1   0   0   1   1   1   0 [locus_tag=BcAH187_pCER270_0116] [protein=putative lipoprotein] [protein_id=ABK00574.1] [location=complement(123315..123818)] [gbkey=CDS]
lcl|NC_010924.1_prot_YP_001967258.1_111   -          group_25_clustal     -               0.46   10.3  11.9      0.57   10.0  11.9   1.1   1   0   0   1   1   1   0 [locus_tag=BcAH187_pCER270_0116] [db_xref=GeneID:6382982] [protein=putative lipoprotein] [protein_id=YP_001967258.1] [location=complement(123315..123818)] [gbkey=CDS]
lcl|NC_011655.1_prot_WP_000823722.1_64    -          group_25_clustal     -               0.46   10.3  11.9      0.57   10.0  11.9   1.1   1   0   0   1   1   1   0 [locus_tag=BCAH187_RS28075] [protein=hypothetical protein] [protein_id=WP_000823722.1] [location=complement(66906..67409)] [gbkey=CDS]
lcl|NC_016792.1_prot_WP_000823722.1_100   -          group_25_clustal     -               0.46   10.3  11.9      0.57   10.0  11.9   1.1   1   0   0   1   1   1   0 [locus_tag=BCN_RS27780] [protein=hypothetical protein] [protein_id=WP_000823722.1] [location=complement(122184..122687)] [gbkey=CDS]
lcl|CP000040.1_prot_AAY60564.1_393        -          group_25_clustal     -                0.7    9.7  12.6      0.86    9.4  12.6   1.1   1   0   0   1   1   1   0 [locus_tag=pE33L466_0426] [protein=hypothetical protein] [protein_id=AAY60564.1] [location=431927..432433] [gbkey=CDS]
lcl|CP009967.1_prot_AJI25980.1_354        -          group_25_clustal     -                0.7    9.7  12.6      0.86    9.4  12.6   1.1   1   0   0   1   1   1   0 [locus_tag=BF28_5844] [protein=hypothetical protein] [protein_id=AJI25980.1] [location=complement(355986..356492)] [gbkey=CDS]
lcl|NC_007103.1_prot_WP_000038581.1_453   -          group_25_clustal     -                0.7    9.7  12.6      0.86    9.4  12.6   1.1   1   0   0   1   1   1   0 [locus_tag=BCE33L_RS29600] [protein=hypothetical protein] [protein_id=WP_000038581.1] [location=431927..432433] [gbkey=CDS]
lcl|NZ_CP009967.1_prot_WP_000038581.1_334 -          group_25_clustal     -                0.7    9.7  12.6      0.86    9.4  12.6   1.1   1   0   0   1   1   1   0 [locus_tag=BF28_RS02035] [protein=hypothetical protein] [protein_id=WP_000038581.1] [location=complement(355986..356492)] [gbkey=CDS]
lcl|NZ_CP015592.1_prot_WP_129075306.1_93  -          group_25_clustal     -                1.1    9.1  26.9       1.1    9.1  26.9   1.1   1   0   0   1   1   1   0 [locus_tag=A7A70_RS30690] [protein=hypothetical protein] [protein_id=WP_129075306.1] [location=complement(109030..109356)] [gbkey=CDS]
lcl|CP020938.1_prot_ARO21394.1_106        -          group_25_clustal     -                2.2    8.0  14.9       3.1    7.6  14.9   1.1   1   0   0   1   1   1   0 [locus_tag=B2J90_28680] [protein=hypothetical protein] [protein_id=ARO21394.1] [location=complement(93191..93982)] [gbkey=CDS]
lcl|NZ_CP020938.1_prot_WP_085782716.1_110 -          group_25_clustal     -                2.2    8.0  14.9       3.1    7.6  14.9   1.1   1   0   0   1   1   1   0 [locus_tag=B2J90_RS28670] [protein=hypothetical protein] [protein_id=WP_085782716.1] [location=complement(93191..93982)] [gbkey=CDS]
lcl|CP011146.1_prot_ALZ64534.1_49        -          group_29_clustal     -              0.032   14.0   0.1     0.048   13.4   0.1   1.3   1   0   0   1   1   1   0 [locus_tag=FORC13_p049] [protein=UDPNacetylmuramoylalanineDglutamate ligase] [protein_id=ALZ64534.1] [location=44211..45539] [gbkey=CDS]
lcl|NZ_CP011146.1_prot_WP_059304361.1_46 -          group_29_clustal     -              0.032   14.0   0.1     0.048   13.4   0.1   1.3   1   0   0   1   1   1   0 [locus_tag=FORC13_RS28245] [protein=DUF1727 domaincontaining protein] [protein_id=WP_059304361.1] [location=44211..45539] [gbkey=CDS]
lcl|CP003188.1_prot_AEW58657.1_54        -          group_29_clustal     -               0.07   12.8   1.6     0.099   12.3   1.6   1.1   1   0   0   1   1   1   0 [locus_tag=bcf_27840] [protein=hypothetical protein] [protein_id=AEW58657.1] [location=complement(29914..30501)] [gbkey=CDS]
lcl|NC_016794.1_prot_WP_000440761.1_41   -          group_29_clustal     -               0.07   12.8   1.6     0.099   12.3   1.6   1.1   1   0   0   1   1   1   0 [locus_tag=BCF_RS27315] [protein=hypothetical protein] [protein_id=WP_000440761.1] [location=complement(29914..30501)] [gbkey=CDS]
lcl|CP016361.1_prot_ASK17752.1_68        -          group_30_clustal     -               0.11   12.9   0.0      0.11   12.9   0.0   1.0   1   0   0   1   1   1   0 [locus_tag=BA201_27980] [protein=transcriptional regulator] [protein_id=ASK17752.1] [location=complement(61441..61632)] [gbkey=CDS]
lcl|NZ_CP016361.1_prot_WP_061685289.1_65 -          group_30_clustal     -               0.11   12.9   0.0      0.11   12.9   0.0   1.0   1   0   0   1   1   1   0 [locus_tag=BA201_RS29445] [protein=helixturnhelix transcriptional regulator] [protein_id=WP_061685289.1] [location=complement(61441..61632)] [gbkey=CDS]
lcl|NZ_CP009368.1_prot_248               -          group_32_clustal     -            1.7e-25   90.7   0.1   1.7e-25   90.6   0.1   1.0   1   0   0   1   1   1   1 [locus_tag=BG03_RS01150] [protein=phage major capsid protein] [pseudo=true] [partial=5'] [location=complement(310864..>311067)] [gbkey=CDS]
lcl|CP009368.1_prot_AJG91275.1_241       -          group_32_clustal     -            2.6e-25   90.0   0.2   2.9e-25   89.9   0.2   1.0   1   0   0   1   1   1   1 [locus_tag=BG03_5685] [protein=phage major capsid protein, HK97 family] [protein_id=AJG91275.1] [location=complement(310864..311148)] [gbkey=CDS]
lcl|NZ_CP040335.1_prot_WP_000588590.1_41 -          group_32_clustal     -            0.00062   19.4   0.1   0.00087   19.0   0.1   1.2   1   0   0   1   1   1   1 [locus_tag=EUC39_RS27140] [protein=phage major capsid protein] [protein_id=WP_000588590.1] [location=complement(34387..35511)] [gbkey=CDS]
lcl|CP003188.1_prot_AEW58680.1_77        -          group_32_clustal     -               0.11   12.1   0.1      0.14   11.7   0.1   1.1   1   0   0   1   1   1   0 [locus_tag=bcf_27955] [protein=Phagelike protein] [protein_id=AEW58680.1] [location=complement(47686..48423)] [gbkey=CDS]
lcl|NZ_CP040335.1_prot_WP_000588590.1_41 -          group_33_clustal     -               0.07   12.9   0.0       3.1    7.5   0.0   2.2   2   0   0   2   2   2   0 [locus_tag=EUC39_RS27140] [protein=phage major capsid protein] [protein_id=WP_000588590.1] [location=complement(34387..35511)] [gbkey=CDS]
lcl|CP020938.1_prot_ARO21511.1_233        -          group_34_clustal     -               0.11   12.8   0.0       2.3    8.5   0.0   2.0   2   0   0   2   2   2   0 [locus_tag=B2J90_29400] [protein=phage major capsid protein] [protein_id=ARO21511.1] [location=202485..203591] [gbkey=CDS]
lcl|NZ_CP020938.1_prot_WP_085782832.1_239 -          group_34_clustal     -               0.11   12.8   0.0       2.3    8.5   0.0   2.0   2   0   0   2   2   2   0 [locus_tag=B2J90_RS29390] [protein=phage major capsid protein] [protein_id=WP_085782832.1] [location=202485..203591] [gbkey=CDS]
lcl|ABDK02000071.1_prot_EDX65298.1_48    -          group_37_clustal     -            0.00027   21.2   0.4   0.00036   20.8   0.4   1.1   1   0   0   1   1   1   1 [locus_tag=BC059799_B0051] [db_xref=Pathema:BC059799_B0051] [protein=conserved hypothetical protein] [protein_id=EDX65298.1] [location=28252..29097] [gbkey=CDS]
lcl|CP015728.1_prot_ANE89190.1_8         -          group_37_clustal     -            0.00034   20.9   0.1   0.00048   20.4   0.1   1.2   1   0   0   1   1   1   1 [locus_tag=DA68_27830] [protein=hypothetical protein] [protein_id=ANE89190.1] [location=7426..8271] [gbkey=CDS]
lcl|CP016597.1_prot_ASJ51895.1_41        -          group_37_clustal     -            0.00034   20.9   0.1   0.00048   20.4   0.1   1.2   1   0   0   1   1   1   1 [locus_tag=BA204_27995] [protein=hypothetical protein] [protein_id=ASJ51895.1] [location=complement(37873..38718)] [gbkey=CDS]
lcl|NZ_CP015728.1_prot_WP_000116909.1_9  -          group_37_clustal     -            0.00034   20.9   0.1   0.00048   20.4   0.1   1.2   1   0   0   1   1   1   1 [locus_tag=DA68_RS26700] [protein=hypothetical protein] [protein_id=WP_000116909.1] [location=7426..8271] [gbkey=CDS]
lcl|NZ_CP016597.1_prot_WP_000116909.1_43 -          group_37_clustal     -            0.00034   20.9   0.1   0.00048   20.4   0.1   1.2   1   0   0   1   1   1   1 [locus_tag=BA204_RS29695] [protein=hypothetical protein] [protein_id=WP_000116909.1] [location=complement(37873..38718)] [gbkey=CDS]
lcl|CP029457.1_prot_QDD87494.1_89        -          group_37_clustal     -            0.00036   20.8   0.1    0.0005   20.4   0.1   1.2   1   0   0   1   1   1   1 [locus_tag=FORC087_711] [protein=hypothetical protein] [protein_id=QDD87494.1] [location=61381..62226] [gbkey=CDS]
lcl|NZ_CP029457.1_prot_WP_000116908.1_79 -          group_37_clustal     -            0.00036   20.8   0.1    0.0005   20.4   0.1   1.2   1   0   0   1   1   1   1 [locus_tag=FORC087_RS30675] [protein=hypothetical protein] [protein_id=WP_000116908.1] [location=61381..62226] [gbkey=CDS]
lcl|NZ_CP040335.1_prot_WP_000588590.1_41 -          group_38_clustal     -               0.21   11.4   0.0      0.37   10.6   0.0   1.3   1   0   0   1   1   1   0 [locus_tag=EUC39_RS27140] [protein=phage major capsid protein] [protein_id=WP_000588590.1] [location=complement(34387..35511)] [gbkey=CDS]
lcl|NZ_CP040335.1_prot_WP_000588590.1_41 -          group_43_clustal     -             3e-136  455.4   0.0  3.3e-136  455.3   0.0   1.0   1   0   0   1   1   1   1 [locus_tag=EUC39_RS27140] [protein=phage major capsid protein] [protein_id=WP_000588590.1] [location=complement(34387..35511)] [gbkey=CDS]
lcl|CP020938.1_prot_ARO21511.1_233        -          group_47_clustal     -              0.017   15.0   0.0     0.023   14.6   0.0   1.3   1   0   0   1   1   1   0 [locus_tag=B2J90_29400] [protein=phage major capsid protein] [protein_id=ARO21511.1] [location=202485..203591] [gbkey=CDS]
lcl|NZ_CP020938.1_prot_WP_085782832.1_239 -          group_47_clustal     -              0.017   15.0   0.0     0.023   14.6   0.0   1.3   1   0   0   1   1   1   0 [locus_tag=B2J90_RS29390] [protein=phage major capsid protein] [protein_id=WP_085782832.1] [location=202485..203591] [gbkey=CDS]
lcl|CP027921.1_prot_QHV07826.1_65        -          group_48_clustal     -               0.32   11.7   0.1      0.54   11.0   0.1   1.3   1   0   0   1   1   1   0 [locus_tag=C1N82_31955] [protein=hypothetical protein] [protein_id=QHV07826.1] [location=66412..67548] [gbkey=CDS]
lcl|NZ_CP027921.1_prot_WP_162283547.1_64 -          group_48_clustal     -               0.32   11.7   0.1      0.54   11.0   0.1   1.3   1   0   0   1   1   1   0 [locus_tag=C1N82_RS30410] [protein=hypothetical protein] [protein_id=WP_162283547.1] [location=66412..67548] [gbkey=CDS]
lcl|CP020938.1_prot_ARO21511.1_233           -          group_4_clustal      -            8.2e-05   23.0   0.1   0.00014   22.2   0.1   1.3   1   0   0   1   1   1   1 [locus_tag=B2J90_29400] [protein=phage major capsid protein] [protein_id=ARO21511.1] [location=202485..203591] [gbkey=CDS]
lcl|NZ_CP020938.1_prot_WP_085782832.1_239    -          group_4_clustal      -            8.2e-05   23.0   0.1   0.00014   22.2   0.1   1.3   1   0   0   1   1   1   1 [locus_tag=B2J90_RS29390] [protein=phage major capsid protein] [protein_id=WP_085782832.1] [location=202485..203591] [gbkey=CDS]
lcl|NZ_CP015592.1_prot_WP_071680268.1_361    -          group_4_clustal      -              0.018   15.3   4.8     0.022   15.0   4.8   1.1   1   0   0   1   1   1   0 [locus_tag=A7A70_RS29695] [protein=hypothetical protein] [protein_id=WP_071680268.1] [location=complement(445444..446040)] [gbkey=CDS]
lcl|CP009368.1_prot_AJG91224.1_325           -          group_4_clustal      -              0.052   13.8   4.3     0.062   13.5   4.3   1.1   1   0   0   1   1   1   0 [locus_tag=BG03_5773] [protein=prefoldin subunit] [protein_id=AJG91224.1] [location=complement(399515..400111)] [gbkey=CDS]
lcl|NZ_CP009368.1_prot_WP_042514480.1_326    -          group_4_clustal      -              0.052   13.8   4.3     0.062   13.5   4.3   1.1   1   0   0   1   1   1   0 [locus_tag=BG03_RS01570] [protein=hypothetical protein] [protein_id=WP_042514480.1] [location=complement(399515..400111)] [gbkey=CDS]
lcl|AP007210.1_prot_BAL21316.1_108           -          group_4_clustal      -              0.068   13.4  11.5     0.079   13.2  11.5   1.1   1   0   0   1   1   1   0 [locus_tag=BCN_P108] [protein=hypothetical protein] [protein_id=BAL21316.1] [location=complement(122184..122687)] [gbkey=CDS]
lcl|CP001166.1_prot_ACI30445.1_132           -          group_4_clustal      -              0.068   13.4  11.5     0.079   13.2  11.5   1.1   1   0   0   1   1   1   0 [locus_tag=BCH308197_A0133] [protein=conserved hypothetical protein] [protein_id=ACI30445.1] [location=128663..129166] [gbkey=CDS]
lcl|CP001179.1_prot_ACJ82643.1_79            -          group_4_clustal      -              0.068   13.4  11.5     0.079   13.2  11.5   1.1   1   0   0   1   1   1   0 [locus_tag=BCAH187_C0128] [db_xref=Pathema:BCAH187_C0128] [protein=conserved hypothetical protein] [protein_id=ACJ82643.1] [location=complement(66906..67409)] [gbkey=CDS]
lcl|DQ889676.1_prot_ABK00574.1_113           -          group_4_clustal      -              0.068   13.4  11.5     0.079   13.2  11.5   1.1   1   0   0   1   1   1   0 [locus_tag=BcAH187_pCER270_0116] [protein=putative lipoprotein] [protein_id=ABK00574.1] [location=complement(123315..123818)] [gbkey=CDS]
lcl|NC_010924.1_prot_YP_001967258.1_111      -          group_4_clustal      -              0.068   13.4  11.5     0.079   13.2  11.5   1.1   1   0   0   1   1   1   0 [locus_tag=BcAH187_pCER270_0116] [db_xref=GeneID:6382982] [protein=putative lipoprotein] [protein_id=YP_001967258.1] [location=complement(123315..123818)] [gbkey=CDS]
lcl|NC_011655.1_prot_WP_000823722.1_64       -          group_4_clustal      -              0.068   13.4  11.5     0.079   13.2  11.5   1.1   1   0   0   1   1   1   0 [locus_tag=BCAH187_RS28075] [protein=hypothetical protein] [protein_id=WP_000823722.1] [location=complement(66906..67409)] [gbkey=CDS]
lcl|NC_016792.1_prot_WP_000823722.1_100      -          group_4_clustal      -              0.068   13.4  11.5     0.079   13.2  11.5   1.1   1   0   0   1   1   1   0 [locus_tag=BCN_RS27780] [protein=hypothetical protein] [protein_id=WP_000823722.1] [location=complement(122184..122687)] [gbkey=CDS]
lcl|CP000229.1_prot_ACM16021.1_59            -          group_4_clustal      -               0.31   11.2   8.8      0.31   11.2   8.8   1.0   1   0   0   1   1   1   0 [locus_tag=BCQ_PT59] [protein=hypothetical protein] [protein_id=ACM16021.1] [location=complement(45925..46257)] [gbkey=CDS]
lcl|NC_011971.1_prot_WP_000521760.1_62       -          group_4_clustal      -               0.31   11.2   8.8      0.31   11.2   8.8   1.0   1   0   0   1   1   1   0 [locus_tag=BCQ_RS28345] [protein=hypothetical protein] [protein_id=WP_000521760.1] [location=complement(45925..46257)] [gbkey=CDS]
lcl|CP000040.1_prot_AAY60564.1_393           -          group_4_clustal      -               0.35   11.1  12.5      0.43   10.7  12.5   1.1   1   0   0   1   1   1   0 [locus_tag=pE33L466_0426] [protein=hypothetical protein] [protein_id=AAY60564.1] [location=431927..432433] [gbkey=CDS]
lcl|CP009967.1_prot_AJI25980.1_354           -          group_4_clustal      -               0.35   11.1  12.5      0.43   10.7  12.5   1.1   1   0   0   1   1   1   0 [locus_tag=BF28_5844] [protein=hypothetical protein] [protein_id=AJI25980.1] [location=complement(355986..356492)] [gbkey=CDS]
lcl|NC_007103.1_prot_WP_000038581.1_453      -          group_4_clustal      -               0.35   11.1  12.5      0.43   10.7  12.5   1.1   1   0   0   1   1   1   0 [locus_tag=BCE33L_RS29600] [protein=hypothetical protein] [protein_id=WP_000038581.1] [location=431927..432433] [gbkey=CDS]
lcl|NZ_CP009967.1_prot_WP_000038581.1_334    -          group_4_clustal      -               0.35   11.1  12.5      0.43   10.7  12.5   1.1   1   0   0   1   1   1   0 [locus_tag=BF28_RS02035] [protein=hypothetical protein] [protein_id=WP_000038581.1] [location=complement(355986..356492)] [gbkey=CDS]
lcl|CP029455.1_prot_QDD86924.1_129           -          group_4_clustal      -                1.1    9.4  13.6       1.4    9.1  13.6   1.1   1   0   0   1   1   1   0 [locus_tag=FORC087_134] [protein=hypothetical protein] [protein_id=QDD86924.1] [location=161933..162442] [gbkey=CDS]
lcl|NZ_CP029455.1_prot_WP_025118675.1_118    -          group_4_clustal      -                1.1    9.4  13.6       1.4    9.1  13.6   1.1   1   0   0   1   1   1   0 [locus_tag=FORC087_RS28080] [protein=hypothetical protein] [protein_id=WP_025118675.1] [location=161933..162442] [gbkey=CDS]
lcl|CP020938.1_prot_ARO21394.1_106           -          group_4_clustal      -                1.9    8.6  18.2       2.6    8.2  18.2   1.1   1   0   0   1   1   1   0 [locus_tag=B2J90_28680] [protein=hypothetical protein] [protein_id=ARO21394.1] [location=complement(93191..93982)] [gbkey=CDS]
lcl|NZ_CP020938.1_prot_WP_085782716.1_110    -          group_4_clustal      -                1.9    8.6  18.2       2.6    8.2  18.2   1.1   1   0   0   1   1   1   0 [locus_tag=B2J90_RS28670] [protein=hypothetical protein] [protein_id=WP_085782716.1] [location=complement(93191..93982)] [gbkey=CDS]
lcl|NZ_PHQW02000016.1_prot_WP_158318297.1_11 -          group_4_clustal      -                2.8    8.1  27.4       4.5    7.4  27.4   1.4   1   0   0   1   1   1   0 [locus_tag=CR195_RS27570] [protein=hypothetical protein] [protein_id=WP_158318297.1] [location=5796..6356] [gbkey=CDS]
lcl|PHQW02000016.1_prot_PYD94758.1_11        -          group_4_clustal      -                2.8    8.1  27.4       4.5    7.4  27.4   1.4   1   0   0   1   1   1   0 [locus_tag=CR195_028530] [protein=hypothetical protein] [protein_id=PYD94758.1] [location=5796..6356] [gbkey=CDS]
lcl|AP007210.1_prot_BAL21362.1_154           -          group_4_clustal      -                9.9    6.3  25.8        12    6.0  25.8   1.1   1   0   0   1   1   1   0 [locus_tag=BCN_P154] [protein=hypothetical protein] [protein_id=BAL21362.1] [location=160601..161401] [gbkey=CDS]
lcl|CP001166.1_prot_ACI30466.1_85            -          group_4_clustal      -                9.9    6.3  25.8        12    6.0  25.8   1.1   1   0   0   1   1   1   0 [locus_tag=BCH308197_A0085] [protein=conserved hypothetical protein] [protein_id=ACI30466.1] [location=complement(89950..90750)] [gbkey=CDS]
lcl|CP001179.1_prot_ACJ82827.1_126           -          group_4_clustal      -                9.9    6.3  25.8        12    6.0  25.8   1.1   1   0   0   1   1   1   0 [locus_tag=BCAH187_C0176] [db_xref=Pathema:BCAH187_C0176] [protein=conserved hypothetical protein] [protein_id=ACJ82827.1] [location=105323..106123] [gbkey=CDS]
lcl|DQ889676.1_prot_ABK00589.1_154           -          group_4_clustal      -                9.9    6.3  25.8        12    6.0  25.8   1.1   1   0   0   1   1   1   0 [locus_tag=BcAH187_pCER270_0158] [protein=hypothetical protein] [protein_id=ABK00589.1] [location=161732..162532] [gbkey=CDS]
lcl|NC_010924.1_prot_YP_001967298.1_151      -          group_4_clustal      -                9.9    6.3  25.8        12    6.0  25.8   1.1   1   0   0   1   1   1   0 [locus_tag=BcAH187_pCER270_0158] [db_xref=GeneID:6382816] [protein=hypothetical protein] [protein_id=YP_001967298.1] [location=161732..162532] [gbkey=CDS]
lcl|NC_011655.1_prot_WP_001272211.1_99       -          group_4_clustal      -                9.9    6.3  25.8        12    6.0  25.8   1.1   1   0   0   1   1   1   0 [locus_tag=BCAH187_RS28270] [protein=hypothetical protein] [protein_id=WP_001272211.1] [location=105323..106123] [gbkey=CDS]
lcl|NC_016792.1_prot_WP_001272211.1_135      -          group_4_clustal      -                9.9    6.3  25.8        12    6.0  25.8   1.1   1   0   0   1   1   1   0 [locus_tag=BCN_RS27975] [protein=hypothetical protein] [protein_id=WP_001272211.1] [location=160601..161401] [gbkey=CDS]
lcl|CP020938.1_prot_ARO21511.1_233        -          group_50_clustal     -             0.0031   18.0   0.0    0.0061   17.1   0.0   1.5   1   1   0   1   1   1   1 [locus_tag=B2J90_29400] [protein=phage major capsid protein] [protein_id=ARO21511.1] [location=202485..203591] [gbkey=CDS]
lcl|NZ_CP020938.1_prot_WP_085782832.1_239 -          group_50_clustal     -             0.0031   18.0   0.0    0.0061   17.1   0.0   1.5   1   1   0   1   1   1   1 [locus_tag=B2J90_RS29390] [protein=phage major capsid protein] [protein_id=WP_085782832.1] [location=202485..203591] [gbkey=CDS]
lcl|CP020938.1_prot_ARO21511.1_233        -          group_51_clustal     -               0.13   12.3   0.0      0.49   10.4   0.0   2.0   1   1   0   1   1   1   0 [locus_tag=B2J90_29400] [protein=phage major capsid protein] [protein_id=ARO21511.1] [location=202485..203591] [gbkey=CDS]
lcl|NZ_CP020938.1_prot_WP_085782832.1_239 -          group_51_clustal     -               0.13   12.3   0.0      0.49   10.4   0.0   2.0   1   1   0   1   1   1   0 [locus_tag=B2J90_RS29390] [protein=phage major capsid protein] [protein_id=WP_085782832.1] [location=202485..203591] [gbkey=CDS]
lcl|CP020938.1_prot_ARO21394.1_106        -          group_54_clustal     -              0.044   13.8   9.3     0.054   13.6   9.3   1.1   1   0   0   1   1   1   0 [locus_tag=B2J90_28680] [protein=hypothetical protein] [protein_id=ARO21394.1] [location=complement(93191..93982)] [gbkey=CDS]
lcl|NZ_CP020938.1_prot_WP_085782716.1_110 -          group_54_clustal     -              0.044   13.8   9.3     0.054   13.6   9.3   1.1   1   0   0   1   1   1   0 [locus_tag=B2J90_RS28670] [protein=hypothetical protein] [protein_id=WP_085782716.1] [location=complement(93191..93982)] [gbkey=CDS]
lcl|AP007210.1_prot_BAL21362.1_154        -          group_54_clustal     -                1.8    8.5  22.0       2.2    8.2  22.0   1.1   1   0   0   1   1   1   0 [locus_tag=BCN_P154] [protein=hypothetical protein] [protein_id=BAL21362.1] [location=160601..161401] [gbkey=CDS]
lcl|CP001166.1_prot_ACI30466.1_85         -          group_54_clustal     -                1.8    8.5  22.0       2.2    8.2  22.0   1.1   1   0   0   1   1   1   0 [locus_tag=BCH308197_A0085] [protein=conserved hypothetical protein] [protein_id=ACI30466.1] [location=complement(89950..90750)] [gbkey=CDS]
lcl|CP001179.1_prot_ACJ82827.1_126        -          group_54_clustal     -                1.8    8.5  22.0       2.2    8.2  22.0   1.1   1   0   0   1   1   1   0 [locus_tag=BCAH187_C0176] [db_xref=Pathema:BCAH187_C0176] [protein=conserved hypothetical protein] [protein_id=ACJ82827.1] [location=105323..106123] [gbkey=CDS]
lcl|DQ889676.1_prot_ABK00589.1_154        -          group_54_clustal     -                1.8    8.5  22.0       2.2    8.2  22.0   1.1   1   0   0   1   1   1   0 [locus_tag=BcAH187_pCER270_0158] [protein=hypothetical protein] [protein_id=ABK00589.1] [location=161732..162532] [gbkey=CDS]
lcl|NC_010924.1_prot_YP_001967298.1_151   -          group_54_clustal     -                1.8    8.5  22.0       2.2    8.2  22.0   1.1   1   0   0   1   1   1   0 [locus_tag=BcAH187_pCER270_0158] [db_xref=GeneID:6382816] [protein=hypothetical protein] [protein_id=YP_001967298.1] [location=161732..162532] [gbkey=CDS]
lcl|NC_011655.1_prot_WP_001272211.1_99    -          group_54_clustal     -                1.8    8.5  22.0       2.2    8.2  22.0   1.1   1   0   0   1   1   1   0 [locus_tag=BCAH187_RS28270] [protein=hypothetical protein] [protein_id=WP_001272211.1] [location=105323..106123] [gbkey=CDS]
lcl|NC_016792.1_prot_WP_001272211.1_135   -          group_54_clustal     -                1.8    8.5  22.0       2.2    8.2  22.0   1.1   1   0   0   1   1   1   0 [locus_tag=BCN_RS27975] [protein=hypothetical protein] [protein_id=WP_001272211.1] [location=160601..161401] [gbkey=CDS]
lcl|NZ_CP015592.1_prot_WP_129075306.1_93  -          group_54_clustal     -                5.8    6.8  20.1       5.8    6.9  20.1   1.1   1   0   0   1   1   1   0 [locus_tag=A7A70_RS30690] [protein=hypothetical protein] [protein_id=WP_129075306.1] [location=complement(109030..109356)] [gbkey=CDS]
lcl|AE017195.1_prot_AAS44866.1_17         -          group_54_clustal     -                  6    6.8  28.5       8.2    6.4  28.5   1.2   1   0   0   1   1   1   0 [locus_tag=BCE_A0016] [protein=hypothetical protein] [protein_id=AAS44866.1] [location=complement(16379..17251)] [gbkey=CDS]
lcl|NC_005707.1_prot_WP_001272214.1_15    -          group_54_clustal     -                  6    6.8  28.5       8.2    6.4  28.5   1.2   1   0   0   1   1   1   0 [locus_tag=BCE_RS27095] [protein=hypothetical protein] [protein_id=WP_001272214.1] [location=complement(16379..17251)] [gbkey=CDS]
lcl|CP015728.1_prot_ANE89230.1_54         -          group_54_clustal     -                9.5    6.1  33.3        11    5.9  33.3   1.0   1   0   0   1   1   1   0 [locus_tag=DA68_28060] [protein=hypothetical protein] [protein_id=ANE89230.1] [location=complement(51448..52011)] [gbkey=CDS]
lcl|NZ_CP015728.1_prot_WP_025967188.1_59  -          group_54_clustal     -                9.5    6.1  33.3        11    5.9  33.3   1.0   1   0   0   1   1   1   0 [locus_tag=DA68_RS26930] [protein=hypothetical protein] [protein_id=WP_025967188.1] [location=complement(51448..52011)] [gbkey=CDS]
lcl|CP029457.1_prot_QDD87494.1_89         -          group_55_clustal     -            8.9e-83  278.8   0.4     1e-82  278.6   0.4   1.0   1   0   0   1   1   1   1 [locus_tag=FORC087_711] [protein=hypothetical protein] [protein_id=QDD87494.1] [location=61381..62226] [gbkey=CDS]
lcl|NZ_CP029457.1_prot_WP_000116908.1_79  -          group_55_clustal     -            8.9e-83  278.8   0.4     1e-82  278.6   0.4   1.0   1   0   0   1   1   1   1 [locus_tag=FORC087_RS30675] [protein=hypothetical protein] [protein_id=WP_000116908.1] [location=61381..62226] [gbkey=CDS]
lcl|CP015728.1_prot_ANE89190.1_8          -          group_55_clustal     -            1.4e-82  278.1   0.6   1.6e-82  278.0   0.6   1.0   1   0   0   1   1   1   1 [locus_tag=DA68_27830] [protein=hypothetical protein] [protein_id=ANE89190.1] [location=7426..8271] [gbkey=CDS]
lcl|CP016597.1_prot_ASJ51895.1_41         -          group_55_clustal     -            1.4e-82  278.1   0.6   1.6e-82  278.0   0.6   1.0   1   0   0   1   1   1   1 [locus_tag=BA204_27995] [protein=hypothetical protein] [protein_id=ASJ51895.1] [location=complement(37873..38718)] [gbkey=CDS]
lcl|NZ_CP015728.1_prot_WP_000116909.1_9   -          group_55_clustal     -            1.4e-82  278.1   0.6   1.6e-82  278.0   0.6   1.0   1   0   0   1   1   1   1 [locus_tag=DA68_RS26700] [protein=hypothetical protein] [protein_id=WP_000116909.1] [location=7426..8271] [gbkey=CDS]
lcl|NZ_CP016597.1_prot_WP_000116909.1_43  -          group_55_clustal     -            1.4e-82  278.1   0.6   1.6e-82  278.0   0.6   1.0   1   0   0   1   1   1   1 [locus_tag=BA204_RS29695] [protein=hypothetical protein] [protein_id=WP_000116909.1] [location=complement(37873..38718)] [gbkey=CDS]
lcl|ABDK02000071.1_prot_EDX65298.1_48     -          group_55_clustal     -            5.8e-79  266.3   1.3   6.5e-79  266.1   1.3   1.0   1   0   0   1   1   1   1 [locus_tag=BC059799_B0051] [db_xref=Pathema:BC059799_B0051] [protein=conserved hypothetical protein] [protein_id=EDX65298.1] [location=28252..29097] [gbkey=CDS]
lcl|AP007211.1_prot_BAL21494.1_19         -          group_55_clustal     -            3.3e-08   34.2   0.3   4.4e-08   33.8   0.3   1.1   1   0   0   1   1   1   1 [locus_tag=BCN_C1_19] [protein=capsid protein Gp34 homolog] [protein_id=BAL21494.1] [location=complement(20339..21241)] [gbkey=CDS]
lcl|NC_016772.1_prot_WP_000537603.1_23    -          group_55_clustal     -            3.3e-08   34.2   0.3   4.4e-08   33.8   0.3   1.1   1   0   0   1   1   1   1 [locus_tag=BCN_RS28575] [protein=hypothetical protein] [protein_id=WP_000537603.1] [location=complement(20339..21241)] [gbkey=CDS]
lcl|CP020939.1_prot_ARO21610.1_64         -          group_55_clustal     -              2e-06   28.4   0.8   2.7e-06   27.9   0.8   1.1   1   0   0   1   1   1   1 [locus_tag=B2J90_29835] [protein=capsid protein] [protein_id=ARO21610.1] [location=complement(46837..47733)] [gbkey=CDS]
lcl|NZ_CP020939.1_prot_WP_085782918.1_63  -          group_55_clustal     -              2e-06   28.4   0.8   2.7e-06   27.9   0.8   1.1   1   0   0   1   1   1   1 [locus_tag=B2J90_RS29825] [protein=capsid protein] [protein_id=WP_085782918.1] [location=complement(46837..47733)] [gbkey=CDS]
lcl|CP009589.1_prot_AJI02650.1_6          -          group_55_clustal     -            9.2e-06   26.2   0.3   1.2e-05   25.8   0.3   1.1   1   0   0   1   1   1   1 [locus_tag=AQ16_5824] [protein=putative phage major capsid protein] [protein_id=AJI02650.1] [location=2876..3772] [gbkey=CDS]
lcl|CP009939.1_prot_AIY72832.1_74         -          group_55_clustal     -            9.2e-06   26.2   0.3   1.2e-05   25.8   0.3   1.1   1   0   0   1   1   1   1 [locus_tag=NT98_5940] [protein=putative phage major capsid protein] [protein_id=AIY72832.1] [location=complement(44684..45580)] [gbkey=CDS]
lcl|NZ_CP009589.1_prot_WP_001980909.1_7   -          group_55_clustal     -            9.2e-06   26.2   0.3   1.2e-05   25.8   0.3   1.1   1   0   0   1   1   1   1 [locus_tag=AQ16_RS00035] [protein=hypothetical protein] [protein_id=WP_001980909.1] [location=2876..3772] [gbkey=CDS]
lcl|NZ_CP009939.1_prot_WP_001980909.1_61  -          group_55_clustal     -            9.2e-06   26.2   0.3   1.2e-05   25.8   0.3   1.1   1   0   0   1   1   1   1 [locus_tag=NT98_RS00320] [protein=hypothetical protein] [protein_id=WP_001980909.1] [location=complement(44684..45580)] [gbkey=CDS]
lcl|CP045607.2_prot_QFY03411.1_469        -          group_55_clustal     -               0.06   13.7   0.0      0.08   13.3   0.0   1.1   1   0   0   1   1   1   0 [locus_tag=GE376_30050] [protein=helixturnhelix domaincontaining protein] [protein_id=QFY03411.1] [location=complement(574298..574726)] [gbkey=CDS]
lcl|NZ_CP045607.2_prot_WP_097920816.1_469 -          group_55_clustal     -               0.06   13.7   0.0      0.08   13.3   0.0   1.1   1   0   0   1   1   1   0 [locus_tag=GE376_RS29945] [protein=helixturnhelix transcriptional regulator] [protein_id=WP_097920816.1] [location=complement(574298..574726)] [gbkey=CDS]
lcl|CP009638.1_prot_AJI08646.1_1          -          group_64_clustal     -           1.3e-128  429.7   2.0  1.4e-128  429.5   2.0   1.0   1   0   0   1   1   1   1 [locus_tag=AK40_6148] [protein=phage major capsid protein, HK97 family] [protein_id=AJI08646.1] [location=complement(168..1097)] [gbkey=CDS]
lcl|NZ_CP009638.1_prot_WP_001995604.1_2   -          group_64_clustal     -           1.3e-128  429.7   2.0  1.4e-128  429.5   2.0   1.0   1   0   0   1   1   1   1 [locus_tag=AK40_RS01355] [protein=phage major capsid protein] [protein_id=WP_001995604.1] [location=complement(168..1097)] [gbkey=CDS]
lcl|ABCZ02000100.1_prot_EDX54268.1_39     -          group_64_clustal     -           4.5e-125  418.0   0.3  5.1e-125  417.9   0.3   1.0   1   0   0   1   1   1   1 [locus_tag=BCW_B0042] [protein=conserved hypothetical protein] [protein_id=EDX54268.1] [location=23761..24690] [gbkey=CDS]
lcl|CP000229.1_prot_ACM15997.1_35         -          group_64_clustal     -           1.7e-117  393.1   0.1  1.9e-117  393.0   0.1   1.0   1   0   0   1   1   1   1 [locus_tag=BCQ_PT35] [protein=XkdG] [protein_id=ACM15997.1] [location=complement(30287..31276)] [gbkey=CDS]
lcl|NC_011971.1_prot_WP_000537551.1_35    -          group_64_clustal     -           1.7e-117  393.1   0.1  1.9e-117  393.0   0.1   1.0   1   0   0   1   1   1   1 [locus_tag=BCQ_RS28220] [protein=hypothetical protein] [protein_id=WP_000537551.1] [location=complement(30287..31276)] [gbkey=CDS]
lcl|CP029455.1_prot_QDD87010.1_215        -          group_64_clustal     -           4.6e-114  381.9   0.4  5.2e-114  381.7   0.4   1.0   1   0   0   1   1   1   1 [locus_tag=FORC087_220] [protein=Phagelike element PBSX protein xkdG] [protein_id=QDD87010.1] [location=230925..231905] [gbkey=CDS]
lcl|NZ_CP029455.1_prot_WP_001060157.1_196 -          group_64_clustal     -           4.6e-114  381.9   0.4  5.2e-114  381.7   0.4   1.0   1   0   0   1   1   1   1 [locus_tag=FORC087_RS28470] [protein=hypothetical protein] [protein_id=WP_001060157.1] [location=230925..231905] [gbkey=CDS]
lcl|CP003188.1_prot_AEW58680.1_77         -          group_64_clustal     -            1.5e-99  334.2   0.1   1.7e-99  334.1   0.1   1.0   1   0   0   1   1   1   1 [locus_tag=bcf_27955] [protein=Phagelike protein] [protein_id=AEW58680.1] [location=complement(47686..48423)] [gbkey=CDS]
lcl|NC_016794.1_prot_61                   -          group_64_clustal     -            2.3e-99  333.6   0.0   2.8e-99  333.3   0.0   1.0   1   0   0   1   1   1   1 [locus_tag=BCF_RS27415] [protein=phage major capsid protein] [pseudo=true] [location=complement(47486..48423)] [gbkey=CDS]
lcl|CP009594.1_prot_AJH60090.1_74         -          group_64_clustal     -            1.3e-54  186.6   0.4   1.6e-54  186.4   0.4   1.0   1   0   0   1   1   1   1 [locus_tag=BG11_5825] [protein=phage major capsid protein, HK97 family] [protein_id=AJH60090.1] [location=45828..46745] [gbkey=CDS]
lcl|CP009603.1_prot_AJK31999.1_36         -          group_64_clustal     -            1.3e-54  186.6   0.4   1.6e-54  186.4   0.4   1.0   1   0   0   1   1   1   1 [locus_tag=BF33_5788] [protein=phage major capsid protein, HK97 family] [protein_id=AJK31999.1] [location=18414..19331] [gbkey=CDS]
lcl|NZ_CP009594.1_prot_WP_042631174.1_65  -          group_64_clustal     -            1.3e-54  186.6   0.4   1.6e-54  186.4   0.4   1.0   1   0   0   1   1   1   1 [locus_tag=BG11_RS00370] [protein=hypothetical protein] [protein_id=WP_042631174.1] [location=45828..46745] [gbkey=CDS]
lcl|NZ_CP009603.1_prot_WP_042631174.1_33  -          group_64_clustal     -            1.3e-54  186.6   0.4   1.6e-54  186.4   0.4   1.0   1   0   0   1   1   1   1 [locus_tag=BF33_RS00155] [protein=hypothetical protein] [protein_id=WP_042631174.1] [location=18414..19331] [gbkey=CDS]
lcl|CP003188.1_prot_AEW58679.1_76         -          group_64_clustal     -             0.0023   18.3   0.0    0.0023   18.3   0.0   1.0   1   0   0   1   1   1   1 [locus_tag=bcf_27950] [protein=hypothetical protein] [protein_id=AEW58679.1] [location=complement(47486..47638)] [gbkey=CDS]
lcl|NZ_CP022446.1_prot_WP_089607991.1_352 -          group_65_clustal     -               0.16   12.2   0.9       5.7    7.1   0.0   2.1   1   1   1   2   2   2   0 [locus_tag=CGZ63_RS30195] [protein=sitespecific integrase] [protein_id=WP_089607991.1] [location=447414..448013] [gbkey=CDS]
lcl|AE016878.2_prot_AAP12354.1_10        -          group_66_clustal     -            0.00018   21.9   0.7      0.14   12.4   0.1   2.2   2   0   0   2   2   2   2 [locus_tag=BC_p0010] [protein=hypothetical cytosolic protein] [protein_id=AAP12354.1] [location=6980..8047] [gbkey=CDS]
lcl|CP034552.1_prot_QCX97436.1_10        -          group_66_clustal     -            0.00018   21.9   0.7      0.14   12.4   0.1   2.2   2   0   0   2   2   2   2 [locus_tag=EJ379_28085] [protein=cytoplasmic protein] [protein_id=QCX97436.1] [location=6918..7985] [gbkey=CDS]
lcl|NC_004721.2_prot_WP_000852326.1_13   -          group_66_clustal     -            0.00018   21.9   0.7      0.14   12.4   0.1   2.2   2   0   0   2   2   2   2 [locus_tag=BC_RS27430] [protein=hypothetical protein] [protein_id=WP_000852326.1] [location=6980..8047] [gbkey=CDS]
lcl|NZ_CP034552.1_prot_WP_000852326.1_13 -          group_66_clustal     -            0.00018   21.9   0.7      0.14   12.4   0.1   2.2   2   0   0   2   2   2   2 [locus_tag=EJ379_RS28095] [db_xref=GeneID:50196272] [protein=hypothetical protein] [protein_id=WP_000852326.1] [location=6918..7985] [gbkey=CDS]
lcl|NZ_CP040335.1_prot_WP_000588590.1_41 -          group_68_clustal     -               0.11   12.3   0.0      0.14   12.0   0.0   1.2   1   0   0   1   1   1   0 [locus_tag=EUC39_RS27140] [protein=phage major capsid protein] [protein_id=WP_000588590.1] [location=complement(34387..35511)] [gbkey=CDS]
lcl|ABDK02000071.1_prot_EDX65298.1_48    -          group_75_clustal     -            0.00019   21.6   0.6   0.00027   21.0   0.6   1.2   1   0   0   1   1   1   1 [locus_tag=BC059799_B0051] [db_xref=Pathema:BC059799_B0051] [protein=conserved hypothetical protein] [protein_id=EDX65298.1] [location=28252..29097] [gbkey=CDS]
lcl|CP015728.1_prot_ANE89190.1_8         -          group_75_clustal     -            0.00089   19.3   0.2    0.0012   19.0   0.2   1.1   1   0   0   1   1   1   1 [locus_tag=DA68_27830] [protein=hypothetical protein] [protein_id=ANE89190.1] [location=7426..8271] [gbkey=CDS]
lcl|CP016597.1_prot_ASJ51895.1_41        -          group_75_clustal     -            0.00089   19.3   0.2    0.0012   19.0   0.2   1.1   1   0   0   1   1   1   1 [locus_tag=BA204_27995] [protein=hypothetical protein] [protein_id=ASJ51895.1] [location=complement(37873..38718)] [gbkey=CDS]
lcl|NZ_CP015728.1_prot_WP_000116909.1_9  -          group_75_clustal     -            0.00089   19.3   0.2    0.0012   19.0   0.2   1.1   1   0   0   1   1   1   1 [locus_tag=DA68_RS26700] [protein=hypothetical protein] [protein_id=WP_000116909.1] [location=7426..8271] [gbkey=CDS]
lcl|NZ_CP016597.1_prot_WP_000116909.1_43 -          group_75_clustal     -            0.00089   19.3   0.2    0.0012   19.0   0.2   1.1   1   0   0   1   1   1   1 [locus_tag=BA204_RS29695] [protein=hypothetical protein] [protein_id=WP_000116909.1] [location=complement(37873..38718)] [gbkey=CDS]
lcl|CP029457.1_prot_QDD87494.1_89        -          group_75_clustal     -            0.00089   19.3   0.2    0.0012   19.0   0.2   1.1   1   0   0   1   1   1   1 [locus_tag=FORC087_711] [protein=hypothetical protein] [protein_id=QDD87494.1] [location=61381..62226] [gbkey=CDS]
lcl|NZ_CP029457.1_prot_WP_000116908.1_79 -          group_75_clustal     -            0.00089   19.3   0.2    0.0012   19.0   0.2   1.1   1   0   0   1   1   1   1 [locus_tag=FORC087_RS30675] [protein=hypothetical protein] [protein_id=WP_000116908.1] [location=61381..62226] [gbkey=CDS]
lcl|ABDM02000065.1_prot_EDX59409.1_25    -          group_76_clustal     -            1.4e-06   28.3   0.1   2.1e-06   27.7   0.1   1.2   1   0   0   1   1   1   1 [locus_tag=BC03BB108_E0025] [protein=conserved hypothetical protein] [protein_id=EDX59409.1] [location=14345..15283] [gbkey=CDS]
lcl|CP009637.1_prot_AJI08551.1_65        -          group_76_clustal     -            1.4e-06   28.3   0.1   2.1e-06   27.7   0.1   1.2   1   0   0   1   1   1   1 [locus_tag=AK40_6302] [protein=hypothetical protein] [protein_id=AJI08551.1] [location=complement(38333..39271)] [gbkey=CDS]
lcl|NZ_CP009637.1_prot_WP_001996373.1_56 -          group_76_clustal     -            1.4e-06   28.3   0.1   2.1e-06   27.7   0.1   1.2   1   0   0   1   1   1   1 [locus_tag=AK40_RS01335] [protein=DUF5309 family protein] [protein_id=WP_001996373.1] [location=complement(38333..39271)] [gbkey=CDS]
lcl|CP014487.1_prot_AQQ66190.1_45        -          group_76_clustal     -              2e-06   27.8   0.2   2.8e-06   27.3   0.2   1.2   1   0   0   1   1   1   1 [locus_tag=FORC21_5395] [protein=hypothetical Protein] [protein_id=AQQ66190.1] [location=25059..25991] [gbkey=CDS]
lcl|NZ_CP014487.1_prot_WP_072770086.1_38 -          group_76_clustal     -              2e-06   27.8   0.2   2.8e-06   27.3   0.2   1.2   1   0   0   1   1   1   1 [locus_tag=FORC21_RS28545] [protein=DUF5309 family protein] [protein_id=WP_072770086.1] [location=25059..25991] [gbkey=CDS]
lcl|NZ_CP011156.1_prot_WP_063538642.1_120 -          group_77_clustal     -              0.035   14.2   0.0     0.058   13.4   0.0   1.3   1   0   0   1   1   1   0 [locus_tag=WR52_RS27950] [protein=hypothetical protein] [protein_id=WP_063538642.1] [location=complement(154352..155395)] [gbkey=CDS]
lcl|CP020938.1_prot_ARO21394.1_106        -          group_82_clustal     -                5.7    6.9  16.7       7.9    6.5  16.7   1.1   1   0   0   1   1   1   0 [locus_tag=B2J90_28680] [protein=hypothetical protein] [protein_id=ARO21394.1] [location=complement(93191..93982)] [gbkey=CDS]
lcl|NZ_CP020938.1_prot_WP_085782716.1_110 -          group_82_clustal     -                5.7    6.9  16.7       7.9    6.5  16.7   1.1   1   0   0   1   1   1   0 [locus_tag=B2J90_RS28670] [protein=hypothetical protein] [protein_id=WP_085782716.1] [location=complement(93191..93982)] [gbkey=CDS]
lcl|CP003188.1_prot_AEW58680.1_77       -          group_86_clustal     -              0.086   13.4   0.0      0.11   13.1   0.0   1.2   1   0   0   1   1   1   0 [locus_tag=bcf_27955] [protein=Phagelike protein] [protein_id=AEW58680.1] [location=complement(47686..48423)] [gbkey=CDS]
lcl|CP009638.1_prot_AJI08646.1_1        -          group_86_clustal     -               0.12   12.9   0.0      0.17   12.4   0.0   1.3   1   0   0   1   1   1   0 [locus_tag=AK40_6148] [protein=phage major capsid protein, HK97 family] [protein_id=AJI08646.1] [location=complement(168..1097)] [gbkey=CDS]
lcl|NZ_CP009638.1_prot_WP_001995604.1_2 -          group_86_clustal     -               0.12   12.9   0.0      0.17   12.4   0.0   1.3   1   0   0   1   1   1   0 [locus_tag=AK40_RS01355] [protein=phage major capsid protein] [protein_id=WP_001995604.1] [location=complement(168..1097)] [gbkey=CDS]
lcl|NC_016794.1_prot_61                 -          group_86_clustal     -               0.14   12.7   0.0      0.17   12.4   0.0   1.2   1   0   0   1   1   1   0 [locus_tag=BCF_RS27415] [protein=phage major capsid protein] [pseudo=true] [location=complement(47486..48423)] [gbkey=CDS]
lcl|CP016361.1_prot_ASK17729.1_40        -          group_88_clustal     -              0.046   13.4   0.2     0.055   13.2   0.2   1.1   1   0   0   1   1   1   0 [locus_tag=BA201_27840] [protein=hypothetical protein] [protein_id=ASK17729.1] [location=complement(32263..32844)] [gbkey=CDS]
lcl|NZ_CP016361.1_prot_WP_000809636.1_39 -          group_88_clustal     -              0.046   13.4   0.2     0.055   13.2   0.2   1.1   1   0   0   1   1   1   0 [locus_tag=BA201_RS29310] [protein=hypothetical protein] [protein_id=WP_000809636.1] [location=complement(32263..32844)] [gbkey=CDS]
lcl|ABDK02000071.1_prot_EDX65298.1_48     -          group_8_clustal      -              1e-15   58.8   1.3   1.2e-15   58.6   1.3   1.0   1   0   0   1   1   1   1 [locus_tag=BC059799_B0051] [db_xref=Pathema:BC059799_B0051] [protein=conserved hypothetical protein] [protein_id=EDX65298.1] [location=28252..29097] [gbkey=CDS]
lcl|CP029457.1_prot_QDD87494.1_89         -          group_8_clustal      -            1.6e-14   54.9   0.7     2e-14   54.6   0.7   1.1   1   0   0   1   1   1   1 [locus_tag=FORC087_711] [protein=hypothetical protein] [protein_id=QDD87494.1] [location=61381..62226] [gbkey=CDS]
lcl|NZ_CP029457.1_prot_WP_000116908.1_79  -          group_8_clustal      -            1.6e-14   54.9   0.7     2e-14   54.6   0.7   1.1   1   0   0   1   1   1   1 [locus_tag=FORC087_RS30675] [protein=hypothetical protein] [protein_id=WP_000116908.1] [location=61381..62226] [gbkey=CDS]
lcl|CP015728.1_prot_ANE89190.1_8          -          group_8_clustal      -              3e-14   54.0   0.9   3.7e-14   53.7   0.9   1.1   1   0   0   1   1   1   1 [locus_tag=DA68_27830] [protein=hypothetical protein] [protein_id=ANE89190.1] [location=7426..8271] [gbkey=CDS]
lcl|CP016597.1_prot_ASJ51895.1_41         -          group_8_clustal      -              3e-14   54.0   0.9   3.7e-14   53.7   0.9   1.1   1   0   0   1   1   1   1 [locus_tag=BA204_27995] [protein=hypothetical protein] [protein_id=ASJ51895.1] [location=complement(37873..38718)] [gbkey=CDS]
lcl|NZ_CP015728.1_prot_WP_000116909.1_9   -          group_8_clustal      -              3e-14   54.0   0.9   3.7e-14   53.7   0.9   1.1   1   0   0   1   1   1   1 [locus_tag=DA68_RS26700] [protein=hypothetical protein] [protein_id=WP_000116909.1] [location=7426..8271] [gbkey=CDS]
lcl|NZ_CP016597.1_prot_WP_000116909.1_43  -          group_8_clustal      -              3e-14   54.0   0.9   3.7e-14   53.7   0.9   1.1   1   0   0   1   1   1   1 [locus_tag=BA204_RS29695] [protein=hypothetical protein] [protein_id=WP_000116909.1] [location=complement(37873..38718)] [gbkey=CDS]
lcl|CP020938.1_prot_ARO21511.1_233        -          group_8_clustal      -            7.8e-06   26.4   0.1   3.1e-05   24.4   0.0   1.9   2   1   0   2   2   2   1 [locus_tag=B2J90_29400] [protein=phage major capsid protein] [protein_id=ARO21511.1] [location=202485..203591] [gbkey=CDS]
lcl|NZ_CP020938.1_prot_WP_085782832.1_239 -          group_8_clustal      -            7.8e-06   26.4   0.1   3.1e-05   24.4   0.0   1.9   2   1   0   2   2   2   1 [locus_tag=B2J90_RS29390] [protein=phage major capsid protein] [protein_id=WP_085782832.1] [location=202485..203591] [gbkey=CDS]
lcl|ABCZ02000100.1_prot_EDX54297.1_79     -          group_8_clustal      -              0.061   13.6   0.0     0.068   13.4   0.0   1.0   1   0   0   1   1   1   0 [locus_tag=BCW_B0082] [protein=conserved hypothetical protein] [protein_id=EDX54297.1] [location=54949..55242] [gbkey=CDS]
lcl|ABDK02000071.1_prot_EDX65298.1_48    -          group_91_clustal     -            3.6e-10   40.4   0.6   4.3e-10   40.2   0.6   1.0   1   0   0   1   1   1   1 [locus_tag=BC059799_B0051] [db_xref=Pathema:BC059799_B0051] [protein=conserved hypothetical protein] [protein_id=EDX65298.1] [location=28252..29097] [gbkey=CDS]
lcl|CP015728.1_prot_ANE89190.1_8         -          group_91_clustal     -            1.6e-08   35.0   0.1   1.9e-08   34.7   0.1   1.1   1   0   0   1   1   1   1 [locus_tag=DA68_27830] [protein=hypothetical protein] [protein_id=ANE89190.1] [location=7426..8271] [gbkey=CDS]
lcl|CP016597.1_prot_ASJ51895.1_41        -          group_91_clustal     -            1.6e-08   35.0   0.1   1.9e-08   34.7   0.1   1.1   1   0   0   1   1   1   1 [locus_tag=BA204_27995] [protein=hypothetical protein] [protein_id=ASJ51895.1] [location=complement(37873..38718)] [gbkey=CDS]
lcl|NZ_CP015728.1_prot_WP_000116909.1_9  -          group_91_clustal     -            1.6e-08   35.0   0.1   1.9e-08   34.7   0.1   1.1   1   0   0   1   1   1   1 [locus_tag=DA68_RS26700] [protein=hypothetical protein] [protein_id=WP_000116909.1] [location=7426..8271] [gbkey=CDS]
lcl|NZ_CP016597.1_prot_WP_000116909.1_43 -          group_91_clustal     -            1.6e-08   35.0   0.1   1.9e-08   34.7   0.1   1.1   1   0   0   1   1   1   1 [locus_tag=BA204_RS29695] [protein=hypothetical protein] [protein_id=WP_000116909.1] [location=complement(37873..38718)] [gbkey=CDS]
lcl|CP029457.1_prot_QDD87494.1_89        -          group_91_clustal     -            1.8e-08   34.8   0.1   2.2e-08   34.5   0.1   1.1   1   0   0   1   1   1   1 [locus_tag=FORC087_711] [protein=hypothetical protein] [protein_id=QDD87494.1] [location=61381..62226] [gbkey=CDS]
lcl|NZ_CP029457.1_prot_WP_000116908.1_79 -          group_91_clustal     -            1.8e-08   34.8   0.1   2.2e-08   34.5   0.1   1.1   1   0   0   1   1   1   1 [locus_tag=FORC087_RS30675] [protein=hypothetical protein] [protein_id=WP_000116908.1] [location=61381..62226] [gbkey=CDS]
lcl|CP020938.1_prot_ARO21511.1_233        -          group_92_clustal     -             0.0057   16.7   0.0      0.01   15.8   0.0   1.4   1   0   0   1   1   1   1 [locus_tag=B2J90_29400] [protein=phage major capsid protein] [protein_id=ARO21511.1] [location=202485..203591] [gbkey=CDS]
lcl|NZ_CP020938.1_prot_WP_085782832.1_239 -          group_92_clustal     -             0.0057   16.7   0.0      0.01   15.8   0.0   1.4   1   0   0   1   1   1   1 [locus_tag=B2J90_RS29390] [protein=phage major capsid protein] [protein_id=WP_085782832.1] [location=202485..203591] [gbkey=CDS]
lcl|AP007211.1_prot_BAL21494.1_19         -          group_92_clustal     -              0.087   12.8   0.2      0.12   12.3   0.2   1.2   1   0   0   1   1   1   0 [locus_tag=BCN_C1_19] [protein=capsid protein Gp34 homolog] [protein_id=BAL21494.1] [location=complement(20339..21241)] [gbkey=CDS]
lcl|NC_016772.1_prot_WP_000537603.1_23    -          group_92_clustal     -              0.087   12.8   0.2      0.12   12.3   0.2   1.2   1   0   0   1   1   1   0 [locus_tag=BCN_RS28575] [protein=hypothetical protein] [protein_id=WP_000537603.1] [location=complement(20339..21241)] [gbkey=CDS]
lcl|CP020938.1_prot_ARO21511.1_233        -          group_93_clustal     -             0.0053   17.0   0.0    0.0096   16.1   0.0   1.3   1   0   0   1   1   1   1 [locus_tag=B2J90_29400] [protein=phage major capsid protein] [protein_id=ARO21511.1] [location=202485..203591] [gbkey=CDS]
lcl|NZ_CP020938.1_prot_WP_085782832.1_239 -          group_93_clustal     -             0.0053   17.0   0.0    0.0096   16.1   0.0   1.3   1   0   0   1   1   1   1 [locus_tag=B2J90_RS29390] [protein=phage major capsid protein] [protein_id=WP_085782832.1] [location=202485..203591] [gbkey=CDS]
lcl|ABDM02000065.1_prot_EDX59409.1_25    -          group_94_clustal     -            5.7e-47  161.5   0.0   5.1e-46  158.4   0.0   1.9   1   1   0   1   1   1   1 [locus_tag=BC03BB108_E0025] [protein=conserved hypothetical protein] [protein_id=EDX59409.1] [location=14345..15283] [gbkey=CDS]
lcl|CP009637.1_prot_AJI08551.1_65        -          group_94_clustal     -            5.7e-47  161.5   0.0   5.1e-46  158.4   0.0   1.9   1   1   0   1   1   1   1 [locus_tag=AK40_6302] [protein=hypothetical protein] [protein_id=AJI08551.1] [location=complement(38333..39271)] [gbkey=CDS]
lcl|NZ_CP009637.1_prot_WP_001996373.1_56 -          group_94_clustal     -            5.7e-47  161.5   0.0   5.1e-46  158.4   0.0   1.9   1   1   0   1   1   1   1 [locus_tag=AK40_RS01335] [protein=DUF5309 family protein] [protein_id=WP_001996373.1] [location=complement(38333..39271)] [gbkey=CDS]
lcl|CP014487.1_prot_AQQ66190.1_45        -          group_94_clustal     -              1e-46  160.7   0.1   9.1e-46  157.5   0.1   1.9   1   1   0   1   1   1   1 [locus_tag=FORC21_5395] [protein=hypothetical Protein] [protein_id=AQQ66190.1] [location=25059..25991] [gbkey=CDS]
lcl|NZ_CP014487.1_prot_WP_072770086.1_38 -          group_94_clustal     -              1e-46  160.7   0.1   9.1e-46  157.5   0.1   1.9   1   1   0   1   1   1   1 [locus_tag=FORC21_RS28545] [protein=DUF5309 family protein] [protein_id=WP_072770086.1] [location=25059..25991] [gbkey=CDS]
lcl|ABCZ02000100.1_prot_EDX54328.1_46 -          group_95_clustal     -              0.081   13.0   0.8     0.097   12.8   0.8   1.2   1   0   0   1   1   1   0 [locus_tag=BCW_B0049] [protein=putative phagerelated protein] [protein_id=EDX54328.1] [location=27076..27492] [gbkey=CDS]
lcl|AP007210.1_prot_BAL21362.1_154            -          group_98_clustal     -               0.38   10.4   9.9      0.43   10.2   9.9   1.1   1   0   0   1   1   1   0 [locus_tag=BCN_P154] [protein=hypothetical protein] [protein_id=BAL21362.1] [location=160601..161401] [gbkey=CDS]
lcl|CP001166.1_prot_ACI30466.1_85             -          group_98_clustal     -               0.38   10.4   9.9      0.43   10.2   9.9   1.1   1   0   0   1   1   1   0 [locus_tag=BCH308197_A0085] [protein=conserved hypothetical protein] [protein_id=ACI30466.1] [location=complement(89950..90750)] [gbkey=CDS]
lcl|CP001179.1_prot_ACJ82827.1_126            -          group_98_clustal     -               0.38   10.4   9.9      0.43   10.2   9.9   1.1   1   0   0   1   1   1   0 [locus_tag=BCAH187_C0176] [db_xref=Pathema:BCAH187_C0176] [protein=conserved hypothetical protein] [protein_id=ACJ82827.1] [location=105323..106123] [gbkey=CDS]
lcl|DQ889676.1_prot_ABK00589.1_154            -          group_98_clustal     -               0.38   10.4   9.9      0.43   10.2   9.9   1.1   1   0   0   1   1   1   0 [locus_tag=BcAH187_pCER270_0158] [protein=hypothetical protein] [protein_id=ABK00589.1] [location=161732..162532] [gbkey=CDS]
lcl|NC_010924.1_prot_YP_001967298.1_151       -          group_98_clustal     -               0.38   10.4   9.9      0.43   10.2   9.9   1.1   1   0   0   1   1   1   0 [locus_tag=BcAH187_pCER270_0158] [db_xref=GeneID:6382816] [protein=hypothetical protein] [protein_id=YP_001967298.1] [location=161732..162532] [gbkey=CDS]
lcl|NC_011655.1_prot_WP_001272211.1_99        -          group_98_clustal     -               0.38   10.4   9.9      0.43   10.2   9.9   1.1   1   0   0   1   1   1   0 [locus_tag=BCAH187_RS28270] [protein=hypothetical protein] [protein_id=WP_001272211.1] [location=105323..106123] [gbkey=CDS]
lcl|NC_016792.1_prot_WP_001272211.1_135       -          group_98_clustal     -               0.38   10.4   9.9      0.43   10.2   9.9   1.1   1   0   0   1   1   1   0 [locus_tag=BCN_RS27975] [protein=hypothetical protein] [protein_id=WP_001272211.1] [location=160601..161401] [gbkey=CDS]
lcl|ABDA02000035.1_prot_EDZ49166.1_601        -          group_98_clustal     -                1.1    8.9   4.4       1.3    8.6   4.4   1.0   1   0   0   1   1   1   0 [locus_tag=BCAH1134_C0727] [protein=conserved hypothetical protein] [protein_id=EDZ49166.1] [location=485908..486420] [gbkey=CDS]
lcl|NZ_ABDA02000035.1_prot_WP_001035636.1_432 -          group_98_clustal     -                1.1    8.9   4.4       1.3    8.6   4.4   1.0   1   0   0   1   1   1   0 [locus_tag=BCAH1134_RS29595] [protein=hypothetical protein] [protein_id=WP_001035636.1] [location=485908..486420] [gbkey=CDS]
lcl|CP029455.1_prot_QDD86924.1_129            -          group_98_clustal     -                1.1    8.9   4.4       1.3    8.6   4.4   1.0   1   0   0   1   1   1   0 [locus_tag=FORC087_134] [protein=hypothetical protein] [protein_id=QDD86924.1] [location=161933..162442] [gbkey=CDS]
lcl|NZ_CP029455.1_prot_WP_025118675.1_118     -          group_98_clustal     -                1.1    8.9   4.4       1.3    8.6   4.4   1.0   1   0   0   1   1   1   0 [locus_tag=FORC087_RS28080] [protein=hypothetical protein] [protein_id=WP_025118675.1] [location=161933..162442] [gbkey=CDS]
lcl|AP007210.1_prot_BAL21316.1_108            -          group_98_clustal     -                1.6    8.4   4.0       1.8    8.2   4.0   1.0   1   0   0   1   1   1   0 [locus_tag=BCN_P108] [protein=hypothetical protein] [protein_id=BAL21316.1] [location=complement(122184..122687)] [gbkey=CDS]
lcl|CP001166.1_prot_ACI30445.1_132            -          group_98_clustal     -                1.6    8.4   4.0       1.8    8.2   4.0   1.0   1   0   0   1   1   1   0 [locus_tag=BCH308197_A0133] [protein=conserved hypothetical protein] [protein_id=ACI30445.1] [location=128663..129166] [gbkey=CDS]
lcl|CP001179.1_prot_ACJ82643.1_79             -          group_98_clustal     -                1.6    8.4   4.0       1.8    8.2   4.0   1.0   1   0   0   1   1   1   0 [locus_tag=BCAH187_C0128] [db_xref=Pathema:BCAH187_C0128] [protein=conserved hypothetical protein] [protein_id=ACJ82643.1] [location=complement(66906..67409)] [gbkey=CDS]
lcl|DQ889676.1_prot_ABK00574.1_113            -          group_98_clustal     -                1.6    8.4   4.0       1.8    8.2   4.0   1.0   1   0   0   1   1   1   0 [locus_tag=BcAH187_pCER270_0116] [protein=putative lipoprotein] [protein_id=ABK00574.1] [location=complement(123315..123818)] [gbkey=CDS]
lcl|NC_010924.1_prot_YP_001967258.1_111       -          group_98_clustal     -                1.6    8.4   4.0       1.8    8.2   4.0   1.0   1   0   0   1   1   1   0 [locus_tag=BcAH187_pCER270_0116] [db_xref=GeneID:6382982] [protein=putative lipoprotein] [protein_id=YP_001967258.1] [location=complement(123315..123818)] [gbkey=CDS]
lcl|NC_011655.1_prot_WP_000823722.1_64        -          group_98_clustal     -                1.6    8.4   4.0       1.8    8.2   4.0   1.0   1   0   0   1   1   1   0 [locus_tag=BCAH187_RS28075] [protein=hypothetical protein] [protein_id=WP_000823722.1] [location=complement(66906..67409)] [gbkey=CDS]
lcl|NC_016792.1_prot_WP_000823722.1_100       -          group_98_clustal     -                1.6    8.4   4.0       1.8    8.2   4.0   1.0   1   0   0   1   1   1   0 [locus_tag=BCN_RS27780] [protein=hypothetical protein] [protein_id=WP_000823722.1] [location=complement(122184..122687)] [gbkey=CDS]
lcl|CP023246.1_prot_ASZ69400.1_44             -          group_98_clustal     -                2.8    7.6   8.9       3.5    7.2   8.9   1.1   1   0   0   1   1   1   0 [locus_tag=CJ306_29525] [protein=cell wall anchor protein] [protein_id=ASZ69400.1] [location=complement(36502..37059)] [gbkey=CDS]
lcl|NZ_CP023246.1_prot_WP_119684240.1_42      -          group_98_clustal     -                2.8    7.6   8.9       3.5    7.2   8.9   1.1   1   0   0   1   1   1   0 [locus_tag=CJ306_RS28735] [protein=LPXTG cell wall anchor domaincontaining protein] [protein_id=WP_119684240.1] [location=complement(36502..37059)] [gbkey=CDS]
lcl|CP000040.1_prot_AAY60564.1_393            -          group_98_clustal     -                2.8    7.5   5.8       3.4    7.3   5.8   1.1   1   0   0   1   1   1   0 [locus_tag=pE33L466_0426] [protein=hypothetical protein] [protein_id=AAY60564.1] [location=431927..432433] [gbkey=CDS]
lcl|CP009967.1_prot_AJI25980.1_354            -          group_98_clustal     -                2.8    7.5   5.8       3.4    7.3   5.8   1.1   1   0   0   1   1   1   0 [locus_tag=BF28_5844] [protein=hypothetical protein] [protein_id=AJI25980.1] [location=complement(355986..356492)] [gbkey=CDS]
lcl|NC_007103.1_prot_WP_000038581.1_453       -          group_98_clustal     -                2.8    7.5   5.8       3.4    7.3   5.8   1.1   1   0   0   1   1   1   0 [locus_tag=BCE33L_RS29600] [protein=hypothetical protein] [protein_id=WP_000038581.1] [location=431927..432433] [gbkey=CDS]
lcl|NZ_CP009967.1_prot_WP_000038581.1_334     -          group_98_clustal     -                2.8    7.5   5.8       3.4    7.3   5.8   1.1   1   0   0   1   1   1   0 [locus_tag=BF28_RS02035] [protein=hypothetical protein] [protein_id=WP_000038581.1] [location=complement(355986..356492)] [gbkey=CDS]
lcl|CP045607.2_prot_QFY03328.1_380            -          group_98_clustal     -                4.6    6.8   9.5       5.7    6.5   9.5   1.1   1   0   0   1   1   1   0 [locus_tag=GE376_29525] [protein=LPXTG cell wall anchor domaincontaining protein] [protein_id=QFY03328.1] [location=468279..468836] [gbkey=CDS]
lcl|NZ_CP045607.2_prot_WP_153218449.1_380     -          group_98_clustal     -                4.6    6.8   9.5       5.7    6.5   9.5   1.1   1   0   0   1   1   1   0 [locus_tag=GE376_RS29495] [protein=LPXTG cell wall anchor domaincontaining protein] [protein_id=WP_153218449.1] [location=468279..468836] [gbkey=CDS]
lcl|CP046512.1_prot_QGV10257.1_11             -          group_98_clustal     -                5.6    6.5   9.5         7    6.2   9.5   1.1   1   0   0   1   1   1   0 [locus_tag=GNE09_26985] [protein=LPXTG cell wall anchor domaincontaining protein] [protein_id=QGV10257.1] [location=complement(7023..7616)] [gbkey=CDS]
lcl|CP009595.1_prot_AJH60326.1_175            -          group_98_clustal     -                5.7    6.5  14.1         8    6.0  14.1   1.2   1   0   0   1   1   1   0 [locus_tag=BG11_5637] [protein=hypothetical protein] [protein_id=AJH60326.1] [location=192912..193694] [gbkey=CDS]
lcl|CP009606.1_prot_AJK37522.1_46             -          group_98_clustal     -                5.7    6.5  14.1         8    6.0  14.1   1.2   1   0   0   1   1   1   0 [locus_tag=BF33_5506] [protein=hypothetical protein] [protein_id=AJK37522.1] [location=59147..59929] [gbkey=CDS]
lcl|NZ_CP009595.1_prot_WP_000876232.1_166     -          group_98_clustal     -                5.7    6.5  14.1         8    6.0  14.1   1.2   1   0   0   1   1   1   0 [locus_tag=BG11_RS01275] [protein=hypothetical protein] [protein_id=WP_000876232.1] [location=192912..193694] [gbkey=CDS]
lcl|NZ_CP009606.1_prot_WP_000876232.1_44      -          group_98_clustal     -                5.7    6.5  14.1         8    6.0  14.1   1.2   1   0   0   1   1   1   0 [locus_tag=BF33_RS28285] [protein=hypothetical protein] [protein_id=WP_000876232.1] [location=59147..59929] [gbkey=CDS]
lcl|NZ_CP015592.1_prot_WP_129075306.1_93      -          group_98_clustal     -                9.3    5.8  25.4       9.3    5.8  25.4   1.2   1   0   0   1   1   1   0 [locus_tag=A7A70_RS30690] [protein=hypothetical protein] [protein_id=WP_129075306.1] [location=complement(109030..109356)] [gbkey=CDS]
lcl|CP015728.1_prot_ANE89190.1_8          -          group_99_clustal     -             0.0001   22.3   0.1   0.00013   22.0   0.1   1.1   1   0   0   1   1   1   1 [locus_tag=DA68_27830] [protein=hypothetical protein] [protein_id=ANE89190.1] [location=7426..8271] [gbkey=CDS]
lcl|CP016597.1_prot_ASJ51895.1_41         -          group_99_clustal     -             0.0001   22.3   0.1   0.00013   22.0   0.1   1.1   1   0   0   1   1   1   1 [locus_tag=BA204_27995] [protein=hypothetical protein] [protein_id=ASJ51895.1] [location=complement(37873..38718)] [gbkey=CDS]
lcl|NZ_CP015728.1_prot_WP_000116909.1_9   -          group_99_clustal     -             0.0001   22.3   0.1   0.00013   22.0   0.1   1.1   1   0   0   1   1   1   1 [locus_tag=DA68_RS26700] [protein=hypothetical protein] [protein_id=WP_000116909.1] [location=7426..8271] [gbkey=CDS]
lcl|NZ_CP016597.1_prot_WP_000116909.1_43  -          group_99_clustal     -             0.0001   22.3   0.1   0.00013   22.0   0.1   1.1   1   0   0   1   1   1   1 [locus_tag=BA204_RS29695] [protein=hypothetical protein] [protein_id=WP_000116909.1] [location=complement(37873..38718)] [gbkey=CDS]
lcl|CP029457.1_prot_QDD87494.1_89         -          group_99_clustal     -            0.00011   22.3   0.1   0.00014   21.9   0.1   1.1   1   0   0   1   1   1   1 [locus_tag=FORC087_711] [protein=hypothetical protein] [protein_id=QDD87494.1] [location=61381..62226] [gbkey=CDS]
lcl|NZ_CP029457.1_prot_WP_000116908.1_79  -          group_99_clustal     -            0.00011   22.3   0.1   0.00014   21.9   0.1   1.1   1   0   0   1   1   1   1 [locus_tag=FORC087_RS30675] [protein=hypothetical protein] [protein_id=WP_000116908.1] [location=61381..62226] [gbkey=CDS]
lcl|ABDK02000071.1_prot_EDX65298.1_48     -          group_99_clustal     -            0.00039   20.4   0.3   0.00052   20.0   0.3   1.2   1   0   0   1   1   1   1 [locus_tag=BC059799_B0051] [db_xref=Pathema:BC059799_B0051] [protein=conserved hypothetical protein] [protein_id=EDX65298.1] [location=28252..29097] [gbkey=CDS]
lcl|CP023246.1_prot_ASZ69674.1_372        -          group_99_clustal     -               0.15   11.9   0.0      0.17   11.8   0.0   1.1   1   0   0   1   1   1   0 [locus_tag=CJ306_31165] [protein=DUF3958 domaincontaining protein] [protein_id=ASZ69674.1] [location=complement(451364..451726)] [gbkey=CDS]
lcl|CP042875.1_prot_QEF20228.1_284        -          group_99_clustal     -               0.15   11.9   0.0      0.17   11.8   0.0   1.1   1   0   0   1   1   1   0 [locus_tag=FRY47_28425] [protein=DUF3958 domaincontaining protein] [protein_id=QEF20228.1] [location=299225..299587] [gbkey=CDS]
lcl|NZ_CP023246.1_prot_WP_000076390.1_351 -          group_99_clustal     -               0.15   11.9   0.0      0.17   11.8   0.0   1.1   1   0   0   1   1   1   0 [locus_tag=CJ306_RS30380] [protein=DUF3958 family protein] [protein_id=WP_000076390.1] [location=complement(451364..451726)] [gbkey=CDS]
lcl|NZ_CP042875.1_prot_WP_000076390.1_267 -          group_99_clustal     -               0.15   11.9   0.0      0.17   11.8   0.0   1.1   1   0   0   1   1   1   0 [locus_tag=FRY47_RS01340] [protein=DUF3958 family protein] [protein_id=WP_000076390.1] [location=299225..299587] [gbkey=CDS]
#
# Program:         hmmsearch
# Version:         3.3 (Nov 2019)
# Pipeline mode:   SEARCH
# Query file:      data/group_0_HMM3.hmm
# Target file:     seq_database.fasta
# Option settings: hmmsearch --tblout results/group_0_hmmsearch.out --notextw data/group_0_HMM3.hmm seq_database.fasta 
# Current dir:     /media/lesia/ /     /major capsid protein
# Date:            Fri May  1 18:15:31 2020
# [ok]
