#                                                                                    --- full sequence ---- --- best 1 domain ---- --- domain number estimation ----
# target name                             accession  query name           accession    E-value  score  bias   E-value  score  bias   exp reg clu  ov env dom rep inc description of target
#                     ------------------- ---------- -------------------- ---------- --------- ------ ----- --------- ------ -----   --- --- --- --- --- --- --- --- ---------------------
lcl|CP014487.1_prot_AQQ66213.1_68         -          group_1_clustal      -            1.5e-08   35.2   0.8   2.2e-08   34.7   0.8   1.2   1   0   0   1   1   1   1 [locus_tag=FORC21_5418] [protein=hypothetical Protein] [protein_id=AQQ66213.1] [location=complement(40156..41166)] [gbkey=CDS]
lcl|NZ_CP014487.1_prot_WP_072770108.1_61  -          group_1_clustal      -            1.5e-08   35.2   0.8   2.2e-08   34.7   0.8   1.2   1   0   0   1   1   1   1 [locus_tag=FORC21_RS28660] [protein=plasmid segregation protein ParM] [protein_id=WP_072770108.1] [location=complement(40156..41166)] [gbkey=CDS]
lcl|CP001188.1_prot_ACK98727.1_8          -          group_1_clustal      -            3.4e-06   27.5   0.1   5.5e-06   26.8   0.1   1.3   1   0   0   1   1   1   1 [locus_tag=BCG9842_A0080] [protein=hypothetical protein] [protein_id=ACK98727.1] [location=8858..10039] [gbkey=CDS]
lcl|NC_011774.1_prot_WP_000856968.1_6     -          group_1_clustal      -            3.4e-06   27.5   0.1   5.5e-06   26.8   0.1   1.3   1   0   0   1   1   1   1 [locus_tag=BCG9842_RS28450] [protein=ParM/StbA family protein] [protein_id=WP_000856968.1] [location=8858..10039] [gbkey=CDS]
lcl|AP007211.1_prot_BAL21476.1_1          -          group_1_clustal      -            9.9e-06   26.0   0.0   1.4e-05   25.5   0.0   1.2   1   0   0   1   1   1   1 [locus_tag=BCN_C1_01] [protein=conserved hypothetical protein] [protein_id=BAL21476.1] [location=1506..2537] [gbkey=CDS]
lcl|NC_016772.1_prot_WP_000924195.1_2     -          group_1_clustal      -            9.9e-06   26.0   0.0   1.4e-05   25.5   0.0   1.2   1   0   0   1   1   1   1 [locus_tag=BCN_RS28470] [protein=ParM/StbA family protein] [protein_id=WP_000924195.1] [location=1506..2537] [gbkey=CDS]
lcl|ABDM02000065.1_prot_EDX59456.1_46     -          group_1_clustal      -             0.0001   22.6   0.0   0.00016   22.0   0.0   1.2   1   0   0   1   1   1   1 [locus_tag=BC03BB108_E0046] [protein=conserved hypothetical protein] [protein_id=EDX59456.1] [location=complement(29737..30768)] [gbkey=CDS]
lcl|CP009637.1_prot_AJI08547.1_44         -          group_1_clustal      -             0.0001   22.6   0.0   0.00016   22.0   0.0   1.2   1   0   0   1   1   1   1 [locus_tag=AK40_6281] [protein=stbA family protein] [protein_id=AJI08547.1] [location=22848..23879] [gbkey=CDS]
lcl|NZ_CP009637.1_prot_WP_001996415.1_35  -          group_1_clustal      -             0.0001   22.6   0.0   0.00016   22.0   0.0   1.2   1   0   0   1   1   1   1 [locus_tag=AK40_RS01230] [protein=ParM/StbA family protein] [protein_id=WP_001996415.1] [location=22848..23879] [gbkey=CDS]
lcl|CP001180.1_prot_ACJ82890.1_53         -          group_1_clustal      -              0.066   13.4   0.0      0.13   12.4   0.0   1.4   1   0   0   1   1   1   0 [locus_tag=BCAH187_E0022] [db_xref=Pathema:BCAH187_E0022] [protein=conserved hypothetical protein] [protein_id=ACJ82890.1] [location=complement(38807..39967)] [gbkey=CDS]
lcl|NC_011656.1_prot_WP_000996170.1_48    -          group_1_clustal      -              0.066   13.4   0.0      0.13   12.4   0.0   1.4   1   0   0   1   1   1   0 [locus_tag=BCAH187_RS29190] [protein=ParM/StbA family protein] [protein_id=WP_000996170.1] [location=complement(38807..39967)] [gbkey=CDS]
lcl|CP027922.1_prot_QHV08145.1_74         -          group_1_clustal      -              0.069   13.3   0.0      0.13   12.4   0.0   1.4   1   0   0   1   1   1   0 [locus_tag=C1N82_33710] [protein=peptide ABC transporter substratebinding protein] [protein_id=QHV08145.1] [location=complement(60117..61277)] [gbkey=CDS]
lcl|CP028013.1_prot_QHV47649.1_72         -          group_1_clustal      -              0.069   13.3   0.0      0.13   12.4   0.0   1.4   1   0   0   1   1   1   0 [locus_tag=C1N66_32175] [protein=ParM/StbA family protein] [protein_id=QHV47649.1] [location=complement(57039..58199)] [gbkey=CDS]
lcl|NZ_CP027922.1_prot_WP_162281215.1_70  -          group_1_clustal      -              0.069   13.3   0.0      0.13   12.4   0.0   1.4   1   0   0   1   1   1   0 [locus_tag=C1N82_RS32070] [protein=ParM/StbA family protein] [protein_id=WP_162281215.1] [location=complement(60117..61277)] [gbkey=CDS]
lcl|NZ_CP028013.1_prot_WP_162281215.1_68  -          group_1_clustal      -              0.069   13.3   0.0      0.13   12.4   0.0   1.4   1   0   0   1   1   1   0 [locus_tag=C1N66_RS31405] [protein=ParM/StbA family protein] [protein_id=WP_162281215.1] [location=complement(57039..58199)] [gbkey=CDS]
lcl|NZ_CP015592.1_prot_WP_082250349.1_150 -          group_1_clustal      -               0.17   12.1   0.0      0.22   11.6   0.0   1.2   1   0   0   1   1   1   0 [locus_tag=A7A70_RS28500] [protein=TetR/AcrR family transcriptional regulator] [protein_id=WP_082250349.1] [location=176405..176989] [gbkey=CDS]
lcl|CP014487.1_prot_AQQ66213.1_68        -          group_2_clustal      -            2.7e-27   96.8   3.6   3.3e-27   96.5   3.6   1.1   1   0   0   1   1   1   1 [locus_tag=FORC21_5418] [protein=hypothetical Protein] [protein_id=AQQ66213.1] [location=complement(40156..41166)] [gbkey=CDS]
lcl|NZ_CP014487.1_prot_WP_072770108.1_61 -          group_2_clustal      -            2.7e-27   96.8   3.6   3.3e-27   96.5   3.6   1.1   1   0   0   1   1   1   1 [locus_tag=FORC21_RS28660] [protein=plasmid segregation protein ParM] [protein_id=WP_072770108.1] [location=complement(40156..41166)] [gbkey=CDS]
lcl|CP001188.1_prot_ACK98727.1_8         -          group_2_clustal      -            7.3e-25   88.8   1.3   9.2e-25   88.5   1.3   1.1   1   0   0   1   1   1   1 [locus_tag=BCG9842_A0080] [protein=hypothetical protein] [protein_id=ACK98727.1] [location=8858..10039] [gbkey=CDS]
lcl|NC_011774.1_prot_WP_000856968.1_6    -          group_2_clustal      -            7.3e-25   88.8   1.3   9.2e-25   88.5   1.3   1.1   1   0   0   1   1   1   1 [locus_tag=BCG9842_RS28450] [protein=ParM/StbA family protein] [protein_id=WP_000856968.1] [location=8858..10039] [gbkey=CDS]
lcl|CP000229.1_prot_ACM15971.1_9         -          group_2_clustal      -            9.9e-24   85.1   6.6   1.2e-23   84.7   6.6   1.0   1   0   0   1   1   1   1 [locus_tag=BCQ_PT09] [protein=hypothetical protein] [protein_id=ACM15971.1] [location=6088..7098] [gbkey=CDS]
lcl|NC_011971.1_prot_WP_000169697.1_10   -          group_2_clustal      -            9.9e-24   85.1   6.6   1.2e-23   84.7   6.6   1.0   1   0   0   1   1   1   1 [locus_tag=BCQ_RS28100] [protein=recombinase] [protein_id=WP_000169697.1] [location=6088..7098] [gbkey=CDS]
lcl|CP024657.1_prot_AUB67069.1_14        -          group_2_clustal      -              8e-09   36.0   0.6   2.5e-07   31.1   0.6   2.2   1   1   0   1   1   1   1 [locus_tag=CSW12_29830] [protein=hypothetical protein] [protein_id=AUB67069.1] [location=11068..12258] [gbkey=CDS]
lcl|NZ_CP024657.1_prot_WP_100910660.1_13 -          group_2_clustal      -              8e-09   36.0   0.6   2.5e-07   31.1   0.6   2.2   1   1   0   1   1   1   1 [locus_tag=CSW12_RS29755] [protein=ParM/StbA family protein] [protein_id=WP_100910660.1] [location=11068..12258] [gbkey=CDS]
lcl|AP007211.1_prot_BAL21476.1_1         -          group_2_clustal      -            1.4e-08   35.2   0.3   1.9e-08   34.7   0.3   1.1   1   0   0   1   1   1   1 [locus_tag=BCN_C1_01] [protein=conserved hypothetical protein] [protein_id=BAL21476.1] [location=1506..2537] [gbkey=CDS]
lcl|NC_016772.1_prot_WP_000924195.1_2    -          group_2_clustal      -            1.4e-08   35.2   0.3   1.9e-08   34.7   0.3   1.1   1   0   0   1   1   1   1 [locus_tag=BCN_RS28470] [protein=ParM/StbA family protein] [protein_id=WP_000924195.1] [location=1506..2537] [gbkey=CDS]
lcl|CP027922.1_prot_QHV08145.1_74        -          group_2_clustal      -             0.0016   18.6   1.7    0.0038   17.3   1.7   1.6   1   1   0   1   1   1   1 [locus_tag=C1N82_33710] [protein=peptide ABC transporter substratebinding protein] [protein_id=QHV08145.1] [location=complement(60117..61277)] [gbkey=CDS]
lcl|CP028013.1_prot_QHV47649.1_72        -          group_2_clustal      -             0.0016   18.6   1.7    0.0038   17.3   1.7   1.6   1   1   0   1   1   1   1 [locus_tag=C1N66_32175] [protein=ParM/StbA family protein] [protein_id=QHV47649.1] [location=complement(57039..58199)] [gbkey=CDS]
lcl|NZ_CP027922.1_prot_WP_162281215.1_70 -          group_2_clustal      -             0.0016   18.6   1.7    0.0038   17.3   1.7   1.6   1   1   0   1   1   1   1 [locus_tag=C1N82_RS32070] [protein=ParM/StbA family protein] [protein_id=WP_162281215.1] [location=complement(60117..61277)] [gbkey=CDS]
lcl|NZ_CP028013.1_prot_WP_162281215.1_68 -          group_2_clustal      -             0.0016   18.6   1.7    0.0038   17.3   1.7   1.6   1   1   0   1   1   1   1 [locus_tag=C1N66_RS31405] [protein=ParM/StbA family protein] [protein_id=WP_162281215.1] [location=complement(57039..58199)] [gbkey=CDS]
lcl|CP001170.1_prot_ACI30549.1_4         -          group_2_clustal      -             0.0087   16.1   1.2       0.1   12.6   1.2   2.5   1   1   0   1   1   1   1 [locus_tag=BCH308197_B0088] [protein=conserved hypothetical protein] [protein_id=ACI30549.1] [location=complement(2587..3810)] [gbkey=CDS]
#
# Program:         hmmsearch
# Version:         3.3 (Nov 2019)
# Pipeline mode:   SEARCH
# Query file:      ParMcommonfile.hmm
# Target file:     Seqp_db_Bacillus_cereus.fasta
# Option settings: hmmsearch --tblout ParM_hmmsearch_seqdbBacillus_cereus_table.out --notextw ParMcommonfile.hmm Seqp_db_Bacillus_cereus.fasta 
# Current dir:     /media/lesia/Новый том/Phage Search in DB NCBI/ParM
# Date:            Mon May  4 01:15:35 2020
# [ok]
