Plasmids	locus_tag	protein_id	E-value_1	E-value_2
DQ889678.1	pPER272_0033	ABK01029.1	0.026	0.061
DQ889677.1	pPER272_AH820_0033	ABK00763.1	0.026	0.061
DQ889676.1	BcAH187_pCER270_0061	ABK00743.1	0.043	0.086
DQ889676.1	BcAH187_pCER270_0061	ABK00743.1	0.18	0.46
AE017195.1	BCE_A0098	AAS44948.1	0.037	0.074
AE017195.1	BCE_A0098	AAS44948.1	0.14	0.36
CP001747.1	BACI_pCIXO101770	ADK08212.1	0.11	0.12
CP009299.1	AW22_5727	AJG56656.1	0.26	0.33
CP009299.1	AW22_5770	AJG56655.1	0.037	0.074
CP009299.1	AW22_5770	AJG56655.1	0.14	0.36
CP001285.1	BCAH820_B0044	ACK92789.1	0.026	0.061
CP029457.1	FORC087_707	QDD87490.1	1.9e-06	1.3e-05
CP029457.1	FORC087_707	QDD87490.1	9e-14	8.2e-13
CP029457.1	FORC087_706	QDD87489.1	0.0037	0.0037
CP029457.1	FORC087_707	QDD87490.1	0.00021	0.0017
CP029457.1	FORC087_707	QDD87490.1	0.00022	0.0023
CP029457.1	FORC087_707	QDD87490.1	6.5e-149	8e-149
CP029457.1	FORC087_706	QDD87489.1	1.2e-66	6.8e-59
CP029457.1	FORC087_707	QDD87490.1	1.6e-30	2.4e-30
CP029457.1	FORC087_707	QDD87490.1	3.3e-05	0.00025
CP029457.1	FORC087_707	QDD87490.1	8.7e-09	0.00014
CP029457.1	FORC087_707	QDD87490.1	1.6e-33	2.6e-33
CP029457.1	FORC087_707	QDD87490.1	2.9e-36	8e-36
CP029457.1	FORC087_706	QDD87489.1	6.2e-14	6.2e-14
CP029457.1	FORC087_707	QDD87490.1	5e-133	5.6e-133
CP029457.1	FORC087_707	QDD87490.1	1.2e-129	1.5e-129
CP020940.1	B2J90_30240	ARO21683.1	0.11	0.12
CP001179.1	BCAH187_C0067	ACJ82722.1	0.043	0.086
CP001179.1	BCAH187_C0067	ACJ82722.1	0.18	0.46
CP001166.1	BCH308197_A0192	ACI30221.1	0.043	0.086
CP001166.1	BCH308197_A0010	ACI30424.1	0.15	0.2
CP001166.1	BCH308197_A0192	ACI30221.1	0.18	0.46
CP009639.1	AK40_5742	AJI08910.1	0.056	0.11
CP009639.1	AK40_5793	AJI08781.1	0.03	0.039
CP009639.1	AK40_5605	AJI08853.1	0.29	0.36
CP009639.1	AK40_5812	AJI08766.1	0.38	0.57
CP009317.1	AS54_5644	AJG51219.1	0.11	0.12
CP001406.1	BCA_A0178	ACO25728.1	0.11	0.12
CP000228.1	BCQ_PI008	ACM15742.1	0.044	0.1
CP000228.1	BCQ_PI223	ACM15957.1	0.12	0.17
CP000228.1	BCQ_PI218	ACM15952.1	0.24	0.39
CP000228.1	BCQ_PI097	ACM15831.1	0.064	0.085
CP000228.1	BCQ_PI008	ACM15742.1	0.19	0.46
ABDM02000062.1	BC03BB108_B0050	EDX60027.1	0.056	0.11
ABDM02000062.1	BC03BB108_B0104	EDX59856.1	0.03	0.039
ABDM02000062.1	BC03BB108_B0250	EDX59807.1	0.29	0.36
ABDM02000062.1	BC03BB108_B0130	EDX59797.1	0.078	0.12
ABDM02000063.1	BC03BB108_C0189	EDX59773.1	0.13	0.24
ABDM02000063.1	BC03BB108_C0031	EDX59779.1	0.038	0.067
ABDM02000063.1	BC03BB108_C0177	EDX59693.1	0.073	88
ABDM02000063.1	BC03BB108_C0031	EDX59779.1	0.25	0.45
ABDM02000065.1	BC03BB108_E0021	EDX59441.1	4.9e-07	1.4e-05
ABDM02000065.1	BC03BB108_E0021	EDX59441.1	3.5e-12	3.3e-10
ABDM02000065.1	BC03BB108_E0020	EDX59411.1	4.3e-29	4.3e-29
ABDM02000065.1	BC03BB108_E0021	EDX59441.1	6.2e-13	3.4e-11
ABDM02000065.1	BC03BB108_E0021	EDX59441.1	3.1e-64	5.9e-64
ABDM02000065.1	BC03BB108_E0021	EDX59441.1	0.0021	0.0035
ABDM02000065.1	BC03BB108_E0021	EDX59441.1	2.7e-38	3.7e-38
ABDM02000065.1	BC03BB108_E0021	EDX59441.1	4.3e-16	6.4e-16
ABDM02000065.1	BC03BB108_E0020	EDX59411.1	0.0022	0.0075
ABDM02000065.1	BC03BB108_E0021	EDX59441.1	2.6e-09	8.7e-05
ABDM02000065.1	BC03BB108_E0021	EDX59441.1	4.3e-19	5.2e-19
ABDM02000065.1	BC03BB108_E0021	EDX59441.1	3.3e-07	4.5e-07
ABDM02000065.1	BC03BB108_E0020	EDX59411.1	8e-86	2.1e-83
ABDM02000065.1	BC03BB108_E0021	EDX59441.1	4.3e-157	5.2e-157
ABDM02000065.1	BC03BB108_E0021	EDX59441.1	3.5e-07	1.6e-06
ABDM02000065.1	BC03BB108_E0021	EDX59441.1	7e-31	9.4e-31
ABDM02000065.1	BC03BB108_E0021	EDX59441.1	6.3e-35	9.5e-35
ABDM02000065.1	BC03BB108_E0021	EDX59441.1	1.3e-24	4.9e-20
ABDM02000065.1	BC03BB108_E0020	EDX59411.1	1.3e-37	1.3e-37
ABDM02000065.1	BC03BB108_E0021	EDX59441.1	5.6e-39	7.8e-39
ABDM02000065.1	BC03BB108_E0021	EDX59441.1	1.2e-18	1.7e-18
ABDM02000065.1	BC03BB108_E0021	EDX59441.1	0.0038	0.0052
ABDM02000065.1	BC03BB108_E0021	EDX59441.1	1.1e-08	1.7e-08
ABDM02000065.1	BC03BB108_E0021	EDX59441.1	2.4e-129	3.2e-129
CP027921.1	C1N82_32330	QHV07897.1	0.12	0.15
CP027921.1	C1N82_31810	QHV07801.1	0.019	0.033
CP027921.1	C1N82_32385	QHV07908.1	0.016	0.018
CP027921.1	C1N82_33275	QHV08053.1	0.016	0.018
CP027921.1	C1N82_32330	QHV07897.1	0.018	0.024
CP027921.1	C1N82_31920	-	0.1	0.17
CP027921.1	C1N82_33025	-	0.17	0.28
CP027921.1	C1N82_32330	QHV07897.1	0.0027	0.0035
CP027921.1	C1N82_32385	QHV07908.1	0.0078	0.0095
CP027921.1	C1N82_33275	QHV08053.1	0.0078	0.0095
CP027921.1	C1N82_31810	QHV07801.1	0.14	0.34
CP027921.1	C1N82_32330	QHV07897.1	0.00086	0.0012
CP027921.1	C1N82_32385	QHV07908.1	0.019	0.025
CP027921.1	C1N82_33275	QHV08053.1	0.019	0.025
CP046513.1	GNE09_29365	QGV10646.1	0.034	0.04
CP046513.1	GNE09_30035	QGV10740.1	0.29	0.48
CP029456.1	FORC087_564	QDD87348.1	0.026	0.051
CP016317.1	BA202_27430	ASI80987.1	0.045	0.092
CP016317.1	BA202_27430	ASI80987.1	0.19	0.45
CP003748.1	BCK_27043	AFQ13218.1	0.044	0.091
CP003748.1	BCK_26978	AFQ13205.1	0.12	0.17
CP003748.1	BCK_27043	AFQ13218.1	0.19	0.45
CP001748.1	BACI_pCIXO200300	ADK08275.1	0.08	0.11
CP011154.1	WR51_30165	ANC17180.1	2.4e-05	3.9e-05
CP011154.1	WR51_29260	ANC17017.1	0.23	0.55
CP011154.1	WR51_30165	ANC17180.1	0.00048	0.00086
CP011154.1	WR51_30165	ANC17180.1	0.085	0.2
CP011154.1	WR51_28825	ANC16945.1	0.044	0.06
CP011154.1	WR51_30165	ANC17180.1	0.0059	0.0092
CP011152.1	WR47_28505	ANC11056.1	2.4e-05	3.9e-05
CP011152.1	WR47_29405	ANC11218.1	0.23	0.55
CP011152.1	WR47_28505	ANC11056.1	0.00048	0.00086
CP011152.1	WR47_28505	ANC11056.1	0.085	0.2
CP011152.1	WR47_29840	ANC11290.1	0.044	0.06
CP011152.1	WR47_28505	ANC11056.1	0.0059	0.0092
NC_005707.1	BCE_RS27440	WP_000182855.1	0.037	0.074
NC_005707.1	BCE_RS27440	WP_000182855.1	0.14	0.36
CP012486.1	ACN91_27650	ALC55308.1	0.5	0.59
NZ_CP029457.1	FORC087_RS30655	WP_098661337.1	1.9e-06	1.3e-05
NZ_CP029457.1	FORC087_RS30655	WP_098661337.1	9e-14	8.2e-13
NZ_CP029457.1	FORC087_RS30650	WP_139895040.1	0.0044	0.0044
NZ_CP029457.1	FORC087_RS30655	WP_098661337.1	0.00021	0.0017
NZ_CP029457.1	FORC087_RS30655	WP_098661337.1	0.00022	0.0023
NZ_CP029457.1	FORC087_RS30650	WP_139895040.1	0.092	0.061
NZ_CP029457.1	FORC087_RS30655	WP_098661337.1	6.5e-149	8e-149
NZ_CP029457.1	FORC087_RS30650	WP_139895040.1	1.3e-66	8e-59
NZ_CP029457.1	FORC087_RS30655	WP_098661337.1	1.6e-30	2.4e-30
NZ_CP029457.1	FORC087_RS30655	WP_098661337.1	3.3e-05	0.00025
NZ_CP029457.1	FORC087_RS30655	WP_098661337.1	8.7e-09	0.00014
NZ_CP029457.1	FORC087_RS30655	WP_098661337.1	1.6e-33	2.6e-33
NZ_CP029457.1	FORC087_RS30655	WP_098661337.1	2.9e-36	8e-36
NZ_CP029457.1	FORC087_RS30650	WP_139895040.1	5.1e-14	5.1e-14
NZ_CP029457.1	FORC087_RS30655	WP_098661337.1	5e-133	5.6e-133
NZ_CP029457.1	FORC087_RS30655	WP_098661337.1	1.2e-129	1.5e-129
NZ_CP029456.1	FORC087_RS30025	WP_139894977.1	0.026	0.051
NZ_CP029455.1	FORC087_RS28455	WP_087965272.1	5.5e-124	6.7e-124
NZ_CP029455.1	FORC087_RS28460	WP_000229504.1	5.4e-07	0.046
NZ_CP029455.1	FORC087_RS28455	WP_087965272.1	1.6e-56	2.2e-56
NZ_CP029455.1	FORC087_RS28515	WP_139894862.1	7.3e-11	3.2e-08
NZ_CP029455.1	FORC087_RS28455	WP_087965272.1	3.8e-12	7.4e-12
NZ_CP029455.1	FORC087_RS28460	WP_000229504.1	1.2e-29	4.9e-28
NZ_CP029455.1	FORC087_RS28455	WP_087965272.1	8.3e-10	4.1e-08
NZ_CP029455.1	FORC087_RS28515	WP_139894862.1	4.5e-29	2.1e-25
NZ_CP029455.1	FORC087_RS28555	WP_139894866.1	0.041	31
NZ_CP029455.1	FORC087_RS28465	WP_086391823.1	4.6e-81	5.5e-81
NZ_CP029455.1	FORC087_RS28455	WP_087965272.1	1.4e-73	1.8e-73
NZ_CP029455.1	FORC087_RS28515	WP_139894862.1	6.9e-29	6.7e-22
NZ_CP029455.1	FORC087_RS28455	WP_087965272.1	2.9e-55	5.4e-55
NZ_CP029455.1	FORC087_RS27835	WP_098562746.1	0.14	0.73
CP029455.1	FORC087_311	QDD87099.1	0.055	0.06
CP029455.1	FORC087_311	QDD87099.1	0.11	0.12
CP029455.1	FORC087_217	QDD87007.1	5.5e-124	6.7e-124
CP029455.1	FORC087_311	QDD87099.1	0.15	0.16
CP029455.1	FORC087_218	QDD87008.1	5.4e-07	0.046
CP029455.1	FORC087_217	QDD87007.1	1.6e-56	2.2e-56
CP029455.1	FORC087_311	QDD87099.1	0.12	0.13
CP029455.1	FORC087_229	QDD87019.1	7.3e-11	3.2e-08
CP029455.1	FORC087_217	QDD87007.1	3.8e-12	7.4e-12
CP029455.1	FORC087_218	QDD87008.1	1.2e-29	4.9e-28
CP029455.1	FORC087_217	QDD87007.1	8.3e-10	4.1e-08
CP029455.1	FORC087_229	QDD87019.1	4.5e-29	2.1e-25
CP029455.1	FORC087_237	QDD87027.1	0.042	31
CP029455.1	FORC087_219	QDD87009.1	4.6e-81	5.5e-81
CP029455.1	FORC087_217	QDD87007.1	1.4e-73	1.8e-73
CP029455.1	FORC087_229	QDD87019.1	6.9e-29	6.7e-22
CP029455.1	FORC087_217	QDD87007.1	2.9e-55	5.4e-55
CP029455.1	FORC087_311	QDD87099.1	0.17	0.21
CP029455.1	FORC087_082	QDD86873.1	0.14	0.73
CP023246.1	CJ306_31145	ASZ69670.1	0.067	0.089
CP023246.1	CJ306_31310	ASZ69700.1	0.24	0.56
CP023246.1	CJ306_30645	ASZ69581.1	0.25	2
CP023246.1	CJ306_30750	ASZ69602.1	0.018	0.024
CP023246.1	CJ306_30850	ASZ69621.1	0.0023	0.0063
CP018741.1	FORC47_p130	ASL62482.1	0.022	0.043
CP018741.1	FORC47_p014	ASL62366.1	0.17	0.22
NC_007103.1	BCE33L_RS31865	WP_079995860.1	0.19	0.23
NC_007103.1	BCE33L_RS28095	WP_000810182.1	0.23	0.39
NC_007103.1	BCE33L_RS28995	WP_001068599.1	0.066	0.099
NC_007103.1	BCE33L_RS29770	WP_001118075.1	0.17	0.19
NC_007103.1	BCE33L_RS29770	WP_001118075.1	0.18	0.21
NC_007103.1	BCE33L_RS28185	WP_041185005.1	0.02	3.8
AP007211.1	BCN_C1_24	BAL21499.1	4e-118	4.3e-118
AP007211.1	BCN_C1_23	BAL21498.1	1.8e-19	3.7e-19
AP007211.1	BCN_C1_24	BAL21499.1	4.2e-15	5e-15
AP007211.1	BCN_C1_23	BAL21498.1	4.6e-13	6.4e-13
AP007211.1	BCN_C1_23	BAL21498.1	3e-20	4.3e-20
AP007211.1	BCN_C1_24	BAL21499.1	1.6e-07	5.9e-07
AP007211.1	BCN_C1_24	BAL21499.1	0.0021	0.0043
AP007211.1	BCN_C1_12	BAL21487.1	9.9e-07	0.008
AP007211.1	BCN_C1_24	BAL21499.1	5.6e-11	5.2e-10
AP007211.1	BCN_C1_23	BAL21498.1	1.3e-123	1.5e-123
AP007211.1	BCN_C1_24	BAL21499.1	0.3	0.5
AP007211.1	BCN_C1_12	BAL21487.1	2.5e-25	1.2e-12
AP007211.1	BCN_C1_24	BAL21499.1	7.5e-08	1.6e-07
AP007211.1	BCN_C1_24	BAL21499.1	1.4e-16	1.3e-15
AP007211.1	BCN_C1_23	BAL21498.1	8e-10	1.1e-09
AP007211.1	BCN_C1_23	BAL21498.1	6.3e-08	0.0012
AP007211.1	BCN_C1_24	BAL21499.1	3.9e-07	3.9e-07
AP007211.1	BCN_C1_12	BAL21487.1	1e-32	2.1e-17
AP007211.1	BCN_C1_24	BAL21499.1	3.6e-28	9.4e-28
AP007211.1	BCN_C1_23	BAL21498.1	1.3e-32	1.7e-32
AP007211.1	BCN_C1_23	BAL21498.1	7.6e-25	1.1e-24
AP007211.1	BCN_C1_23	BAL21498.1	0.092	0.13
AP007211.1	BCN_C1_23	BAL21498.1	2.2e-05	3e-05
AP007211.1	BCN_C1_23	BAL21498.1	1.7e-20	5.2e-20
AP007210.1	BCN_P055	BAL21263.1	0.043	0.086
AP007210.1	BCN_P055	BAL21263.1	0.18	0.46
CP001170.1	BCH308197_B0078	ACI30645.1	0.37	0.47
CP009637.1	AK40_6238	AJI08588.1	3.1e-15	3.1e-15
CP009637.1	AK40_6238	AJI08588.1	2.2e-71	6.3e-69
CP009637.1	AK40_6238	AJI08588.1	6.8e-25	6.8e-25
CP009636.1	AK40_5848	AJI08457.1	0.13	0.24
CP009636.1	AK40_5914	AJI08365.1	0.038	0.067
CP009636.1	AK40_5837	AJI08489.1	0.073	88
CP009636.1	AK40_5914	AJI08365.1	0.25	0.45
CP000040.1	pE33L466_0109	AAY60274.1	0.23	0.39
CP000040.1	pE33L466_0300	AAY60450.1	0.066	0.099
CP000040.1	pE33L466_0467	AAY60600.1	0.18	0.2
CP000040.1	pE33L466_0467	AAY60600.1	0.19	0.23
CP000040.1	pE33L466_0129	AAY60291.1	0.015	4.2
CP000229.1	BCQ_PT39	ACM16001.1	1.6e-09	1.9e-07
CP000229.1	BCQ_PT39	ACM16001.1	0.00014	0.00099
CP000229.1	BCQ_PT40	ACM16002.1	2.1e-18	4.6e-17
CP000229.1	BCQ_PT39	ACM16001.1	5.6e-07	3.7e-06
CP000229.1	BCQ_PT39	ACM16001.1	8.2e-26	1.4e-25
CP000229.1	BCQ_PT39	ACM16001.1	5.1e-45	6.8e-45
CP000229.1	BCQ_PT39	ACM16001.1	4.2e-27	6.1e-27
CP000229.1	BCQ_PT40	ACM16002.1	4.1e-05	6.5e-05
CP000229.1	BCQ_PT39	ACM16001.1	0.00019	0.0054
CP000229.1	BCQ_PT38	ACM16000.1	0.00032	0.8
CP000229.1	BCQ_PT26	ACM15988.1	1e-11	3.4e-10
CP000229.1	BCQ_PT38	ACM16000.1	1.6e-29	1.6e-27
CP000229.1	BCQ_PT40	ACM16002.1	5.6e-107	4.7e-105
CP000229.1	BCQ_PT39	ACM16001.1	4.3e-157	5.1e-157
CP000229.1	BCQ_PT39	ACM16001.1	1.8e-07	6.8e-07
CP000229.1	BCQ_PT26	ACM15988.1	8.5e-29	2.9e-23
CP000229.1	BCQ_PT36	ACM15998.1	4.6e-112	5.2e-112
CP000229.1	BCQ_PT39	ACM16001.1	7.5e-16	1.1e-15
CP000229.1	BCQ_PT39	ACM16001.1	3.6e-20	1.1e-18
CP000229.1	BCQ_PT39	ACM16001.1	1.5e-18	2.7e-11
CP000229.1	BCQ_PT40	ACM16002.1	7.9e-39	9.8e-39
CP000229.1	BCQ_PT26	ACM15988.1	7.9e-26	1.3e-20
CP000229.1	BCQ_PT39	ACM16001.1	5.2e-23	6.9e-23
CP000229.1	BCQ_PT39	ACM16001.1	2.8e-31	4e-31
CP000229.1	BCQ_PT39	ACM16001.1	4.5e-14	6.7e-14
CP000229.1	BCQ_PT39	ACM16001.1	0.0021	0.0033
CP000229.1	BCQ_PT39	ACM16001.1	8.5e-16	1.2e-15
CP000229.1	BCQ_PT39	ACM16001.1	2.4e-99	3.1e-99
CP001188.1	BCG9842_A0064	ACK98805.1	0.08	0.089
CP001187.1	BCG9842_0200	ACK98666.1	0.085	0.31
LYVD01000047.1	A9L49_30800	OBW84903.1	0.0012	0.0021
LYVD01000047.1	A9L49_30800	OBW84903.1	0.053	0.1
CP015730.1	DA68_27310	ANE89390.1	0.028	0.058
CP015730.1	DA68_27315	ANE89391.1	0.041	0.041
ABDA02000035.1	BCAH1134_C0156	EDZ49257.1	0.039	3
ABDA02000035.1	BCAH1134_C0188	EDZ49387.1	0.015	0.039
NZ_CP042875.1	FRY47_RS01600	WP_168455209.1	0.025	0.03
NZ_CP042875.1	FRY47_RS01765	WP_001056472.1	0.026	0.035
NZ_CP042875.1	FRY47_RS01690	WP_168455218.1	0.06	0.088
NZ_CP012486.1	ACN91_RS27615	WP_053565558.1	0.5	0.59
NZ_CP015591.1	A7A70_RS27570	WP_071680019.1	0.057	0.29
NZ_CP023246.1	CJ306_RS30355	WP_000609235.1	0.067	0.089
NZ_CP023246.1	CJ306_RS30520	WP_000579788.1	0.24	0.56
NZ_CP023246.1	CJ306_RS29845	WP_119684350.1	0.25	2
NZ_CP023246.1	CJ306_RS29955	WP_001056475.1	0.018	0.024
NZ_CP023246.1	CJ306_RS30055	WP_162900611.1	0.0022	0.0061
NC_016794.1	BCF_RS27435	WP_041184386.1	3.2e-12	1.2e-11
NC_016794.1	BCF_RS27440	WP_000810415.1	2.1e-12	1.1e-06
NC_016794.1	BCF_RS27435	WP_041184386.1	0.014	0.028
NC_016794.1	BCF_RS27440	WP_000810415.1	0.0014	0.0014
NC_016794.1	BCF_RS27435	WP_041184386.1	2.2e-61	2.9e-61
NC_016794.1	BCF_RS27430	WP_000182666.1	0.00078	0.0031
NC_016794.1	BCF_RS27430	WP_000182666.1	4.1e-104	5.1e-104
NC_016794.1	BCF_RS27440	WP_000810415.1	3.7e-56	1.7e-53
NC_016794.1	BCF_RS27435	WP_041184386.1	5.8e-32	7.6e-32
NC_016794.1	BCF_RS27420	WP_000746380.1	1.4e-95	4e-79
NC_016794.1	BCF_RS27435	WP_041184386.1	4.6e-72	6.6e-72
NC_016794.1	BCF_RS27435	WP_041184386.1	4.2e-33	6.1e-33
NC_016794.1	BCF_RS27440	WP_000810415.1	1.9e-15	1e-14
NC_016794.1	BCF_RS27435	WP_041184386.1	5.4e-144	7e-144
NC_016794.1	BCF_RS27275	WP_000627839.1	0.11	13
NC_016794.1	BCF_RS27435	WP_041184386.1	8.4e-16	1.4e-15
NC_016794.1	BCF_RS27435	WP_041184386.1	1.1e-09	3.3e-09
NC_016792.1	BCN_RS27530	WP_000182856.1	0.043	0.086
NC_016792.1	BCN_RS27530	WP_000182856.1	0.18	0.46
NC_016772.1	BCN_RS28600	WP_000091216.1	6.4e-124	7e-124
NC_016772.1	BCN_RS28595	WP_000169483.1	1.8e-19	3.7e-19
NC_016772.1	BCN_RS28600	WP_000091216.1	4.8e-15	5.4e-15
NC_016772.1	BCN_RS28595	WP_000169483.1	4.6e-13	6.4e-13
NC_016772.1	BCN_RS28595	WP_000169483.1	3e-20	4.3e-20
NC_016772.1	BCN_RS28600	WP_000091216.1	2.2e-10	8.3e-10
NC_016772.1	BCN_RS28600	WP_000091216.1	0.0023	0.0047
NC_016772.1	BCN_RS28530	WP_000763194.1	7.7e-07	0.0079
NC_016772.1	BCN_RS28600	WP_000091216.1	1.3e-17	1.1e-16
NC_016772.1	BCN_RS28595	WP_000169483.1	1.3e-123	1.5e-123
NC_016772.1	BCN_RS28600	WP_000091216.1	0.32	0.53
NC_016772.1	BCN_RS28530	WP_000763194.1	1.7e-23	1.7e-12
NC_016772.1	BCN_RS28600	WP_000091216.1	9.3e-08	1.7e-07
NC_016772.1	BCN_RS28600	WP_000091216.1	1.2e-16	1.3e-15
NC_016772.1	BCN_RS28595	WP_000169483.1	8e-10	1.1e-09
NC_016772.1	BCN_RS28595	WP_000169483.1	6.3e-08	0.0012
NC_016772.1	BCN_RS28600	WP_000091216.1	2.8e-12	2.8e-12
NC_016772.1	BCN_RS28530	WP_000763194.1	8.3e-33	3.9e-17
NC_016772.1	BCN_RS28600	WP_000091216.1	3.9e-28	1e-27
NC_016772.1	BCN_RS28595	WP_000169483.1	1.3e-32	1.7e-32
NC_016772.1	BCN_RS28595	WP_000169483.1	7.6e-25	1.1e-24
NC_016772.1	BCN_RS28595	WP_000169483.1	0.092	0.13
NC_016772.1	BCN_RS28595	WP_000169483.1	2.2e-05	3e-05
NC_016772.1	BCN_RS28595	WP_000169483.1	1.7e-20	5.2e-20
NZ_CP014487.1	FORC21_RS28515	WP_077393206.1	4.3e-05	8e-05
NZ_CP014487.1	FORC21_RS28515	WP_077393206.1	9.7e-13	4.3e-12
NZ_CP014487.1	FORC21_RS28510	WP_072770135.1	6e-28	6e-28
NZ_CP014487.1	FORC21_RS28515	WP_077393206.1	0.00068	0.0033
NZ_CP014487.1	FORC21_RS28515	WP_077393206.1	3.2e-05	0.0006
NZ_CP014487.1	FORC21_RS28510	WP_072770135.1	0.0049	0.0091
NZ_CP014487.1	FORC21_RS28515	WP_077393206.1	2.6e-148	3.1e-148
NZ_CP014487.1	FORC21_RS28510	WP_072770135.1	1.8e-83	4.9e-56
NZ_CP014487.1	FORC21_RS28515	WP_077393206.1	5.1e-27	7.8e-27
NZ_CP014487.1	FORC21_RS28515	WP_077393206.1	0.00022	0.00063
NZ_CP014487.1	FORC21_RS28515	WP_077393206.1	3.7e-08	0.00041
NZ_CP014487.1	FORC21_RS28515	WP_077393206.1	7e-30	1.1e-29
NZ_CP014487.1	FORC21_RS28515	WP_077393206.1	1.6e-34	3.3e-34
NZ_CP014487.1	FORC21_RS28510	WP_072770135.1	3e-37	3e-37
NZ_CP014487.1	FORC21_RS28515	WP_077393206.1	1.8e-130	2.1e-130
NZ_CP014487.1	FORC21_RS28515	WP_077393206.1	1.7e-132	2.3e-132
NZ_CP009595.1	BG11_RS01575	WP_000520256.1	0.11	0.21
NZ_CP009595.1	BG11_RS01670	WP_033693697.1	0.46	0.78
NZ_CP009595.1	BG11_RS01600	WP_000442644.1	0.085	0.17
NZ_CP009594.1	BG11_RS00350	WP_000178976.1	2.3e-12	9.2e-12
NZ_CP009594.1	BG11_RS00345	WP_000810408.1	8.2e-15	1.3e-08
NZ_CP009594.1	BG11_RS00350	WP_000178976.1	2.3e-07	0.0003
NZ_CP009594.1	BG11_RS00345	WP_000810408.1	0.0033	0.0033
NZ_CP009594.1	BG11_RS00350	WP_000178976.1	4.5e-61	5.3e-61
NZ_CP009594.1	BG11_RS00355	WP_042631171.1	0.0002	0.00089
NZ_CP009594.1	BG11_RS00055	-	1.1e-12	1.1e-12
NZ_CP009594.1	BG11_RS00355	WP_042631171.1	5e-106	6.4e-106
NZ_CP009594.1	BG11_RS00345	WP_000810408.1	4.4e-56	1.7e-54
NZ_CP009594.1	BG11_RS00350	WP_000178976.1	5e-34	6.5e-34
NZ_CP009594.1	BG11_RS00055	-	3.7e-23	3.7e-23
NZ_CP009594.1	BG11_RS00365	WP_042631173.1	1.1e-122	1.2e-122
NZ_CP009594.1	BG11_RS00350	WP_000178976.1	0.00014	0.049
NZ_CP009594.1	BG11_RS00350	WP_000178976.1	1.1e-70	1.6e-70
NZ_CP009594.1	BG11_RS00350	WP_000178976.1	6.9e-36	1e-35
NZ_CP009594.1	BG11_RS00345	WP_000810408.1	6.8e-17	4e-16
NZ_CP009594.1	BG11_RS00055	-	6.1e-28	6.8e-28
NZ_CP009594.1	BG11_RS00350	WP_000178976.1	1.5e-140	2e-140
NZ_CP009594.1	BG11_RS00350	WP_000178976.1	4.7e-17	6.8e-17
NZ_CP009594.1	BG11_RS00350	WP_000178976.1	2.8e-10	8.4e-10
NZ_CP009606.1	BF33_RS28585	WP_000520256.1	0.11	0.21
NZ_CP009606.1	BF33_RS28680	WP_033693697.1	0.46	0.78
NZ_CP009606.1	BF33_RS28610	WP_000442644.1	0.085	0.17
NZ_CP009603.1	BF33_RS00135	WP_000178976.1	2.3e-12	9.2e-12
NZ_CP009603.1	BF33_RS00130	WP_000810408.1	8.2e-15	1.3e-08
NZ_CP009603.1	BF33_RS00135	WP_000178976.1	2.3e-07	0.0003
NZ_CP009603.1	BF33_RS00130	WP_000810408.1	0.0033	0.0033
NZ_CP009603.1	BF33_RS00135	WP_000178976.1	4.5e-61	5.3e-61
NZ_CP009603.1	BF33_RS00140	WP_042631171.1	0.0002	0.00089
NZ_CP009603.1	BF33_RS00200	-	1.1e-12	1.1e-12
NZ_CP009603.1	BF33_RS00140	WP_042631171.1	5e-106	6.4e-106
NZ_CP009603.1	BF33_RS00130	WP_000810408.1	4.4e-56	1.7e-54
NZ_CP009603.1	BF33_RS00135	WP_000178976.1	5e-34	6.5e-34
NZ_CP009603.1	BF33_RS00200	-	3.7e-23	3.7e-23
NZ_CP009603.1	BF33_RS00150	WP_042631173.1	1.1e-122	1.2e-122
NZ_CP009603.1	BF33_RS00135	WP_000178976.1	0.00014	0.049
NZ_CP009603.1	BF33_RS00135	WP_000178976.1	1.1e-70	1.6e-70
NZ_CP009603.1	BF33_RS00135	WP_000178976.1	6.9e-36	1e-35
NZ_CP009603.1	BF33_RS00130	WP_000810408.1	6.8e-17	4e-16
NZ_CP009603.1	BF33_RS00200	-	6.1e-28	6.8e-28
NZ_CP009603.1	BF33_RS00135	WP_000178976.1	1.5e-140	2e-140
NZ_CP009603.1	BF33_RS00135	WP_000178976.1	4.7e-17	6.8e-17
NZ_CP009603.1	BF33_RS00135	WP_000178976.1	2.8e-10	8.4e-10
NZ_CP009639.1	AK40_RS02850	WP_001995991.1	0.056	0.11
NZ_CP009639.1	AK40_RS03100	-	0.03	0.038
NZ_CP009639.1	AK40_RS02260	WP_001995749.1	0.29	0.36
NZ_CP009639.1	AK40_RS03200	WP_000588996.1	0.078	0.12
NZ_CP009638.1	AK40_RS01375	-	3.6e-13	1.5e-12
NZ_CP009638.1	AK40_RS01390	WP_000810415.1	2.1e-12	1.1e-06
NZ_CP009638.1	AK40_RS01375	-	5.3e-05	0.14
NZ_CP009638.1	AK40_RS01375	-	0.007	0.013
NZ_CP009638.1	AK40_RS01390	WP_000810415.1	0.0014	0.0014
NZ_CP009638.1	AK40_RS01375	-	2.5e-47	3e-47
NZ_CP009638.1	AK40_RS01385	-	3.5e-06	3.8e-06
NZ_CP009638.1	AK40_RS01370	WP_001995603.1	0.0011	0.0043
NZ_CP009638.1	AK40_RS01690	WP_001995622.1	5.1e-11	4.4e-09
NZ_CP009638.1	AK40_RS01370	WP_001995603.1	5.6e-104	7.2e-104
NZ_CP009638.1	AK40_RS01390	WP_000810415.1	3.7e-56	1.7e-53
NZ_CP009638.1	AK40_RS01375	-	1.3e-25	1.6e-25
NZ_CP009638.1	AK40_RS01385	-	0.0079	0.0092
NZ_CP009638.1	AK40_RS01690	WP_001995622.1	8.5e-24	1.3e-23
NZ_CP009638.1	AK40_RS01360	WP_000746380.1	1.4e-95	4e-79
NZ_CP009638.1	AK40_RS01375	-	5.7e-73	6.7e-73
NZ_CP009638.1	AK40_RS01375	-	6.8e-30	8.8e-30
NZ_CP009638.1	AK40_RS01390	WP_000810415.1	1.9e-15	1e-14
NZ_CP009638.1	AK40_RS01690	WP_001995622.1	5.2e-27	5.2e-27
NZ_CP009638.1	AK40_RS01375	-	7.7e-103	9.2e-103
NZ_CP009638.1	AK40_RS01385	-	5.4e-32	6e-32
NZ_CP009638.1	AK40_RS01375	-	1e-13	1.3e-13
NZ_CP009638.1	AK40_RS01375	-	1.2e-09	6.4e-09
NZ_CP009637.1	AK40_RS01065	WP_142329062.1	5.3e-07	1.5e-05
NZ_CP009637.1	AK40_RS01065	WP_142329062.1	3.7e-12	3.5e-10
NZ_CP009637.1	AK40_RS01070	WP_001996374.1	4.3e-29	4.3e-29
NZ_CP009637.1	AK40_RS01065	WP_142329062.1	5.5e-13	4.3e-11
NZ_CP009637.1	AK40_RS01065	WP_142329062.1	3e-64	6.1e-64
NZ_CP009637.1	AK40_RS01065	WP_142329062.1	0.0021	0.0036
NZ_CP009637.1	AK40_RS01065	WP_142329062.1	2.1e-38	2.8e-38
NZ_CP009637.1	AK40_RS01065	WP_142329062.1	4.6e-16	6.8e-16
NZ_CP009637.1	AK40_RS01070	WP_001996374.1	0.0022	0.0075
NZ_CP009637.1	AK40_RS01065	WP_142329062.1	3.7e-09	8.9e-05
NZ_CP009637.1	AK40_RS01065	WP_142329062.1	4.6e-19	5.5e-19
NZ_CP009637.1	AK40_RS01065	WP_142329062.1	3.5e-07	4.8e-07
NZ_CP009637.1	AK40_RS01070	WP_001996374.1	8e-86	2.1e-83
NZ_CP009637.1	AK40_RS01065	WP_142329062.1	4.5e-157	5.7e-157
NZ_CP009637.1	AK40_RS01065	WP_142329062.1	3.6e-07	1.7e-06
NZ_CP009637.1	AK40_RS01065	WP_142329062.1	7.3e-31	9.9e-31
NZ_CP009637.1	AK40_RS01065	WP_142329062.1	6.7e-35	1e-34
NZ_CP009637.1	AK40_RS01065	WP_142329062.1	1.4e-24	5.1e-20
NZ_CP009637.1	AK40_RS01070	WP_001996374.1	1.3e-37	1.3e-37
NZ_CP009637.1	AK40_RS01065	WP_142329062.1	4e-39	5.5e-39
NZ_CP009637.1	AK40_RS01065	WP_142329062.1	1.2e-18	1.7e-18
NZ_CP009637.1	AK40_RS01065	WP_142329062.1	0.0039	0.0055
NZ_CP009637.1	AK40_RS01065	WP_142329062.1	1.1e-08	1.7e-08
NZ_CP009637.1	AK40_RS01065	WP_142329062.1	2.6e-129	3.4e-129
NZ_CP009636.1	AK40_RS00175	WP_001996263.1	0.13	0.24
NZ_CP009636.1	AK40_RS00475	WP_001996269.1	0.038	0.067
NZ_CP009636.1	AK40_RS00120	WP_001996173.1	0.073	88
NZ_CP009636.1	AK40_RS00475	WP_001996269.1	0.25	0.45
NZ_CP009368.1	BG03_RS29305	-	0.074	0.097
NZ_CP009589.1	AQ16_RS00355	WP_001981248.1	7.6e-132	8.6e-132
NZ_CP009589.1	AQ16_RS00355	WP_001981248.1	4.5e-14	4.5e-14
NZ_CP009589.1	AQ16_RS00355	WP_001981248.1	1.3e-09	4.6e-09
NZ_CP009589.1	AQ16_RS00360	WP_001981247.1	0.00023	0.053
NZ_CP009589.1	AQ16_RS00355	WP_001981248.1	0.007	0.01
NZ_CP009589.1	AQ16_RS00360	WP_001981247.1	9.3e-18	1.3e-17
NZ_CP009589.1	AQ16_RS00355	WP_001981248.1	0.0059	0.015
NZ_CP009589.1	AQ16_RS00085	WP_038415774.1	1.9e-09	0.00015
NZ_CP009589.1	AQ16_RS00355	WP_001981248.1	4.1e-24	3.1e-23
NZ_CP009589.1	AQ16_RS00360	WP_001981247.1	3.4e-18	4.9e-18
NZ_CP009589.1	AQ16_RS00085	WP_038415774.1	4.5e-26	3e-13
NZ_CP009589.1	AQ16_RS00355	WP_001981248.1	2.1e-07	6e-07
NZ_CP009589.1	AQ16_RS00355	WP_001981248.1	1.9e-16	4.6e-15
NZ_CP009589.1	AQ16_RS00360	WP_001981247.1	4.3e-08	6e-08
NZ_CP009589.1	AQ16_RS00360	WP_001981247.1	1.1e-11	3.5e-11
NZ_CP009589.1	AQ16_RS00355	WP_001981248.1	2.2e-19	2.2e-19
NZ_CP009589.1	AQ16_RS00085	WP_038415774.1	8.6e-30	1.1e-17
NZ_CP009589.1	AQ16_RS00355	WP_001981248.1	4.9e-28	1.1e-27
NZ_CP009589.1	AQ16_RS00360	WP_001981247.1	1e-120	1.2e-120
NZ_CP009589.1	AQ16_RS00360	WP_001981247.1	0.00073	0.0013
NZ_CP009589.1	AQ16_RS00360	WP_001981247.1	4.1e-05	0.00093
NZ_CP009299.1	AW22_RS00485	WP_042512110.1	0.26	0.33
NZ_CP009299.1	AW22_RS00670	WP_000182855.1	0.037	0.074
NZ_CP009299.1	AW22_RS00670	WP_000182855.1	0.14	0.36
NZ_CP009967.1	BF28_RS30680	WP_079995860.1	0.19	0.23
NZ_CP009967.1	BF28_RS01315	WP_000810182.1	0.23	0.39
NZ_CP009967.1	BF28_RS00415	WP_001068599.1	0.066	0.099
NZ_CP009967.1	BF28_RS01860	WP_001118075.1	0.17	0.19
NZ_CP009967.1	BF28_RS01860	WP_001118075.1	0.18	0.21
NZ_CP009967.1	BF28_RS01225	WP_041185005.1	0.02	3.8
NZ_CP009627.1	BF35_RS00160	WP_000111622.1	0.058	0.29
NZ_CP009939.1	NT98_RS00360	WP_001981248.1	7.6e-132	8.6e-132
NZ_CP009939.1	NT98_RS00360	WP_001981248.1	4.5e-14	4.5e-14
NZ_CP009939.1	NT98_RS00360	WP_001981248.1	1.3e-09	4.6e-09
NZ_CP009939.1	NT98_RS00355	WP_001981247.1	0.00023	0.053
NZ_CP009939.1	NT98_RS00360	WP_001981248.1	0.007	0.01
NZ_CP009939.1	NT98_RS00355	WP_001981247.1	9.3e-18	1.3e-17
NZ_CP009939.1	NT98_RS00360	WP_001981248.1	0.0059	0.015
NZ_CP009939.1	NT98_RS00270	WP_038415774.1	1.9e-09	0.00015
NZ_CP009939.1	NT98_RS00360	WP_001981248.1	4.1e-24	3.1e-23
NZ_CP009939.1	NT98_RS00355	WP_001981247.1	3.4e-18	4.9e-18
NZ_CP009939.1	NT98_RS00270	WP_038415774.1	4.5e-26	3e-13
NZ_CP009939.1	NT98_RS00360	WP_001981248.1	2.1e-07	6e-07
NZ_CP009939.1	NT98_RS00360	WP_001981248.1	1.9e-16	4.6e-15
NZ_CP009939.1	NT98_RS00355	WP_001981247.1	4.3e-08	6e-08
NZ_CP009939.1	NT98_RS00355	WP_001981247.1	1.1e-11	3.5e-11
NZ_CP009939.1	NT98_RS00360	WP_001981248.1	2.2e-19	2.2e-19
NZ_CP009939.1	NT98_RS00270	WP_038415774.1	8.6e-30	1.1e-17
NZ_CP009939.1	NT98_RS00360	WP_001981248.1	4.9e-28	1.1e-27
NZ_CP009939.1	NT98_RS00355	WP_001981247.1	1e-120	1.2e-120
NZ_CP009939.1	NT98_RS00355	WP_001981247.1	0.00073	0.0013
NZ_CP009939.1	NT98_RS00355	WP_001981247.1	4.1e-05	0.00093
NZ_CP027921.1	C1N82_RS30790	WP_162279837.1	0.12	0.15
NZ_CP027921.1	C1N82_RS30270	WP_162283528.1	0.019	0.033
NZ_CP027921.1	C1N82_RS30845	WP_001053139.1	0.016	0.018
NZ_CP027921.1	C1N82_RS31665	WP_001053139.1	0.016	0.018
NZ_CP027921.1	C1N82_RS30790	WP_162279837.1	0.018	0.024
NZ_CP027921.1	C1N82_RS30375	-	0.1	0.17
NZ_CP027921.1	C1N82_RS31420	-	0.17	0.28
NZ_CP027921.1	C1N82_RS30790	WP_162279837.1	0.0027	0.0035
NZ_CP027921.1	C1N82_RS30845	WP_001053139.1	0.0078	0.0095
NZ_CP027921.1	C1N82_RS31665	WP_001053139.1	0.0078	0.0095
NZ_CP027921.1	C1N82_RS30270	WP_162283528.1	0.14	0.34
NZ_CP027921.1	C1N82_RS30790	WP_162279837.1	0.00086	0.0012
NZ_CP027921.1	C1N82_RS30845	WP_001053139.1	0.019	0.025
NZ_CP027921.1	C1N82_RS31665	WP_001053139.1	0.019	0.025
NZ_CP028010.1	C1N66_RS30700	WP_001053139.1	0.016	0.018
NZ_CP028010.1	C1N66_RS30455	-	0.17	0.28
NZ_CP028010.1	C1N66_RS30700	WP_001053139.1	0.0078	0.0095
NZ_CP028010.1	C1N66_RS30700	WP_001053139.1	0.019	0.025
CP028010.1	C1N66_31420	QHV47516.1	0.016	0.018
CP028010.1	C1N66_31160	-	0.17	0.28
CP028010.1	C1N66_31420	QHV47516.1	0.0078	0.0095
CP028010.1	C1N66_31420	QHV47516.1	0.019	0.025
NZ_PHQW02000016.1	CR195_RS27590	WP_158318298.1	0.13	0.19
NZ_CP022446.1	CGZ63_RS31075	-	0.011	0.013
NZ_CP022446.1	CGZ63_RS29865	WP_000579788.1	0.24	0.56
NZ_CP022446.1	CGZ63_RS30965	WP_089608138.1	0.09	0.32
NZ_CP022446.1	CGZ63_RS31075	-	0.017	0.022
NZ_CP022446.1	CGZ63_RS30895	-	0.048	0.071
NZ_CP022446.1	CGZ63_RS29255	WP_089607909.1	0.0047	0.0055
NZ_CP022446.1	CGZ63_RS29290	WP_089607912.1	0.023	0.031
NZ_CP022446.1	CGZ63_RS30195	WP_089607991.1	0.2	0.29
NZ_CP022446.1	CGZ63_RS29375	WP_157797775.1	0.00099	0.003
NZ_CP022446.1	CGZ63_RS30965	WP_089608138.1	0.25	1.6
NZ_CP018741.1	FORC47_RS28915	WP_089172232.1	0.022	0.043
NZ_CP018741.1	FORC47_RS28910	WP_000151002.1	0.041	0.041
NZ_CP018741.1	FORC47_RS28420	WP_089172174.1	0.17	0.22
NZ_CP016597.1	BA204_RS29715	WP_000062322.1	3.1e-06	2.3e-05
NZ_CP016597.1	BA204_RS29715	WP_000062322.1	1.1e-13	1.3e-12
NZ_CP016597.1	BA204_RS29720	WP_000810413.1	0.0028	0.0028
NZ_CP016597.1	BA204_RS29715	WP_000062322.1	0.0002	0.0016
NZ_CP016597.1	BA204_RS29715	WP_000062322.1	0.00018	0.0023
NZ_CP016597.1	BA204_RS29720	WP_000810413.1	0.085	0.039
NZ_CP016597.1	BA204_RS29715	WP_000062322.1	1.3e-148	1.7e-148
NZ_CP016597.1	BA204_RS29655	WP_000418556.1	4.4e-07	4.4e-07
NZ_CP016597.1	BA204_RS29720	WP_000810413.1	2.1e-67	5.9e-59
NZ_CP016597.1	BA204_RS29715	WP_000062322.1	3.7e-30	5.6e-30
NZ_CP016597.1	BA204_RS29655	WP_000418556.1	1.4e-09	1.4e-09
NZ_CP016597.1	BA204_RS29715	WP_000062322.1	0.00012	0.00086
NZ_CP016597.1	BA204_RS29715	WP_000062322.1	1.8e-08	0.00014
NZ_CP016597.1	BA204_RS29720	WP_000810413.1	1	5.4
NZ_CP016597.1	BA204_RS29715	WP_000062322.1	6.8e-33	1.1e-32
NZ_CP016597.1	BA204_RS29715	WP_000062322.1	2.8e-36	8.4e-36
NZ_CP016597.1	BA204_RS29720	WP_000810413.1	5.2e-14	5.2e-14
NZ_CP016597.1	BA204_RS29655	WP_000418556.1	1.3e-12	1.3e-12
NZ_CP016597.1	BA204_RS29715	WP_000062322.1	2.7e-132	3.1e-132
NZ_CP016597.1	BA204_RS29715	WP_000062322.1	2e-131	2.5e-131
NZ_CP016317.1	BA202_RS28420	WP_088883367.1	0.045	0.092
NZ_CP016317.1	BA202_RS28420	WP_088883367.1	0.19	0.45
NZ_CP040343.1	EQK03_RS28015	WP_046648607.1	0.00057	0.003
NZ_CP040343.1	EQK03_RS28090	WP_046648629.1	0.18	1
NZ_CP040343.1	EQK03_RS27890	WP_046647663.1	0.049	0.097
NZ_CP040343.1	EQK03_RS27890	WP_046647663.1	0.32	0.56
NZ_CP040335.1	EUC39_RS27160	WP_157418299.1	0.00033	0.00033
NZ_CP040335.1	EUC39_RS27155	WP_157418298.1	1.6e-19	2.3e-19
NZ_CP040335.1	EUC39_RS27160	WP_157418299.1	0.00044	0.00076
NZ_CP040335.1	EUC39_RS27155	WP_157418298.1	2.4e-19	4e-19
NZ_CP040335.1	EUC39_RS27160	WP_157418299.1	8.4e-14	1.3e-13
NZ_CP040335.1	EUC39_RS27155	WP_157418298.1	0.00026	0.00049
NZ_CP040335.1	EUC39_RS27155	WP_157418298.1	9.5e-19	9e-17
NZ_CP040335.1	EUC39_RS27155	WP_157418298.1	3.5e-226	3.9e-226
NZ_CP040335.1	EUC39_RS27155	WP_157418298.1	8.2e-38	1.2e-37
NZ_CP040335.1	EUC39_RS27160	WP_157418299.1	5e-19	7.5e-19
NZ_CP040335.1	EUC39_RS27155	WP_157418298.1	6.3e-26	8.5e-26
NZ_CP040335.1	EUC39_RS27160	WP_157418299.1	0.00032	0.00045
NZ_CP040335.1	EUC39_RS27155	WP_157418298.1	2.1e-30	3e-30
NZ_CP040335.1	EUC39_RS27155	WP_157418298.1	1.9e-11	3.2e-11
NZ_CP040335.1	EUC39_RS27155	WP_157418298.1	1.1e-161	1.3e-161
NZ_CP040335.1	EUC39_RS27155	WP_157418298.1	3.4e-05	0.0001
NZ_CP040335.1	EUC39_RS27155	WP_157418298.1	6.3e-50	8.1e-50
NZ_CP040335.1	EUC39_RS27155	WP_157418298.1	1.5e-66	4.1e-66
NZ_CP040335.1	EUC39_RS27155	WP_157418298.1	2.2e-81	2.2e-81
NZ_CP040335.1	EUC39_RS27155	WP_157418298.1	4.9e-06	7.5e-06
NZ_CP040335.1	EUC39_RS27155	WP_157418298.1	0.052	0.19
NZ_CP040335.1	EUC39_RS27155	WP_157418298.1	7.2e-39	1e-38
NZ_CP040335.1	EUC39_RS27160	WP_157418299.1	0.019	0.035
NZ_CP040335.1	EUC39_RS27155	WP_157418298.1	4.4e-119	4.4e-119
NZ_CP040335.1	EUC39_RS27160	WP_157418299.1	0.053	0.094
NZ_CP040335.1	EUC39_RS27105	WP_157418296.1	0.25	0.0082
NZ_CP040335.1	EUC39_RS27155	WP_157418298.1	1.9e-73	2.4e-73
NZ_CP040335.1	EUC39_RS27160	WP_157418299.1	0.054	0.048
NZ_CP040335.1	EUC39_RS27155	WP_157418298.1	7.4e-42	1e-41
NZ_CP040335.1	EUC39_RS27155	WP_157418298.1	0.25	0.65
NZ_CP040335.1	EUC39_RS27155	WP_157418298.1	2.3e-23	3.4e-23
NZ_CP040335.1	EUC39_RS27155	WP_157418298.1	3.7e-20	5.2e-19
NZ_CP040335.1	EUC39_RS27155	WP_157418298.1	7.1e-07	1.1e-06
NZ_CP040335.1	EUC39_RS27155	WP_157418298.1	2.2e-36	3.9e-36
NZ_CP040335.1	EUC39_RS27160	WP_157418299.1	1.8e-08	3.1e-08
NZ_CP040335.1	EUC39_RS27155	WP_157418298.1	6.7e-05	0.00012
NZ_CP040335.1	EUC39_RS27155	WP_157418298.1	5.6e-32	1.4e-31
NZ_CP040335.1	EUC39_RS27105	WP_157418296.1	2e-07	2e-07
NZ_CP040335.1	EUC39_RS27160	WP_157418299.1	2e-07	3.7e-07
NZ_CP040335.1	EUC39_RS27155	WP_157418298.1	5e-55	6.9e-55
NZ_CP040335.1	EUC39_RS27155	WP_157418298.1	0.0033	0.0097
NZ_CP040335.1	EUC39_RS27155	WP_157418298.1	5.4e-28	1.4e-27
NZ_CP040335.1	EUC39_RS27155	WP_157418298.1	5.5e-173	8.6e-173
NZ_CP040335.1	EUC39_RS27160	WP_157418299.1	0.066	0.11
NZ_CP040335.1	EUC39_RS27155	WP_157418298.1	6.4e-44	9.4e-44
NZ_CP040335.1	EUC39_RS27105	WP_157418296.1	4.4e-07	4.4e-07
NZ_CP040335.1	EUC39_RS27155	WP_157418298.1	3.6e-16	5.7e-16
NZ_CP040335.1	EUC39_RS27155	WP_157418298.1	1.1e-22	1.5e-22
NZ_CP040335.1	EUC39_RS27155	WP_157418298.1	2e-08	4e-08
NZ_CP040335.1	EUC39_RS27155	WP_157418298.1	0.025	0.076
NZ_CP040335.1	EUC39_RS27155	WP_157418298.1	1.6e-18	3e-18
NZ_CP040335.1	EUC39_RS27155	WP_157418298.1	3.1e-41	4.5e-41
NZ_CP040335.1	EUC39_RS27155	WP_157418298.1	1.5e-09	2.2e-09
NZ_CP040335.1	EUC39_RS27155	WP_157418298.1	7e-33	1.1e-32
NZ_CP040335.1	EUC39_RS27155	WP_157418298.1	6.8e-36	1e-35
NZ_CP040335.1	EUC39_RS27155	WP_157418298.1	2.5e-58	3.1e-58
NZ_CP040335.1	EUC39_RS27155	WP_157418298.1	2.9e-74	5.8e-74
NZ_CP040335.1	EUC39_RS27155	WP_157418298.1	0.0014	0.018
NZ_CP040335.1	EUC39_RS27155	WP_157418298.1	7.1e-34	1.7e-33
NZ_CP040335.1	EUC39_RS27155	WP_157418298.1	1.7e-19	6e-19
NZ_CP040335.1	EUC39_RS27155	WP_157418298.1	3.3e-05	0.00011
NZ_CP040335.1	EUC39_RS27155	WP_157418298.1	1.8e-24	4.4e-24
NZ_CP040335.1	EUC39_RS27155	WP_157418298.1	2.1e-103	2.5e-103
NZ_CP045608.2	GE376_RS30935	WP_153218581.1	0.17	0.37
NZ_CP045607.2	GE376_RS29140	WP_153218415.1	6.5e-05	0.0001
NZ_CP045607.2	GE376_RS28095	-	6e-11	8e-11
NZ_CP045607.2	GE376_RS28085	WP_153218520.1	4.2e-11	6.3e-11
NZ_CP045607.2	GE376_RS28095	-	0.00011	0.00014
NZ_CP045607.2	GE376_RS29945	WP_097920816.1	0.22	0.56
NZ_CP045607.2	GE376_RS28095	-	0.00012	0.00015
NZ_CP045607.2	GE376_RS28085	WP_153218520.1	0.00054	0.00073
NZ_CP045607.2	GE376_RS29140	WP_153218415.1	0.0012	0.0021
NZ_CP045607.2	GE376_RS28095	-	8.3e-05	0.00012
NZ_CP045607.2	GE376_RS28095	-	1.9e-06	2.3e-06
NZ_CP045607.2	GE376_RS28095	-	5e-14	6.4e-14
NZ_CP045607.2	GE376_RS29140	WP_153218415.1	0.22	0.51
NZ_CP045607.2	GE376_RS28095	-	0.1	0.14
NZ_CP045607.2	GE376_RS28095	-	0.00011	0.00014
NZ_CP045607.2	GE376_RS28095	-	2e-49	2.5e-49
NZ_CP045607.2	GE376_RS28095	-	0.00021	0.00029
NZ_CP045607.2	GE376_RS28085	WP_153218520.1	0.011	0.014
NZ_CP045607.2	GE376_RS28085	WP_153218520.1	7.3e-07	1.2e-06
NZ_CP045607.2	GE376_RS28085	WP_153218520.1	2.9e-07	3.6e-07
NZ_CP045607.2	GE376_RS28095	-	1.2e-14	1.6e-14
NZ_CP045607.2	GE376_RS28095	-	1.5e-11	2.1e-11
NZ_CP045607.2	GE376_RS28095	-	2.7e-07	3.6e-07
NZ_CP045607.2	GE376_RS28095	-	0.00051	0.0007
NZ_CP045607.2	GE376_RS28095	-	5.5e-12	7e-12
NZ_CP045607.2	GE376_RS29140	WP_153218415.1	0.014	0.022
NZ_CP045607.2	GE376_RS28095	-	4e-11	5.4e-11
NZ_CP045607.2	GE376_RS28095	-	4.9e-05	7.1e-05
NZ_CP045607.2	GE376_RS28095	-	0.00019	0.00024
NZ_CP045607.2	GE376_RS28085	WP_153218520.1	7e-32	7.8e-32
NZ_CP045607.2	GE376_RS28095	-	1.9e-10	2.8e-10
NZ_CP045607.2	GE376_RS28095	-	3.3e-20	4.2e-20
NZ_CP045607.2	GE376_RS28095	-	2e-13	2.6e-13
NZ_CP040341.1	EUC38_RS29405	WP_000182857.1	0.052	0.11
NZ_CP040341.1	EUC38_RS29405	WP_000182857.1	0.32	0.67
NZ_CP020940.1	B2J90_RS30230	WP_000537235.1	0.11	0.12
NZ_CP020939.1	B2J90_RS29515	WP_085782871.1	8.6e-132	9.7e-132
NZ_CP020939.1	B2J90_RS29515	WP_085782871.1	4.5e-14	4.5e-14
NZ_CP020939.1	B2J90_RS29860	-	0.098	0.14
NZ_CP020939.1	B2J90_RS29515	WP_085782871.1	1.5e-09	5.5e-09
NZ_CP020939.1	B2J90_RS29860	-	0.0071	0.014
NZ_CP020939.1	B2J90_RS29510	WP_157405010.1	2.9e-10	3.5e-10
NZ_CP020939.1	B2J90_RS29860	-	5.5e-05	6.6e-05
NZ_CP020939.1	B2J90_RS29515	WP_085782871.1	0.0059	0.015
NZ_CP020939.1	B2J90_RS29780	WP_085782910.1	0.00051	0.00051
NZ_CP020939.1	B2J90_RS29515	WP_085782871.1	7e-24	5.9e-23
NZ_CP020939.1	B2J90_RS29860	-	2.8e-07	3.5e-07
NZ_CP020939.1	B2J90_RS29510	WP_157405010.1	2.5e-06	3.5e-06
NZ_CP020939.1	B2J90_RS29780	WP_085782910.1	8.6e-25	1e-13
NZ_CP020939.1	B2J90_RS29515	WP_085782871.1	2e-07	6e-07
NZ_CP020939.1	B2J90_RS29515	WP_085782871.1	3.5e-16	4.7e-15
NZ_CP020939.1	B2J90_RS29510	WP_157405010.1	0.066	0.12
NZ_CP020939.1	B2J90_RS29510	WP_157405010.1	7.2e-07	8.9e-07
NZ_CP020939.1	B2J90_RS29515	WP_085782871.1	3.5e-19	3.5e-19
NZ_CP020939.1	B2J90_RS29780	WP_085782910.1	3.5e-30	2.5e-18
NZ_CP020939.1	B2J90_RS29515	WP_085782871.1	4.8e-28	1.1e-27
NZ_CP020939.1	B2J90_RS29510	WP_157405010.1	7e-77	8.1e-77
NZ_CP020939.1	B2J90_RS29860	-	3.8e-39	4.2e-39
NZ_CP020939.1	B2J90_RS29510	WP_157405010.1	0.00036	0.00055
NZ_CP020939.1	B2J90_RS29510	WP_157405010.1	0.0099	0.014
NZ_CP020938.1	B2J90_RS29365	WP_085782828.1	0.00023	0.0075
NZ_CP020938.1	B2J90_RS29365	WP_085782828.1	1.1	3.9
NZ_CP020938.1	B2J90_RS29365	WP_085782828.1	0.0029	0.074
NZ_CP020938.1	B2J90_RS29365	WP_085782828.1	0.11	0.2
NZ_CP020938.1	B2J90_RS28720	WP_085782726.1	0.081	0.16
NZ_CP020938.1	B2J90_RS29365	WP_085782828.1	1.8e-09	1.1e-06
NZ_CP020938.1	B2J90_RS29365	WP_085782828.1	0.0029	0.0045
NZ_CP020938.1	B2J90_RS29140	WP_085782786.1	0.011	96
NZ_CP020938.1	B2J90_RS29365	WP_085782828.1	0.022	0.032
NZ_CP020938.1	B2J90_RS29365	WP_085782828.1	0.0077	0.053
NZ_CP020938.1	B2J90_RS29180	WP_000455658.1	0.22	0.23
NZ_CP020938.1	B2J90_RS29235	WP_085782803.1	0.36	0.39
NZ_CP020938.1	B2J90_RS29365	WP_085782828.1	0.0088	0.013
NZ_CP020938.1	B2J90_RS29365	WP_085782828.1	2.9e-08	6.1e-07
NZ_CP020938.1	B2J90_RS29365	WP_085782828.1	7.5e-10	7.9e-07
NZ_CP020938.1	B2J90_RS29365	WP_085782828.1	0.015	0.025
NC_011777.1	BCAH820_RS28015	WP_000130609.1	0.026	0.061
NC_011775.1	BCG9842_RS28400	-	0.42	0.4
NC_011775.1	BCG9842_RS28335	WP_000500493.1	0.085	0.31
NC_011774.1	BCG9842_RS28930	WP_000089357.1	0.08	0.089
NC_011655.1	BCAH187_RS27825	WP_000182856.1	0.043	0.086
NC_011655.1	BCAH187_RS27825	WP_000182856.1	0.18	0.46
CP046512.1	GNE09_28635	QGV10535.1	0.21	0.48
CP046512.1	GNE09_28365	QGV10487.1	0.024	0.027
CP046512.1	GNE09_28225	QGV10462.1	0.033	0.056
NZ_CP011154.1	WR51_RS29480	WP_063549473.1	2.4e-05	3.9e-05
NZ_CP011154.1	WR51_RS28595	WP_000579787.1	0.23	0.55
NZ_CP011154.1	WR51_RS29480	WP_063549473.1	0.00048	0.00086
NZ_CP011154.1	WR51_RS29480	WP_063549473.1	0.085	0.2
NZ_CP011154.1	WR51_RS28165	WP_063549825.1	0.044	0.06
NZ_CP011154.1	WR51_RS29480	WP_063549473.1	0.0059	0.0092
NZ_CP011152.1	WR47_RS27845	WP_063549473.1	2.4e-05	3.9e-05
NZ_CP011152.1	WR47_RS28725	WP_000579787.1	0.23	0.55
NZ_CP011152.1	WR47_RS27845	WP_063549473.1	0.00048	0.00086
NZ_CP011152.1	WR47_RS27845	WP_063549473.1	0.085	0.2
NZ_CP011152.1	WR47_RS29155	WP_063549825.1	0.044	0.06
NZ_CP011152.1	WR47_RS27845	WP_063549473.1	0.0059	0.0092
NZ_CP011157.1	WR52_RS29565	WP_063539124.1	0.095	2.5
NZ_CP011156.1	WR52_RS28615	WP_063538837.1	0.072	0.072
NZ_CP011156.1	WR52_RS29010	WP_063538939.1	0.017	0.023
NZ_CP011156.1	WR52_RS29055	WP_063538955.1	0.051	0.1
NZ_CP011146.1	FORC13_RS30395	-	5.1e-09	8.2e-08
NZ_CP011146.1	FORC13_RS28180	-	0.16	0.3
NZ_CP011146.1	FORC13_RS30395	-	3.5e-27	3.2e-13
NZ_CP011146.1	FORC13_RS30395	-	0.0019	0.0041
NZ_CP011146.1	FORC13_RS28180	-	0.0037	0.0042
NZ_CP011146.1	FORC13_RS30395	-	3e-10	3.4e-09
NZ_CP011146.1	FORC13_RS30395	-	6.1e-32	1.3e-31
NZ_CP011146.1	FORC13_RS30395	-	1.3e-29	6.1e-29
NZ_CP011146.1	FORC13_RS28180	-	0.041	0.042
NZ_CP011146.1	FORC13_RS30395	-	2.5e-10	4.4e-10
NZ_CP011146.1	FORC13_RS28180	-	0.0042	0.0047
NZ_CP011146.1	FORC13_RS30395	-	3.7e-38	1.4e-37
NZ_CP011146.1	FORC13_RS28180	-	0.0041	0.0041
NZ_CP011146.1	FORC13_RS28180	-	0.047	0.048
NZ_CP011146.1	FORC13_RS30395	-	1.4e-10	2.4e-10
NZ_CP011146.1	FORC13_RS28180	-	2.1e-06	2.3e-06
NZ_CP011146.1	FORC13_RS30395	-	1.5e-06	2.5e-06
NZ_CP011146.1	FORC13_RS30395	-	0.00017	0.00035
NZ_CP011146.1	FORC13_RS30395	-	5.8e-27	1.6e-17
NZ_CP011146.1	FORC13_RS28180	-	0.054	0.054
NZ_CP011146.1	FORC13_RS30395	-	1.6	26
NZ_CP011146.1	FORC13_RS30395	-	1.4e-78	8.9e-61
NZ_CP011146.1	FORC13_RS28180	-	5.3e-06	5.3e-06
NZ_CP011146.1	FORC13_RS30395	-	2.8e-42	1.8e-39
NZ_CP011146.1	FORC13_RS28180	-	0.0014	0.0014
NZ_CP011146.1	FORC13_RS30395	-	0.05	0.12
NZ_CP011146.1	FORC13_RS28180	-	0.017	0.02
NZ_CP011146.1	FORC13_RS30395	-	8.3e-11	8.3e-11
NZ_CP011146.1	FORC13_RS30395	-	3.3e-15	1.1e-10
NZ_CP011146.1	FORC13_RS30395	-	1.2e-12	2.9e-12
NZ_CP011146.1	FORC13_RS28180	-	0.16	0.19
NZ_CP011146.1	FORC13_RS30395	-	2e-196	2.4e-196
NZ_CP011146.1	FORC13_RS28180	-	3.4e-30	3.6e-30
NZ_CP011146.1	FORC13_RS30395	-	1.2e-08	2e-08
NZ_CP011146.1	FORC13_RS30395	-	3.2e-57	3e-40
NZ_CP011146.1	FORC13_RS30395	-	8.3e-08	2.2e-07
NZ_CP011146.1	FORC13_RS30395	-	2.7e-33	1.6e-19
NZ_CP011146.1	FORC13_RS28180	-	0.044	0.045
NZ_CP011146.1	FORC13_RS28180	-	0.011	0.014
NZ_CP011146.1	FORC13_RS30395	-	7e-31	4.7e-20
NZ_CP011146.1	FORC13_RS30395	-	5.1e-25	8.9e-25
NZ_CP011146.1	FORC13_RS28180	-	0.12	0.14
NZ_CP011146.1	FORC13_RS30395	-	3.4e-25	5.1e-22
NZ_CP011146.1	FORC13_RS30395	-	5.3e-06	9.4e-06
NZ_CP011146.1	FORC13_RS28180	-	0.00074	0.00074
NZ_CP011146.1	FORC13_RS28180	-	0.0024	0.0025
NZ_CP011146.1	FORC13_RS30395	-	1.2e-19	1.4e-19
NZ_CP011146.1	FORC13_RS28180	-	0.00012	0.00013
NZ_CP011146.1	FORC13_RS30395	-	1.4e-36	6.4e-23
NZ_CP011146.1	FORC13_RS30395	-	0.002	0.0032
NZ_CP011146.1	FORC13_RS30395	-	1.8e-68	3.9e-68
NZ_CP011146.1	FORC13_RS28180	-	8.3e-17	9e-17
NZ_CP011146.1	FORC13_RS30395	-	8.2e-46	1.2e-45
NZ_CP011146.1	FORC13_RS28180	-	0.0078	0.0078
NZ_CP011146.1	FORC13_RS30395	-	1.1e-60	1.5e-60
NZ_CP011146.1	FORC13_RS28180	-	6.6e-06	6.8e-06
NZ_CP011146.1	FORC13_RS28180	-	0.013	0.013
NZ_CP011146.1	FORC13_RS30395	-	5.3e-10	1.1e-09
NZ_CP011146.1	FORC13_RS30395	-	1.4e-33	9.7e-32
NZ_CP011146.1	FORC13_RS30395	-	4.8e-09	6.3e-09
NZ_CP011146.1	FORC13_RS30395	-	5e-13	9.5e-13
NZ_CP011146.1	FORC13_RS30395	-	3.5e-58	6.2e-58
NZ_CP011146.1	FORC13_RS30395	-	4.4e-52	3.4e-51
NZ_CP011146.1	FORC13_RS28180	-	5.3e-07	5.4e-07
NC_018499.1	BCK_RS27865	WP_001144361.1	0.067	0.31
NC_018492.1	BCK_RS27300	WP_000130612.1	0.044	0.091
NC_018492.1	BCK_RS27240	WP_000796701.1	0.12	0.17
NC_018492.1	BCK_RS27300	WP_000130612.1	0.19	0.45
CP045608.2	GE376_30950	QFY03585.1	0.17	0.37
CP045607.2	GE376_29120	QFY03263.1	6.5e-05	0.0001
CP045607.2	GE376_30645	-	6e-11	8e-11
CP045607.2	GE376_30635	QFY03503.1	4.2e-11	6.3e-11
CP045607.2	GE376_30645	-	0.00011	0.00014
CP045607.2	GE376_30050	QFY03411.1	0.22	0.56
CP045607.2	GE376_30645	-	0.00012	0.00015
CP045607.2	GE376_30635	QFY03503.1	0.00054	0.00073
CP045607.2	GE376_29120	QFY03263.1	0.0012	0.0021
CP045607.2	GE376_30645	-	8.3e-05	0.00012
CP045607.2	GE376_30645	-	1.9e-06	2.3e-06
CP045607.2	GE376_30645	-	5e-14	6.4e-14
CP045607.2	GE376_29120	QFY03263.1	0.22	0.51
CP045607.2	GE376_30645	-	0.1	0.14
CP045607.2	GE376_30645	-	0.00011	0.00014
CP045607.2	GE376_30645	-	2e-49	2.5e-49
CP045607.2	GE376_30645	-	0.00021	0.00029
CP045607.2	GE376_30635	QFY03503.1	0.011	0.014
CP045607.2	GE376_30635	QFY03503.1	7.3e-07	1.2e-06
CP045607.2	GE376_30635	QFY03503.1	2.9e-07	3.6e-07
CP045607.2	GE376_30645	-	1.2e-14	1.6e-14
CP045607.2	GE376_30645	-	1.5e-11	2.1e-11
CP045607.2	GE376_30645	-	2.7e-07	3.6e-07
CP045607.2	GE376_30645	-	0.00051	0.0007
CP045607.2	GE376_30645	-	5.5e-12	7e-12
CP045607.2	GE376_29120	QFY03263.1	0.014	0.022
CP045607.2	GE376_30645	-	4e-11	5.4e-11
CP045607.2	GE376_30645	-	4.9e-05	7.1e-05
CP045607.2	GE376_30645	-	0.00019	0.00024
CP045607.2	GE376_30635	QFY03503.1	7e-32	7.8e-32
CP045607.2	GE376_30645	-	1.9e-10	2.8e-10
CP045607.2	GE376_30645	-	3.3e-20	4.2e-20
CP045607.2	GE376_30645	-	2e-13	2.6e-13
NZ_CP015730.1	DA68_RS27760	WP_025966416.1	0.028	0.058
NZ_CP015730.1	DA68_RS27765	WP_000151002.1	0.041	0.041
NZ_CP015728.1	DA68_RS26680	WP_000062322.1	3.1e-06	2.3e-05
NZ_CP015728.1	DA68_RS26680	WP_000062322.1	1.1e-13	1.3e-12
NZ_CP015728.1	DA68_RS26675	WP_000810413.1	0.0028	0.0028
NZ_CP015728.1	DA68_RS26680	WP_000062322.1	0.0002	0.0016
NZ_CP015728.1	DA68_RS26680	WP_000062322.1	0.00018	0.0023
NZ_CP015728.1	DA68_RS26675	WP_000810413.1	0.085	0.039
NZ_CP015728.1	DA68_RS26680	WP_000062322.1	1.3e-148	1.7e-148
NZ_CP015728.1	DA68_RS26675	WP_000810413.1	2.1e-67	5.9e-59
NZ_CP015728.1	DA68_RS26680	WP_000062322.1	3.7e-30	5.6e-30
NZ_CP015728.1	DA68_RS26680	WP_000062322.1	0.00012	0.00086
NZ_CP015728.1	DA68_RS26680	WP_000062322.1	1.8e-08	0.00014
NZ_CP015728.1	DA68_RS26675	WP_000810413.1	1	5.4
NZ_CP015728.1	DA68_RS26680	WP_000062322.1	6.8e-33	1.1e-32
NZ_CP015728.1	DA68_RS26680	WP_000062322.1	2.8e-36	8.4e-36
NZ_CP015728.1	DA68_RS26675	WP_000810413.1	5.2e-14	5.2e-14
NZ_CP015728.1	DA68_RS26680	WP_000062322.1	2.7e-132	3.1e-132
NZ_CP015728.1	DA68_RS26680	WP_000062322.1	2e-131	2.5e-131
NC_014332.1	BACI_RS28320	WP_000335298.1	0.08	0.11
NC_014333.1	BACI_RS28735	WP_000451647.1	0.00013	0.00013
NC_014333.1	BACI_RS28735	WP_000451647.1	2.3e-05	2.3e-05
NC_014333.1	BACI_RS28745	WP_000729195.1	0.67	0.75
NC_014333.1	BACI_RS28735	WP_000451647.1	1.3e-08	5.9e-06
NC_014333.1	BACI_RS28670	WP_000729196.1	0.42	0.47
NC_014333.1	BACI_RS28745	WP_000729195.1	0.73	0.84
NC_011973.1	BCQ_RS27010	WP_000130610.1	0.044	0.1
NC_011973.1	BCQ_RS28025	WP_000796701.1	0.12	0.17
NC_011973.1	BCQ_RS28000	WP_000447313.1	0.24	0.39
NC_011973.1	BCQ_RS27435	WP_000081047.1	0.064	0.085
NC_011973.1	BCQ_RS27010	WP_000130610.1	0.19	0.46
NC_011971.1	BCQ_RS28240	WP_000038939.1	1.6e-09	1.9e-07
NC_011971.1	BCQ_RS28240	WP_000038939.1	0.00014	0.00099
NC_011971.1	BCQ_RS28245	WP_000113805.1	2.1e-18	4.6e-17
NC_011971.1	BCQ_RS28240	WP_000038939.1	5.6e-07	3.7e-06
NC_011971.1	BCQ_RS28240	WP_000038939.1	8.2e-26	1.4e-25
NC_011971.1	BCQ_RS28240	WP_000038939.1	5.1e-45	6.8e-45
NC_011971.1	BCQ_RS28240	WP_000038939.1	4.2e-27	6.1e-27
NC_011971.1	BCQ_RS28245	WP_000113805.1	4.1e-05	6.5e-05
NC_011971.1	BCQ_RS28240	WP_000038939.1	0.00019	0.0054
NC_011971.1	BCQ_RS28235	WP_001280901.1	0.00032	0.8
NC_011971.1	BCQ_RS28180	WP_000879071.1	1e-11	3.4e-10
NC_011971.1	BCQ_RS28235	WP_001280901.1	1.6e-29	1.6e-27
NC_011971.1	BCQ_RS28245	WP_000113805.1	5.6e-107	4.7e-105
NC_011971.1	BCQ_RS28240	WP_000038939.1	4.3e-157	5.1e-157
NC_011971.1	BCQ_RS28240	WP_000038939.1	1.8e-07	6.8e-07
NC_011971.1	BCQ_RS28180	WP_000879071.1	8.5e-29	2.9e-23
NC_011971.1	BCQ_RS28225	WP_000540222.1	4.6e-112	5.2e-112
NC_011971.1	BCQ_RS28240	WP_000038939.1	7.5e-16	1.1e-15
NC_011971.1	BCQ_RS28240	WP_000038939.1	3.6e-20	1.1e-18
NC_011971.1	BCQ_RS28240	WP_000038939.1	1.5e-18	2.7e-11
NC_011971.1	BCQ_RS28245	WP_000113805.1	7.9e-39	9.8e-39
NC_011971.1	BCQ_RS28180	WP_000879071.1	7.9e-26	1.3e-20
NC_011971.1	BCQ_RS28240	WP_000038939.1	5.2e-23	6.9e-23
NC_011971.1	BCQ_RS28240	WP_000038939.1	2.8e-31	4e-31
NC_011971.1	BCQ_RS28240	WP_000038939.1	4.5e-14	6.7e-14
NC_011971.1	BCQ_RS28240	WP_000038939.1	0.0021	0.0033
NC_011971.1	BCQ_RS28240	WP_000038939.1	8.5e-16	1.2e-15
NC_011971.1	BCQ_RS28240	WP_000038939.1	2.4e-99	3.1e-99
NZ_CP042928.1	FED50_RS00180	WP_000182857.1	0.052	0.11
NZ_CP042928.1	FED50_RS00180	WP_000182857.1	0.32	0.67
CP042875.1	FRY47_28705	QEF20280.1	0.025	0.03
CP042875.1	FRY47_28875	QEF20306.1	0.026	0.035
CP042875.1	FRY47_28800	QEF20293.1	0.06	0.088
NZ_LOJQ01000131.1	B5C12_RS30555	WP_001056458.1	0.078	0.12
NZ_LOJQ01000126.1	B5C12_RS29235	WP_000182857.1	0.052	0.11
NZ_LOJQ01000126.1	B5C12_RS29235	WP_000182857.1	0.32	0.67
NZ_LYVD01000051.1	A9L49_RS30990	WP_139062926.1	0.0014	0.0067
NZ_LYVD01000047.1	A9L49_RS30635	WP_065230151.1	0.0012	0.0021
NZ_LYVD01000047.1	A9L49_RS30635	WP_065230151.1	0.053	0.1
NZ_LYVD01000031.1	A9L49_RS28350	WP_080478037.1	0.0033	0.01
NZ_LYVD01000026.1	A9L49_RS32865	-	0.15	0.18
NZ_LYVD01000026.1	A9L49_RS32865	-	0.04	0.048
NZ_LYVD01000026.1	A9L49_RS32865	-	1.6e-05	1.9e-05
NZ_LYVD01000026.1	A9L49_RS32865	-	0.0022	0.0025
NZ_LYVD01000026.1	A9L49_RS32865	-	4.3e-05	5.2e-05
NZ_LYVD01000026.1	A9L49_RS32865	-	0.018	0.024
NZ_LYVD01000026.1	A9L49_RS32865	-	9.1e-12	9.7e-12
NZ_LYVD01000026.1	A9L49_RS32865	-	2e-06	2.1e-06
NZ_LYVD01000026.1	A9L49_RS32865	-	2.7e-34	3e-34
NZ_LYVD01000026.1	A9L49_RS32865	-	6.2e-05	7.3e-05
NZ_LYVD01000026.1	A9L49_RS27965	WP_065229839.1	0.017	0.022
NZ_LYVD01000026.1	A9L49_RS32865	-	0.0013	0.0016
NZ_LYVD01000026.1	A9L49_RS32865	-	2e-05	2.3e-05
NZ_LYVD01000026.1	A9L49_RS32865	-	1.5e-17	1.7e-17
NZ_LYVD01000026.1	A9L49_RS32865	-	6.3e-06	6.8e-06
NZ_LYVD01000026.1	A9L49_RS32865	-	2.1e-08	2.8e-08
NZ_LYVD01000026.1	A9L49_RS32865	-	6.8e-09	7.8e-09
NZ_ABDA02000035.1	BCAH1134_RS27940	WP_000245880.1	0.039	3
NZ_ABDA02000035.1	BCAH1134_RS29210	-	4.2e-33	5.1e-33
NZ_ABDA02000035.1	BCAH1134_RS32655	-	0.00043	0.00055
NZ_ABDA02000035.1	BCAH1134_RS28030	WP_001056471.1	0.015	0.039
PHQW02000016.1	CR195_028550	PYD94760.1	0.13	0.19
CP016597.1	BA204_28015	ASJ51935.1	3.6e-06	2.7e-05
CP016597.1	BA204_28015	ASJ51935.1	1.1e-13	1.3e-12
CP016597.1	BA204_28020	ASJ51898.1	0.0028	0.0028
CP016597.1	BA204_28015	ASJ51935.1	0.00019	0.0016
CP016597.1	BA204_28015	ASJ51935.1	0.00018	0.0022
CP016597.1	BA204_28020	ASJ51898.1	0.085	0.039
CP016597.1	BA204_28015	ASJ51935.1	1.3e-148	1.6e-148
CP016597.1	BA204_27955	ASJ51888.1	4.4e-07	4.4e-07
CP016597.1	BA204_28020	ASJ51898.1	2.1e-67	5.9e-59
CP016597.1	BA204_28015	ASJ51935.1	3.9e-30	5.5e-30
CP016597.1	BA204_27955	ASJ51888.1	1.4e-09	1.4e-09
CP016597.1	BA204_28015	ASJ51935.1	0.00012	0.00085
CP016597.1	BA204_28015	ASJ51935.1	1.8e-08	0.00014
CP016597.1	BA204_28020	ASJ51898.1	1	5.4
CP016597.1	BA204_28015	ASJ51935.1	6.8e-33	1.1e-32
CP016597.1	BA204_28015	ASJ51935.1	2.8e-36	8.3e-36
CP016597.1	BA204_28020	ASJ51898.1	5.2e-14	5.2e-14
CP016597.1	BA204_27955	ASJ51888.1	1.3e-12	1.3e-12
CP016597.1	BA204_28015	ASJ51935.1	7.7e-132	8.7e-132
CP016597.1	BA204_28015	ASJ51935.1	2.9e-131	3.7e-131
CP020939.1	B2J90_29525	ARO21552.1	8.6e-132	9.7e-132
CP020939.1	B2J90_29525	ARO21552.1	4.5e-14	4.5e-14
CP020939.1	B2J90_29870	ARO21616.1	0.098	0.14
CP020939.1	B2J90_29525	ARO21552.1	1.5e-09	5.5e-09
CP020939.1	B2J90_29870	ARO21616.1	0.0071	0.014
CP020939.1	B2J90_29520	ARO21617.1	2.9e-10	3.5e-10
CP020939.1	B2J90_29870	ARO21616.1	5.5e-05	6.6e-05
CP020939.1	B2J90_29525	ARO21552.1	0.0059	0.015
CP020939.1	B2J90_29790	ARO21601.1	0.00051	0.00051
CP020939.1	B2J90_29525	ARO21552.1	7e-24	5.9e-23
CP020939.1	B2J90_29870	ARO21616.1	2.8e-07	3.5e-07
CP020939.1	B2J90_29520	ARO21617.1	2.5e-06	3.5e-06
CP020939.1	B2J90_29790	ARO21601.1	8.6e-25	1e-13
CP020939.1	B2J90_29525	ARO21552.1	2e-07	6e-07
CP020939.1	B2J90_29525	ARO21552.1	3.5e-16	4.7e-15
CP020939.1	B2J90_29520	ARO21617.1	0.066	0.12
CP020939.1	B2J90_29520	ARO21617.1	7.2e-07	8.9e-07
CP020939.1	B2J90_29525	ARO21552.1	3.5e-19	3.5e-19
CP020939.1	B2J90_29790	ARO21601.1	3.5e-30	2.5e-18
CP020939.1	B2J90_29525	ARO21552.1	4.8e-28	1.1e-27
CP020939.1	B2J90_29520	ARO21617.1	7e-77	8.1e-77
CP020939.1	B2J90_29870	ARO21616.1	3.8e-39	4.2e-39
CP020939.1	B2J90_29520	ARO21617.1	0.00036	0.00055
CP020939.1	B2J90_29520	ARO21617.1	0.0099	0.014
CP020938.1	B2J90_29375	ARO21507.1	0.00023	0.0075
CP020938.1	B2J90_29375	ARO21507.1	1.1	3.9
CP020938.1	B2J90_29375	ARO21507.1	0.0029	0.074
CP020938.1	B2J90_29375	ARO21507.1	0.11	0.2
CP020938.1	B2J90_28730	ARO21404.1	0.081	0.16
CP020938.1	B2J90_29375	ARO21507.1	1.8e-09	1.1e-06
CP020938.1	B2J90_29375	ARO21507.1	0.0029	0.0045
CP020938.1	B2J90_29150	ARO21464.1	0.011	96
CP020938.1	B2J90_29375	ARO21507.1	0.022	0.032
CP020938.1	B2J90_29375	ARO21507.1	0.0077	0.053
CP020938.1	B2J90_29190	ARO21471.1	0.22	0.23
CP020938.1	B2J90_29245	ARO21482.1	0.36	0.39
CP020938.1	B2J90_29375	ARO21507.1	0.0088	0.013
CP020938.1	B2J90_29375	ARO21507.1	2.9e-08	6.1e-07
CP020938.1	B2J90_29375	ARO21507.1	7.5e-10	7.9e-07
CP020938.1	B2J90_29375	ARO21507.1	0.015	0.025
CP014487.1	FORC21_5389	AQQ66184.1	4.3e-05	8e-05
CP014487.1	FORC21_5389	AQQ66184.1	9.7e-13	4.3e-12
CP014487.1	FORC21_5388	AQQ66183.1	6e-28	6e-28
CP014487.1	FORC21_5389	AQQ66184.1	0.00068	0.0033
CP014487.1	FORC21_5389	AQQ66184.1	3.2e-05	0.0006
CP014487.1	FORC21_5388	AQQ66183.1	0.0049	0.0091
CP014487.1	FORC21_5389	AQQ66184.1	2.6e-148	3.1e-148
CP014487.1	FORC21_5388	AQQ66183.1	1.8e-83	4.9e-56
CP014487.1	FORC21_5389	AQQ66184.1	5.1e-27	7.8e-27
CP014487.1	FORC21_5389	AQQ66184.1	0.00022	0.00063
CP014487.1	FORC21_5389	AQQ66184.1	3.7e-08	0.00041
CP014487.1	FORC21_5389	AQQ66184.1	7e-30	1.1e-29
CP014487.1	FORC21_5389	AQQ66184.1	1.6e-34	3.3e-34
CP014487.1	FORC21_5388	AQQ66183.1	3e-37	3e-37
CP014487.1	FORC21_5389	AQQ66184.1	1.8e-130	2.1e-130
CP014487.1	FORC21_5389	AQQ66184.1	1.7e-132	2.3e-132
CP009606.1	BF33_5571	AJK37562.1	0.11	0.21
CP009606.1	BF33_5590	AJK37365.1	0.46	0.78
CP009606.1	BF33_5576	AJK37492.1	0.085	0.17
CP009603.1	BF33_5784	AJK31990.1	2.3e-12	9.2e-12
CP009603.1	BF33_5783	AJK31955.1	8.2e-15	1.3e-08
CP009603.1	BF33_5784	AJK31990.1	2.3e-07	0.0003
CP009603.1	BF33_5783	AJK31955.1	0.0033	0.0033
CP009603.1	BF33_5784	AJK31990.1	4.5e-61	5.3e-61
CP009603.1	BF33_5785	AJK31989.1	0.0002	0.00089
CP009603.1	BF33_5797	AJK31928.1	4.3e-13	3.2e-12
CP009603.1	BF33_5785	AJK31989.1	5e-106	6.4e-106
CP009603.1	BF33_5783	AJK31955.1	4.4e-56	1.7e-54
CP009603.1	BF33_5784	AJK31990.1	5e-34	6.5e-34
CP009603.1	BF33_5797	AJK31928.1	1.4e-22	1.4e-22
CP009603.1	BF33_5787	AJK31968.1	1.1e-122	1.2e-122
CP009603.1	BF33_5784	AJK31990.1	0.00014	0.049
CP009603.1	BF33_5784	AJK31990.1	1.1e-70	1.6e-70
CP009603.1	BF33_5784	AJK31990.1	6.9e-36	1e-35
CP009603.1	BF33_5783	AJK31955.1	6.8e-17	4e-16
CP009603.1	BF33_5797	AJK31928.1	2.5e-27	2.5e-27
CP009603.1	BF33_5784	AJK31990.1	1.5e-140	2e-140
CP009603.1	BF33_5784	AJK31990.1	4.7e-17	6.8e-17
CP009603.1	BF33_5784	AJK31990.1	2.8e-10	8.4e-10
CP009967.1	BF28_5689	AJI26071.1	0.19	0.23
CP009967.1	BF28_5681	AJI26393.1	0.23	0.39
CP009967.1	BF28_5487	AJI26270.1	0.066	0.099
CP009967.1	BF28_5799	AJI26051.1	0.17	0.19
CP009967.1	BF28_5799	AJI26051.1	0.18	0.21
CP009967.1	BF28_5661	AJI26272.1	0.02	3.8
CP009638.1	AK40_6152	AJI08680.1	3.3e-13	1.4e-12
CP009638.1	AK40_6155	AJI08655.1	2.1e-12	1.1e-06
CP009638.1	AK40_6152	AJI08680.1	5.9e-05	0.15
CP009638.1	AK40_6152	AJI08680.1	0.0064	0.012
CP009638.1	AK40_6155	AJI08655.1	0.0014	0.0014
CP009638.1	AK40_6152	AJI08680.1	2.4e-43	2.9e-43
CP009638.1	AK40_6154	AJI08643.1	2.4e-06	2.7e-06
CP009638.1	AK40_6151	AJI08608.1	0.0011	0.0043
CP009638.1	AK40_6230	AJI08640.1	5.1e-11	4.4e-09
CP009638.1	AK40_6151	AJI08608.1	5.6e-104	7.2e-104
CP009638.1	AK40_6155	AJI08655.1	3.7e-56	1.7e-53
CP009638.1	AK40_6152	AJI08680.1	2.9e-25	3.6e-25
CP009638.1	AK40_6154	AJI08643.1	0.013	0.017
CP009638.1	AK40_6230	AJI08640.1	8.5e-24	1.3e-23
CP009638.1	AK40_6149	AJI08690.1	1.4e-95	4e-79
CP009638.1	AK40_6152	AJI08680.1	4.9e-73	5.7e-73
CP009638.1	AK40_6152	AJI08680.1	1.6e-29	2.3e-29
CP009638.1	AK40_6155	AJI08655.1	1.9e-15	1e-14
CP009638.1	AK40_6230	AJI08640.1	5.2e-27	5.2e-27
CP009638.1	AK40_6152	AJI08680.1	7.6e-97	9e-97
CP009638.1	AK40_6154	AJI08643.1	2.3e-33	3e-33
CP009638.1	AK40_6152	AJI08680.1	1.7e-12	2.5e-12
CP009638.1	AK40_6152	AJI08680.1	1.2e-09	7.1e-09
CP009627.1	BF35_5472	AJH71605.1	0.058	0.29
CP009589.1	AQ16_5898	AJI02677.1	7.6e-132	8.6e-132
CP009589.1	AQ16_5898	AJI02677.1	4.5e-14	4.5e-14
CP009589.1	AQ16_5898	AJI02677.1	1.3e-09	4.6e-09
CP009589.1	AQ16_5899	AJI02623.1	0.00023	0.053
CP009589.1	AQ16_5898	AJI02677.1	0.007	0.01
CP009589.1	AQ16_5899	AJI02623.1	9.3e-18	1.3e-17
CP009589.1	AQ16_5898	AJI02677.1	0.0059	0.015
CP009589.1	AQ16_5834	AJI02693.1	1.9e-09	0.00015
CP009589.1	AQ16_5898	AJI02677.1	4.1e-24	3.1e-23
CP009589.1	AQ16_5899	AJI02623.1	3.4e-18	4.9e-18
CP009589.1	AQ16_5834	AJI02693.1	4.5e-26	3e-13
CP009589.1	AQ16_5898	AJI02677.1	2.1e-07	6e-07
CP009589.1	AQ16_5898	AJI02677.1	1.9e-16	4.6e-15
CP009589.1	AQ16_5899	AJI02623.1	4.3e-08	6e-08
CP009589.1	AQ16_5899	AJI02623.1	1.1e-11	3.5e-11
CP009589.1	AQ16_5898	AJI02677.1	2.2e-19	2.2e-19
CP009589.1	AQ16_5834	AJI02693.1	8.6e-30	1.1e-17
CP009589.1	AQ16_5898	AJI02677.1	4.9e-28	1.1e-27
CP009589.1	AQ16_5899	AJI02623.1	1e-120	1.2e-120
CP009589.1	AQ16_5899	AJI02623.1	0.00073	0.0013
CP009589.1	AQ16_5899	AJI02623.1	4.1e-05	0.00093
CP009368.1	BG03_5667	AJG91242.1	0.16	0.24
CP009939.1	NT98_5948	AIY72801.1	7.6e-132	8.6e-132
CP009939.1	NT98_5948	AIY72801.1	4.5e-14	4.5e-14
CP009939.1	NT98_5948	AIY72801.1	1.3e-09	4.6e-09
CP009939.1	NT98_5947	AIY72837.1	0.00023	0.053
CP009939.1	NT98_5948	AIY72801.1	0.007	0.01
CP009939.1	NT98_5947	AIY72837.1	9.3e-18	1.3e-17
CP009939.1	NT98_5948	AIY72801.1	0.0059	0.015
CP009939.1	NT98_5930	AIY72826.1	1.9e-09	0.00015
CP009939.1	NT98_5948	AIY72801.1	4.1e-24	3.1e-23
CP009939.1	NT98_5947	AIY72837.1	3.4e-18	4.9e-18
CP009939.1	NT98_5930	AIY72826.1	4.5e-26	3e-13
CP009939.1	NT98_5948	AIY72801.1	2.1e-07	6e-07
CP009939.1	NT98_5948	AIY72801.1	1.9e-16	4.6e-15
CP009939.1	NT98_5947	AIY72837.1	4.3e-08	6e-08
CP009939.1	NT98_5947	AIY72837.1	1.1e-11	3.5e-11
CP009939.1	NT98_5948	AIY72801.1	2.2e-19	2.2e-19
CP009939.1	NT98_5930	AIY72826.1	8.6e-30	1.1e-17
CP009939.1	NT98_5948	AIY72801.1	4.9e-28	1.1e-27
CP009939.1	NT98_5947	AIY72837.1	1e-120	1.2e-120
CP009939.1	NT98_5947	AIY72837.1	0.00073	0.0013
CP009939.1	NT98_5947	AIY72837.1	4.1e-05	0.00093
CP003750.1	BCK_27638	AFQ13335.1	0.067	0.31
CP003188.1	bcf_27975	AEW58684.1	3.1e-12	1.2e-11
CP003188.1	bcf_27980	AEW58685.1	2.1e-12	1.1e-06
CP003188.1	bcf_27975	AEW58684.1	0.016	0.027
CP003188.1	bcf_27980	AEW58685.1	0.0014	0.0014
CP003188.1	bcf_27975	AEW58684.1	2.2e-61	2.9e-61
CP003188.1	bcf_27970	AEW58683.1	0.00078	0.0031
CP003188.1	bcf_27905	AEW58670.1	3.5e-12	7.1e-12
CP003188.1	bcf_27970	AEW58683.1	4.1e-104	5.1e-104
CP003188.1	bcf_27980	AEW58685.1	3.7e-56	1.7e-53
CP003188.1	bcf_27975	AEW58684.1	5.7e-32	7.4e-32
CP003188.1	bcf_27905	AEW58670.1	7.2e-24	7.2e-24
CP003188.1	bcf_27960	AEW58681.1	1.4e-95	4e-79
CP003188.1	bcf_27975	AEW58684.1	4.5e-72	6.5e-72
CP003188.1	bcf_27975	AEW58684.1	4.1e-33	6e-33
CP003188.1	bcf_27980	AEW58685.1	1.9e-15	1e-14
CP003188.1	bcf_27905	AEW58670.1	1.8e-27	1.8e-27
CP003188.1	bcf_27975	AEW58684.1	5.3e-144	6.9e-144
CP003188.1	bcf_27790	AEW58647.1	0.11	13
CP003188.1	bcf_27975	AEW58684.1	8.3e-16	1.3e-15
CP003188.1	bcf_27975	AEW58684.1	1.1e-09	3.5e-09
CP001749.1	BACI_pBAslCI1400190	ADK08370.1	0.00013	0.00013
CP001749.1	BACI_pBAslCI1400190	ADK08370.1	2.3e-05	2.3e-05
CP001749.1	BACI_pBAslCI1400220	ADK08372.1	0.67	0.75
CP001749.1	BACI_pBAslCI1400190	ADK08370.1	1.3e-08	5.9e-06
CP001749.1	BACI_pBAslCI1400010	ADK08355.1	0.42	0.47
CP001749.1	BACI_pBAslCI1400220	ADK08372.1	0.73	0.84
LYVD01000026.1	A9L49_28220	OBW85357.1	0.017	0.022
LYVD01000031.1	A9L49_28600	OBW85224.1	0.0032	0.0099
LYVD01000051.1	A9L49_27665	OBW84732.1	0.0013	0.0064
LYVD01000051.1	A9L49_27665	OBW84732.1	0.12	0.19
CP015728.1	DA68_27810	ANE89252.1	3.6e-06	2.7e-05
CP015728.1	DA68_27810	ANE89252.1	1.1e-13	1.3e-12
CP015728.1	DA68_27805	ANE89187.1	0.0028	0.0028
CP015728.1	DA68_27810	ANE89252.1	0.00019	0.0016
CP015728.1	DA68_27810	ANE89252.1	0.00018	0.0022
CP015728.1	DA68_27805	ANE89187.1	0.085	0.039
CP015728.1	DA68_27810	ANE89252.1	1.3e-148	1.6e-148
CP015728.1	DA68_27875	ANE89199.1	1.2e-08	2.9e-08
CP015728.1	DA68_27805	ANE89187.1	2.1e-67	5.9e-59
CP015728.1	DA68_27810	ANE89252.1	3.9e-30	5.5e-30
CP015728.1	DA68_27875	ANE89199.1	6.3e-10	8.6e-10
CP015728.1	DA68_27810	ANE89252.1	0.00012	0.00085
CP015728.1	DA68_27810	ANE89252.1	1.8e-08	0.00014
CP015728.1	DA68_27805	ANE89187.1	1	5.4
CP015728.1	DA68_27810	ANE89252.1	6.8e-33	1.1e-32
CP015728.1	DA68_27810	ANE89252.1	2.8e-36	8.3e-36
CP015728.1	DA68_27805	ANE89187.1	5.2e-14	5.2e-14
CP015728.1	DA68_27875	ANE89199.1	2.5e-12	3e-12
CP015728.1	DA68_27810	ANE89252.1	7.7e-132	8.7e-132
CP015728.1	DA68_27810	ANE89252.1	2.9e-131	3.7e-131
CP011157.1	WR52_30245	ANC22995.1	0.095	2.5
CP011156.1	WR52_29275	ANC22811.1	0.072	0.072
CP011156.1	WR52_29680	ANC22880.1	0.017	0.023
CP011156.1	WR52_29725	ANC22888.1	0.051	0.1
CP011156.1	WR52_28000	ANC22608.1	0.069	0.12
CP011146.1	FORC13_p030	ALZ64515.1	0.0012	0.0013
CP011146.1	FORC13_p033	ALZ64518.1	0.13	0.24
CP011146.1	FORC13_p029	ALZ64514.1	2.8e-14	3.5e-14
CP011146.1	FORC13_p030	ALZ64515.1	2.6e-07	3e-07
CP011146.1	FORC13_p031	ALZ64516.1	4.7e-05	6.6e-05
CP011146.1	FORC13_p033	ALZ64518.1	0.0039	0.0043
CP011146.1	FORC13_p031	ALZ64516.1	0.00035	0.00036
CP011146.1	FORC13_p030	ALZ64515.1	2e-10	2.1e-10
CP011146.1	FORC13_p029	ALZ64514.1	6.4e-07	7e-07
CP011146.1	FORC13_p031	ALZ64516.1	0.0017	0.002
CP011146.1	FORC13_p030	ALZ64515.1	6e-10	6.4e-10
CP011146.1	FORC13_p031	ALZ64516.1	2.9e-09	3.5e-09
CP011146.1	FORC13_p033	ALZ64518.1	0.013	0.014
CP011146.1	FORC13_p031	ALZ64516.1	9e-10	1e-09
CP011146.1	FORC13_p033	ALZ64518.1	0.0029	0.0034
CP011146.1	FORC13_p029	ALZ64514.1	8.7e-09	9.8e-09
CP011146.1	FORC13_p030	ALZ64515.1	9.3e-09	9.9e-09
CP011146.1	FORC13_p031	ALZ64516.1	3e-08	3.6e-08
CP011146.1	FORC13_p033	ALZ64518.1	0.00096	0.00096
CP011146.1	FORC13_p033	ALZ64518.1	0.038	0.041
CP011146.1	FORC13_p031	ALZ64516.1	8.2e-08	9e-08
CP011146.1	FORC13_p033	ALZ64518.1	1.4e-06	1.4e-06
CP011146.1	FORC13_p030	ALZ64515.1	0.0017	0.002
CP011146.1	FORC13_p029	ALZ64514.1	2e-05	3e-05
CP011146.1	FORC13_p029	ALZ64514.1	6.8e-09	7.7e-09
CP011146.1	FORC13_p030	ALZ64515.1	9.1e-08	9.4e-08
CP011146.1	FORC13_p033	ALZ64518.1	0.038	0.038
CP011146.1	FORC13_p030	ALZ64515.1	1.8e-25	1.9e-25
CP011146.1	FORC13_p029	ALZ64514.1	3.8e-17	4.6e-17
CP011146.1	FORC13_p031	ALZ64516.1	1.8e-15	2.2e-15
CP011146.1	FORC13_p033	ALZ64518.1	3.6e-06	3.9e-06
CP011146.1	FORC13_p030	ALZ64515.1	0.078	0.091
CP011146.1	FORC13_p030	ALZ64515.1	2.1e-14	2.4e-14
CP011146.1	FORC13_p031	ALZ64516.1	4.9e-13	5.5e-13
CP011146.1	FORC13_p033	ALZ64518.1	0.00062	0.00064
CP011146.1	FORC13_p033	ALZ64518.1	0.018	0.021
CP011146.1	FORC13_p031	ALZ64516.1	1.3e-05	1.5e-05
CP011146.1	FORC13_p030	ALZ64515.1	0.00012	0.00013
CP011146.1	FORC13_p029	ALZ64514.1	0.051	0.064
CP011146.1	FORC13_p031	ALZ64516.1	3.9e-05	4.4e-05
CP011146.1	FORC13_p029	ALZ64514.1	1.2e-48	1.4e-48
CP011146.1	FORC13_p030	ALZ64515.1	1.7e-47	1.9e-47
CP011146.1	FORC13_p031	ALZ64516.1	2.6e-39	2.7e-39
CP011146.1	FORC13_p033	ALZ64518.1	2.1e-30	2.4e-30
CP011146.1	FORC13_p029	ALZ64514.1	2.1e-09	2.6e-09
CP011146.1	FORC13_p030	ALZ64515.1	9.5e-17	9.9e-17
CP011146.1	FORC13_p029	ALZ64514.1	2.6e-16	3.3e-16
CP011146.1	FORC13_p031	ALZ64516.1	8.8e-11	9.9e-11
CP011146.1	FORC13_p030	ALZ64515.1	9.7e-05	0.00015
CP011146.1	FORC13_p030	ALZ64515.1	3.5e-15	4e-15
CP011146.1	FORC13_p029	ALZ64514.1	2.8e-13	4.1e-13
CP011146.1	FORC13_p033	ALZ64518.1	0.037	0.041
CP011146.1	FORC13_p031	ALZ64516.1	0.054	0.059
CP011146.1	FORC13_p033	ALZ64518.1	0.013	0.017
CP011146.1	FORC13_p030	ALZ64515.1	1.4e-12	1.4e-12
CP011146.1	FORC13_p029	ALZ64514.1	6.7e-10	9.1e-10
CP011146.1	FORC13_p030	ALZ64515.1	1.1e-13	1.3e-13
CP011146.1	FORC13_p031	ALZ64516.1	0.00019	0.00022
CP011146.1	FORC13_p033	ALZ64518.1	0.14	0.15
CP011146.1	FORC13_p030	ALZ64515.1	2.1e-14	2.4e-14
CP011146.1	FORC13_p031	ALZ64516.1	9.7e-08	1.1e-07
CP011146.1	FORC13_p033	ALZ64518.1	0.00042	0.00042
CP011146.1	FORC13_p033	ALZ64518.1	0.0016	0.0017
CP011146.1	FORC13_p031	ALZ64516.1	3e-10	3.7e-10
CP011146.1	FORC13_p033	ALZ64518.1	3.1e-05	3.3e-05
CP011146.1	FORC13_p030	ALZ64515.1	9.6e-14	9.9e-14
CP011146.1	FORC13_p029	ALZ64514.1	5.9e-12	7.4e-12
CP011146.1	FORC13_p030	ALZ64515.1	0.14	0.15
CP011146.1	FORC13_p031	ALZ64516.1	4.2e-30	4.6e-30
CP011146.1	FORC13_p033	ALZ64518.1	4.3e-17	5e-17
CP011146.1	FORC13_p030	ALZ64515.1	2e-15	2.5e-15
CP011146.1	FORC13_p030	ALZ64515.1	4.3e-21	4.6e-21
CP011146.1	FORC13_p031	ALZ64516.1	9.5e-11	1e-10
CP011146.1	FORC13_p033	ALZ64518.1	0.0047	0.005
CP011146.1	FORC13_p030	ALZ64515.1	2.9e-16	2.9e-16
CP011146.1	FORC13_p029	ALZ64514.1	6.3e-13	6.6e-13
CP011146.1	FORC13_p031	ALZ64516.1	1.7e-11	1.9e-11
CP011146.1	FORC13_p033	ALZ64518.1	1.9e-06	1.9e-06
CP011146.1	FORC13_p033	ALZ64518.1	0.012	0.013
CP011146.1	FORC13_p031	ALZ64516.1	0.024	0.027
CP011146.1	FORC13_p029	ALZ64514.1	9e-11	1.2e-10
CP011146.1	FORC13_p030	ALZ64515.1	2.9e-15	3.1e-15
CP011146.1	FORC13_p031	ALZ64516.1	2.3e-06	2.6e-06
CP011146.1	FORC13_p030	ALZ64515.1	1e-06	1.1e-06
CP011146.1	FORC13_p029	ALZ64514.1	7.1e-14	8.9e-14
CP011146.1	FORC13_p029	ALZ64514.1	8.1e-28	8.1e-28
CP011146.1	FORC13_p030	ALZ64515.1	8.1e-21	9.3e-21
CP011146.1	FORC13_p029	ALZ64514.1	2.5e-13	3.3e-13
CP011146.1	FORC13_p030	ALZ64515.1	6.1e-13	6.4e-13
CP011146.1	FORC13_p031	ALZ64516.1	1.1e-11	1.2e-11
CP011146.1	FORC13_p033	ALZ64518.1	3.7e-07	3.7e-07
CP009595.1	BG11_5702	AJH60189.1	0.11	0.21
CP009595.1	BG11_5721	AJH60174.1	0.46	0.78
CP009595.1	BG11_5707	AJH60285.1	0.085	0.17
CP009594.1	BG11_5821	AJH60131.1	2.3e-12	9.2e-12
CP009594.1	BG11_5820	AJH60088.1	8.2e-15	1.3e-08
CP009594.1	BG11_5821	AJH60131.1	2.3e-07	0.0003
CP009594.1	BG11_5820	AJH60088.1	0.0033	0.0033
CP009594.1	BG11_5821	AJH60131.1	4.5e-61	5.3e-61
CP009594.1	BG11_5822	AJH60151.1	0.0002	0.00089
CP009594.1	BG11_5752	AJH60163.1	1.8e-13	7.6e-13
CP009594.1	BG11_5822	AJH60151.1	5e-106	6.4e-106
CP009594.1	BG11_5820	AJH60088.1	4.4e-56	1.7e-54
CP009594.1	BG11_5821	AJH60131.1	5e-34	6.5e-34
CP009594.1	BG11_5752	AJH60163.1	6.8e-24	2.1e-23
CP009594.1	BG11_5824	AJH60134.1	1.1e-122	1.2e-122
CP009594.1	BG11_5821	AJH60131.1	0.00014	0.049
CP009594.1	BG11_5821	AJH60131.1	1.1e-70	1.6e-70
CP009594.1	BG11_5821	AJH60131.1	6.9e-36	1e-35
CP009594.1	BG11_5820	AJH60088.1	6.8e-17	4e-16
CP009594.1	BG11_5752	AJH60163.1	8.7e-29	7.1e-28
CP009594.1	BG11_5821	AJH60131.1	1.5e-140	2e-140
CP009594.1	BG11_5821	AJH60131.1	4.7e-17	6.8e-17
CP009594.1	BG11_5821	AJH60131.1	2.8e-10	8.4e-10
NC_010924.1	BcAH187_pCER270_0061	YP_001967204.1	0.043	0.086
NC_010924.1	BcAH187_pCER270_0061	YP_001967204.1	0.18	0.46
JPYN01000064.1	IY08_30195	KGT40458.1	0.24	0.56
AAEK01000004.1	BCE_G9241_pBC218_0153	EAL16070.1	0.16	0.23
AAEK01000004.1	BCE_G9241_pBC218_0078	EAL15995.1	0.2	0.29
ABCZ02000100.1	BCW_B0038	EDX54333.1	6.5e-13	2.7e-12
ABCZ02000100.1	BCW_B0037	EDX54251.1	3.8e-11	2.2e-05
ABCZ02000100.1	BCW_B0038	EDX54333.1	7.2e-07	0.0022
ABCZ02000100.1	BCW_B0038	EDX54333.1	0.0047	0.016
ABCZ02000100.1	BCW_B0037	EDX54251.1	0.0069	0.0069
ABCZ02000100.1	BCW_B0038	EDX54333.1	1.4e-60	1.8e-60
ABCZ02000100.1	BCW_B0039	EDX54270.1	0.00039	0.0012
ABCZ02000100.1	BCW_B0051	EDX54249.1	1e-10	3.6e-09
ABCZ02000100.1	BCW_B0039	EDX54270.1	8.8e-104	1e-103
ABCZ02000100.1	BCW_B0037	EDX54251.1	4.9e-69	5.5e-59
ABCZ02000100.1	BCW_B0038	EDX54333.1	5.8e-34	7.8e-34
ABCZ02000100.1	BCW_B0051	EDX54249.1	2.5e-23	2.5e-23
ABCZ02000100.1	BCW_B0041	EDX54266.1	7.6e-95	6.5e-79
ABCZ02000100.1	BCW_B0038	EDX54333.1	1.2e-70	1.7e-70
ABCZ02000100.1	BCW_B0038	EDX54333.1	1.7e-35	2.4e-35
ABCZ02000100.1	BCW_B0037	EDX54251.1	3.2e-16	2.1e-15
ABCZ02000100.1	BCW_B0051	EDX54249.1	4.7e-27	4.7e-27
ABCZ02000100.1	BCW_B0038	EDX54333.1	3e-141	3.9e-141
ABCZ02000100.1	BCW_B0038	EDX54333.1	3.7e-16	5.6e-16
ABCZ02000100.1	BCW_B0038	EDX54333.1	8e-10	6.2e-09
ABDK02000071.1	BC059799_B0047	EDX65305.1	2e-05	3.7e-05
ABDK02000071.1	BC059799_B0047	EDX65305.1	5.9e-13	4.3e-12
ABDK02000071.1	BC059799_B0046	EDX65363.1	0.0034	0.0052
ABDK02000071.1	BC059799_B0047	EDX65305.1	0.002	0.0028
ABDK02000071.1	BC059799_B0047	EDX65305.1	0.00045	0.0035
ABDK02000071.1	BC059799_B0046	EDX65363.1	0.35	0.097
ABDK02000071.1	BC059799_B0047	EDX65305.1	9.8e-149	1.2e-148
ABDK02000071.1	BC059799_B0060	EDX65342.1	2.4e-07	2.4e-07
ABDK02000071.1	BC059799_B0046	EDX65363.1	5.6e-66	2.6e-63
ABDK02000071.1	BC059799_B0047	EDX65305.1	5.6e-28	5.6e-28
ABDK02000071.1	BC059799_B0060	EDX65342.1	2.1e-09	2.1e-09
ABDK02000071.1	BC059799_B0047	EDX65305.1	0.00037	0.0012
ABDK02000071.1	BC059799_B0047	EDX65305.1	1.3e-07	0.00062
ABDK02000071.1	BC059799_B0046	EDX65363.1	2.6	2.7
ABDK02000071.1	BC059799_B0047	EDX65305.1	5.3e-31	8.7e-31
ABDK02000071.1	BC059799_B0047	EDX65305.1	2.3e-35	4.5e-35
ABDK02000071.1	BC059799_B0046	EDX65363.1	1.6e-14	4.2e-14
ABDK02000071.1	BC059799_B0060	EDX65342.1	4.8e-11	4.8e-11
ABDK02000071.1	BC059799_B0047	EDX65305.1	2.5e-130	2.8e-130
ABDK02000071.1	BC059799_B0047	EDX65305.1	2e-132	2.6e-132
